[11:05:06:027] [INFO] - com.lud.util.comm.io.XMLUtil.resolveRootConfigByGroup(XMLUtil.java:85) - 获取XML属性出错
java.lang.NullPointerException: null
	at com.lud.util.comm.io.XMLUtil.resolveRootConfigByGroup(XMLUtil.java:78) ~[lud-util-comm-1.0-SNAPSHOT.jar:?]
	at com.lud.service.core.config.ConfigServiceImp.run(ConfigServiceImp.java:59) ~[classes/:?]
	at sun.reflect.NativeMethodAccessorImpl.invoke0(Native Method) ~[?:1.8.0_192]
	at sun.reflect.NativeMethodAccessorImpl.invoke(NativeMethodAccessorImpl.java:62) ~[?:1.8.0_192]
	at sun.reflect.DelegatingMethodAccessorImpl.invoke(DelegatingMethodAccessorImpl.java:43) ~[?:1.8.0_192]
	at java.lang.reflect.Method.invoke(Method.java:498) ~[?:1.8.0_192]
	at org.springframework.util.ReflectionUtils.invokeMethod(ReflectionUtils.java:279) ~[spring-core-5.2.0.RELEASE.jar:5.2.0.RELEASE]
	at org.springframework.util.ReflectionUtils.invokeMethod(ReflectionUtils.java:263) ~[spring-core-5.2.0.RELEASE.jar:5.2.0.RELEASE]
	at com.lud.util.spring.util.SpringServiceInvoker.lambda$run$0(SpringServiceInvoker.java:86) ~[lud-util-spring-1.0-SNAPSHOT.jar:?]
	at java.util.ArrayList.forEach(ArrayList.java:1257) ~[?:1.8.0_192]
	at com.lud.util.spring.util.SpringServiceInvoker.run(SpringServiceInvoker.java:82) ~[lud-util-spring-1.0-SNAPSHOT.jar:?]
	at com.lud.util.spring.util.SpringPreloadService.runPreload(SpringPreloadService.java:70) ~[lud-util-spring-1.0-SNAPSHOT.jar:?]
	at com.lud.util.spring.util.SpringContextReger.setApplicationContext(SpringContextReger.java:46) ~[lud-util-spring-1.0-SNAPSHOT.jar:?]
	at org.springframework.context.support.ApplicationContextAwareProcessor.invokeAwareInterfaces(ApplicationContextAwareProcessor.java:123) ~[spring-context-5.2.0.RELEASE.jar:5.2.0.RELEASE]
	at org.springframework.context.support.ApplicationContextAwareProcessor.postProcessBeforeInitialization(ApplicationContextAwareProcessor.java:100) ~[spring-context-5.2.0.RELEASE.jar:5.2.0.RELEASE]
	at org.springframework.beans.factory.support.AbstractAutowireCapableBeanFactory.applyBeanPostProcessorsBeforeInitialization(AbstractAutowireCapableBeanFactory.java:416) ~[spring-beans-5.2.0.RELEASE.jar:5.2.0.RELEASE]
	at org.springframework.beans.factory.support.AbstractAutowireCapableBeanFactory.initializeBean(AbstractAutowireCapableBeanFactory.java:1795) ~[spring-beans-5.2.0.RELEASE.jar:5.2.0.RELEASE]
	at org.springframework.beans.factory.support.AbstractAutowireCapableBeanFactory.doCreateBean(AbstractAutowireCapableBeanFactory.java:595) ~[spring-beans-5.2.0.RELEASE.jar:5.2.0.RELEASE]
	at org.springframework.beans.factory.support.AbstractAutowireCapableBeanFactory.createBean(AbstractAutowireCapableBeanFactory.java:517) ~[spring-beans-5.2.0.RELEASE.jar:5.2.0.RELEASE]
	at org.springframework.beans.factory.support.AbstractBeanFactory.lambda$doGetBean$0(AbstractBeanFactory.java:323) ~[spring-beans-5.2.0.RELEASE.jar:5.2.0.RELEASE]
	at org.springframework.beans.factory.support.DefaultSingletonBeanRegistry.getSingleton(DefaultSingletonBeanRegistry.java:222) [spring-beans-5.2.0.RELEASE.jar:5.2.0.RELEASE]
	at org.springframework.beans.factory.support.AbstractBeanFactory.doGetBean(AbstractBeanFactory.java:321) [spring-beans-5.2.0.RELEASE.jar:5.2.0.RELEASE]
	at org.springframework.beans.factory.support.AbstractBeanFactory.getBean(AbstractBeanFactory.java:202) [spring-beans-5.2.0.RELEASE.jar:5.2.0.RELEASE]
	at org.springframework.beans.factory.support.DefaultListableBeanFactory.preInstantiateSingletons(DefaultListableBeanFactory.java:879) [spring-beans-5.2.0.RELEASE.jar:5.2.0.RELEASE]
	at org.springframework.context.support.AbstractApplicationContext.finishBeanFactoryInitialization(AbstractApplicationContext.java:878) [spring-context-5.2.0.RELEASE.jar:5.2.0.RELEASE]
	at org.springframework.context.support.AbstractApplicationContext.refresh(AbstractApplicationContext.java:550) [spring-context-5.2.0.RELEASE.jar:5.2.0.RELEASE]
	at org.springframework.test.context.support.AbstractGenericContextLoader.loadContext(AbstractGenericContextLoader.java:128) [spring-test-5.2.0.RELEASE.jar:5.2.0.RELEASE]
	at org.springframework.test.context.support.AbstractGenericContextLoader.loadContext(AbstractGenericContextLoader.java:60) [spring-test-5.2.0.RELEASE.jar:5.2.0.RELEASE]
	at org.springframework.test.context.support.AbstractDelegatingSmartContextLoader.delegateLoading(AbstractDelegatingSmartContextLoader.java:275) [spring-test-5.2.0.RELEASE.jar:5.2.0.RELEASE]
	at org.springframework.test.context.support.AbstractDelegatingSmartContextLoader.loadContext(AbstractDelegatingSmartContextLoader.java:243) [spring-test-5.2.0.RELEASE.jar:5.2.0.RELEASE]
	at org.springframework.test.context.cache.DefaultCacheAwareContextLoaderDelegate.loadContextInternal(DefaultCacheAwareContextLoaderDelegate.java:99) [spring-test-5.2.0.RELEASE.jar:5.2.0.RELEASE]
	at org.springframework.test.context.cache.DefaultCacheAwareContextLoaderDelegate.loadContext(DefaultCacheAwareContextLoaderDelegate.java:124) [spring-test-5.2.0.RELEASE.jar:5.2.0.RELEASE]
	at org.springframework.test.context.support.DefaultTestContext.getApplicationContext(DefaultTestContext.java:123) [spring-test-5.2.0.RELEASE.jar:5.2.0.RELEASE]
	at org.springframework.test.context.support.DependencyInjectionTestExecutionListener.injectDependencies(DependencyInjectionTestExecutionListener.java:118) [spring-test-5.2.0.RELEASE.jar:5.2.0.RELEASE]
	at org.springframework.test.context.support.DependencyInjectionTestExecutionListener.prepareTestInstance(DependencyInjectionTestExecutionListener.java:83) [spring-test-5.2.0.RELEASE.jar:5.2.0.RELEASE]
	at org.springframework.test.context.TestContextManager.prepareTestInstance(TestContextManager.java:244) [spring-test-5.2.0.RELEASE.jar:5.2.0.RELEASE]
	at org.springframework.test.context.junit4.SpringJUnit4ClassRunner.createTest(SpringJUnit4ClassRunner.java:227) [spring-test-5.2.0.RELEASE.jar:5.2.0.RELEASE]
	at org.springframework.test.context.junit4.SpringJUnit4ClassRunner$1.runReflectiveCall(SpringJUnit4ClassRunner.java:289) [spring-test-5.2.0.RELEASE.jar:5.2.0.RELEASE]
	at org.junit.internal.runners.model.ReflectiveCallable.run(ReflectiveCallable.java:12) [junit-4.12.jar:4.12]
	at org.springframework.test.context.junit4.SpringJUnit4ClassRunner.methodBlock(SpringJUnit4ClassRunner.java:291) [spring-test-5.2.0.RELEASE.jar:5.2.0.RELEASE]
	at org.springframework.test.context.junit4.SpringJUnit4ClassRunner.runChild(SpringJUnit4ClassRunner.java:246) [spring-test-5.2.0.RELEASE.jar:5.2.0.RELEASE]
	at org.springframework.test.context.junit4.SpringJUnit4ClassRunner.runChild(SpringJUnit4ClassRunner.java:97) [spring-test-5.2.0.RELEASE.jar:5.2.0.RELEASE]
	at org.junit.runners.ParentRunner$3.run(ParentRunner.java:290) [junit-4.12.jar:4.12]
	at org.junit.runners.ParentRunner$1.schedule(ParentRunner.java:71) [junit-4.12.jar:4.12]
	at org.junit.runners.ParentRunner.runChildren(ParentRunner.java:288) [junit-4.12.jar:4.12]
	at org.junit.runners.ParentRunner.access$000(ParentRunner.java:58) [junit-4.12.jar:4.12]
	at org.junit.runners.ParentRunner$2.evaluate(ParentRunner.java:268) [junit-4.12.jar:4.12]
	at org.springframework.test.context.junit4.statements.RunBeforeTestClassCallbacks.evaluate(RunBeforeTestClassCallbacks.java:61) [spring-test-5.2.0.RELEASE.jar:5.2.0.RELEASE]
	at org.springframework.test.context.junit4.statements.RunAfterTestClassCallbacks.evaluate(RunAfterTestClassCallbacks.java:70) [spring-test-5.2.0.RELEASE.jar:5.2.0.RELEASE]
	at org.junit.runners.ParentRunner.run(ParentRunner.java:363) [junit-4.12.jar:4.12]
	at org.springframework.test.context.junit4.SpringJUnit4ClassRunner.run(SpringJUnit4ClassRunner.java:190) [spring-test-5.2.0.RELEASE.jar:5.2.0.RELEASE]
	at org.apache.maven.surefire.junit4.JUnit4Provider.execute(JUnit4Provider.java:252) [surefire-junit4-2.12.4.jar:2.12.4]
	at org.apache.maven.surefire.junit4.JUnit4Provider.executeTestSet(JUnit4Provider.java:141) [surefire-junit4-2.12.4.jar:2.12.4]
	at org.apache.maven.surefire.junit4.JUnit4Provider.invoke(JUnit4Provider.java:112) [surefire-junit4-2.12.4.jar:2.12.4]
	at sun.reflect.NativeMethodAccessorImpl.invoke0(Native Method) ~[?:1.8.0_192]
	at sun.reflect.NativeMethodAccessorImpl.invoke(NativeMethodAccessorImpl.java:62) ~[?:1.8.0_192]
	at sun.reflect.DelegatingMethodAccessorImpl.invoke(DelegatingMethodAccessorImpl.java:43) ~[?:1.8.0_192]
	at java.lang.reflect.Method.invoke(Method.java:498) ~[?:1.8.0_192]
	at org.apache.maven.surefire.util.ReflectionUtils.invokeMethodWithArray(ReflectionUtils.java:189) [surefire-api-2.12.4.jar:2.12.4]
	at org.apache.maven.surefire.booter.ProviderFactory$ProviderProxy.invoke(ProviderFactory.java:165) [surefire-booter-2.12.4.jar:2.12.4]
	at org.apache.maven.surefire.booter.ProviderFactory.invokeProvider(ProviderFactory.java:85) [surefire-booter-2.12.4.jar:2.12.4]
	at org.apache.maven.surefire.booter.ForkedBooter.runSuitesInProcess(ForkedBooter.java:115) [surefire-booter-2.12.4.jar:2.12.4]
	at org.apache.maven.surefire.booter.ForkedBooter.main(ForkedBooter.java:75) [surefire-booter-2.12.4.jar:2.12.4]
[11:05:06:222] [INFO] - com.lud.util.comm.io.XMLUtil.resolveRootConfigByGroup(XMLUtil.java:85) - 获取XML属性出错
java.lang.NullPointerException: null
	at com.lud.util.comm.io.XMLUtil.resolveRootConfigByGroup(XMLUtil.java:78) ~[lud-util-comm-1.0-SNAPSHOT.jar:?]
	at com.lud.service.core.config.ResourceServiceImp.resolveResourcePaths(ResourceServiceImp.java:119) ~[classes/:?]
	at com.lud.service.core.config.ResourceServiceImp.run(ResourceServiceImp.java:52) ~[classes/:?]
	at sun.reflect.NativeMethodAccessorImpl.invoke0(Native Method) ~[?:1.8.0_192]
	at sun.reflect.NativeMethodAccessorImpl.invoke(NativeMethodAccessorImpl.java:62) ~[?:1.8.0_192]
	at sun.reflect.DelegatingMethodAccessorImpl.invoke(DelegatingMethodAccessorImpl.java:43) ~[?:1.8.0_192]
	at java.lang.reflect.Method.invoke(Method.java:498) ~[?:1.8.0_192]
	at org.springframework.util.ReflectionUtils.invokeMethod(ReflectionUtils.java:279) ~[spring-core-5.2.0.RELEASE.jar:5.2.0.RELEASE]
	at org.springframework.util.ReflectionUtils.invokeMethod(ReflectionUtils.java:263) ~[spring-core-5.2.0.RELEASE.jar:5.2.0.RELEASE]
	at com.lud.util.spring.util.SpringServiceInvoker.lambda$run$0(SpringServiceInvoker.java:86) ~[lud-util-spring-1.0-SNAPSHOT.jar:?]
	at java.util.ArrayList.forEach(ArrayList.java:1257) ~[?:1.8.0_192]
	at com.lud.util.spring.util.SpringServiceInvoker.run(SpringServiceInvoker.java:82) ~[lud-util-spring-1.0-SNAPSHOT.jar:?]
	at com.lud.util.spring.util.SpringPreloadService.runPreload(SpringPreloadService.java:70) ~[lud-util-spring-1.0-SNAPSHOT.jar:?]
	at com.lud.util.spring.util.SpringContextReger.setApplicationContext(SpringContextReger.java:46) ~[lud-util-spring-1.0-SNAPSHOT.jar:?]
	at org.springframework.context.support.ApplicationContextAwareProcessor.invokeAwareInterfaces(ApplicationContextAwareProcessor.java:123) ~[spring-context-5.2.0.RELEASE.jar:5.2.0.RELEASE]
	at org.springframework.context.support.ApplicationContextAwareProcessor.postProcessBeforeInitialization(ApplicationContextAwareProcessor.java:100) ~[spring-context-5.2.0.RELEASE.jar:5.2.0.RELEASE]
	at org.springframework.beans.factory.support.AbstractAutowireCapableBeanFactory.applyBeanPostProcessorsBeforeInitialization(AbstractAutowireCapableBeanFactory.java:416) ~[spring-beans-5.2.0.RELEASE.jar:5.2.0.RELEASE]
	at org.springframework.beans.factory.support.AbstractAutowireCapableBeanFactory.initializeBean(AbstractAutowireCapableBeanFactory.java:1795) ~[spring-beans-5.2.0.RELEASE.jar:5.2.0.RELEASE]
	at org.springframework.beans.factory.support.AbstractAutowireCapableBeanFactory.doCreateBean(AbstractAutowireCapableBeanFactory.java:595) ~[spring-beans-5.2.0.RELEASE.jar:5.2.0.RELEASE]
	at org.springframework.beans.factory.support.AbstractAutowireCapableBeanFactory.createBean(AbstractAutowireCapableBeanFactory.java:517) ~[spring-beans-5.2.0.RELEASE.jar:5.2.0.RELEASE]
	at org.springframework.beans.factory.support.AbstractBeanFactory.lambda$doGetBean$0(AbstractBeanFactory.java:323) ~[spring-beans-5.2.0.RELEASE.jar:5.2.0.RELEASE]
	at org.springframework.beans.factory.support.DefaultSingletonBeanRegistry.getSingleton(DefaultSingletonBeanRegistry.java:222) [spring-beans-5.2.0.RELEASE.jar:5.2.0.RELEASE]
	at org.springframework.beans.factory.support.AbstractBeanFactory.doGetBean(AbstractBeanFactory.java:321) [spring-beans-5.2.0.RELEASE.jar:5.2.0.RELEASE]
	at org.springframework.beans.factory.support.AbstractBeanFactory.getBean(AbstractBeanFactory.java:202) [spring-beans-5.2.0.RELEASE.jar:5.2.0.RELEASE]
	at org.springframework.beans.factory.support.DefaultListableBeanFactory.preInstantiateSingletons(DefaultListableBeanFactory.java:879) [spring-beans-5.2.0.RELEASE.jar:5.2.0.RELEASE]
	at org.springframework.context.support.AbstractApplicationContext.finishBeanFactoryInitialization(AbstractApplicationContext.java:878) [spring-context-5.2.0.RELEASE.jar:5.2.0.RELEASE]
	at org.springframework.context.support.AbstractApplicationContext.refresh(AbstractApplicationContext.java:550) [spring-context-5.2.0.RELEASE.jar:5.2.0.RELEASE]
	at org.springframework.test.context.support.AbstractGenericContextLoader.loadContext(AbstractGenericContextLoader.java:128) [spring-test-5.2.0.RELEASE.jar:5.2.0.RELEASE]
	at org.springframework.test.context.support.AbstractGenericContextLoader.loadContext(AbstractGenericContextLoader.java:60) [spring-test-5.2.0.RELEASE.jar:5.2.0.RELEASE]
	at org.springframework.test.context.support.AbstractDelegatingSmartContextLoader.delegateLoading(AbstractDelegatingSmartContextLoader.java:275) [spring-test-5.2.0.RELEASE.jar:5.2.0.RELEASE]
	at org.springframework.test.context.support.AbstractDelegatingSmartContextLoader.loadContext(AbstractDelegatingSmartContextLoader.java:243) [spring-test-5.2.0.RELEASE.jar:5.2.0.RELEASE]
	at org.springframework.test.context.cache.DefaultCacheAwareContextLoaderDelegate.loadContextInternal(DefaultCacheAwareContextLoaderDelegate.java:99) [spring-test-5.2.0.RELEASE.jar:5.2.0.RELEASE]
	at org.springframework.test.context.cache.DefaultCacheAwareContextLoaderDelegate.loadContext(DefaultCacheAwareContextLoaderDelegate.java:124) [spring-test-5.2.0.RELEASE.jar:5.2.0.RELEASE]
	at org.springframework.test.context.support.DefaultTestContext.getApplicationContext(DefaultTestContext.java:123) [spring-test-5.2.0.RELEASE.jar:5.2.0.RELEASE]
	at org.springframework.test.context.support.DependencyInjectionTestExecutionListener.injectDependencies(DependencyInjectionTestExecutionListener.java:118) [spring-test-5.2.0.RELEASE.jar:5.2.0.RELEASE]
	at org.springframework.test.context.support.DependencyInjectionTestExecutionListener.prepareTestInstance(DependencyInjectionTestExecutionListener.java:83) [spring-test-5.2.0.RELEASE.jar:5.2.0.RELEASE]
	at org.springframework.test.context.TestContextManager.prepareTestInstance(TestContextManager.java:244) [spring-test-5.2.0.RELEASE.jar:5.2.0.RELEASE]
	at org.springframework.test.context.junit4.SpringJUnit4ClassRunner.createTest(SpringJUnit4ClassRunner.java:227) [spring-test-5.2.0.RELEASE.jar:5.2.0.RELEASE]
	at org.springframework.test.context.junit4.SpringJUnit4ClassRunner$1.runReflectiveCall(SpringJUnit4ClassRunner.java:289) [spring-test-5.2.0.RELEASE.jar:5.2.0.RELEASE]
	at org.junit.internal.runners.model.ReflectiveCallable.run(ReflectiveCallable.java:12) [junit-4.12.jar:4.12]
	at org.springframework.test.context.junit4.SpringJUnit4ClassRunner.methodBlock(SpringJUnit4ClassRunner.java:291) [spring-test-5.2.0.RELEASE.jar:5.2.0.RELEASE]
	at org.springframework.test.context.junit4.SpringJUnit4ClassRunner.runChild(SpringJUnit4ClassRunner.java:246) [spring-test-5.2.0.RELEASE.jar:5.2.0.RELEASE]
	at org.springframework.test.context.junit4.SpringJUnit4ClassRunner.runChild(SpringJUnit4ClassRunner.java:97) [spring-test-5.2.0.RELEASE.jar:5.2.0.RELEASE]
	at org.junit.runners.ParentRunner$3.run(ParentRunner.java:290) [junit-4.12.jar:4.12]
	at org.junit.runners.ParentRunner$1.schedule(ParentRunner.java:71) [junit-4.12.jar:4.12]
	at org.junit.runners.ParentRunner.runChildren(ParentRunner.java:288) [junit-4.12.jar:4.12]
	at org.junit.runners.ParentRunner.access$000(ParentRunner.java:58) [junit-4.12.jar:4.12]
	at org.junit.runners.ParentRunner$2.evaluate(ParentRunner.java:268) [junit-4.12.jar:4.12]
	at org.springframework.test.context.junit4.statements.RunBeforeTestClassCallbacks.evaluate(RunBeforeTestClassCallbacks.java:61) [spring-test-5.2.0.RELEASE.jar:5.2.0.RELEASE]
	at org.springframework.test.context.junit4.statements.RunAfterTestClassCallbacks.evaluate(RunAfterTestClassCallbacks.java:70) [spring-test-5.2.0.RELEASE.jar:5.2.0.RELEASE]
	at org.junit.runners.ParentRunner.run(ParentRunner.java:363) [junit-4.12.jar:4.12]
	at org.springframework.test.context.junit4.SpringJUnit4ClassRunner.run(SpringJUnit4ClassRunner.java:190) [spring-test-5.2.0.RELEASE.jar:5.2.0.RELEASE]
	at org.apache.maven.surefire.junit4.JUnit4Provider.execute(JUnit4Provider.java:252) [surefire-junit4-2.12.4.jar:2.12.4]
	at org.apache.maven.surefire.junit4.JUnit4Provider.executeTestSet(JUnit4Provider.java:141) [surefire-junit4-2.12.4.jar:2.12.4]
	at org.apache.maven.surefire.junit4.JUnit4Provider.invoke(JUnit4Provider.java:112) [surefire-junit4-2.12.4.jar:2.12.4]
	at sun.reflect.NativeMethodAccessorImpl.invoke0(Native Method) ~[?:1.8.0_192]
	at sun.reflect.NativeMethodAccessorImpl.invoke(NativeMethodAccessorImpl.java:62) ~[?:1.8.0_192]
	at sun.reflect.DelegatingMethodAccessorImpl.invoke(DelegatingMethodAccessorImpl.java:43) ~[?:1.8.0_192]
	at java.lang.reflect.Method.invoke(Method.java:498) ~[?:1.8.0_192]
	at org.apache.maven.surefire.util.ReflectionUtils.invokeMethodWithArray(ReflectionUtils.java:189) [surefire-api-2.12.4.jar:2.12.4]
	at org.apache.maven.surefire.booter.ProviderFactory$ProviderProxy.invoke(ProviderFactory.java:165) [surefire-booter-2.12.4.jar:2.12.4]
	at org.apache.maven.surefire.booter.ProviderFactory.invokeProvider(ProviderFactory.java:85) [surefire-booter-2.12.4.jar:2.12.4]
	at org.apache.maven.surefire.booter.ForkedBooter.runSuitesInProcess(ForkedBooter.java:115) [surefire-booter-2.12.4.jar:2.12.4]
	at org.apache.maven.surefire.booter.ForkedBooter.main(ForkedBooter.java:75) [surefire-booter-2.12.4.jar:2.12.4]
[11:05:06:325] [INFO] - com.lud.util.comm.io.XMLUtil.resolveRootConfigByGroup(XMLUtil.java:85) - 获取XML属性出错
java.lang.NullPointerException: null
	at com.lud.util.comm.io.XMLUtil.resolveRootConfigByGroup(XMLUtil.java:78) ~[lud-util-comm-1.0-SNAPSHOT.jar:?]
	at com.lud.service.core.config.ResourceServiceImp.resolveMessage(ResourceServiceImp.java:109) ~[classes/:?]
	at com.lud.service.core.config.ResourceServiceImp.run(ResourceServiceImp.java:53) ~[classes/:?]
	at sun.reflect.NativeMethodAccessorImpl.invoke0(Native Method) ~[?:1.8.0_192]
	at sun.reflect.NativeMethodAccessorImpl.invoke(NativeMethodAccessorImpl.java:62) ~[?:1.8.0_192]
	at sun.reflect.DelegatingMethodAccessorImpl.invoke(DelegatingMethodAccessorImpl.java:43) ~[?:1.8.0_192]
	at java.lang.reflect.Method.invoke(Method.java:498) ~[?:1.8.0_192]
	at org.springframework.util.ReflectionUtils.invokeMethod(ReflectionUtils.java:279) ~[spring-core-5.2.0.RELEASE.jar:5.2.0.RELEASE]
	at org.springframework.util.ReflectionUtils.invokeMethod(ReflectionUtils.java:263) ~[spring-core-5.2.0.RELEASE.jar:5.2.0.RELEASE]
	at com.lud.util.spring.util.SpringServiceInvoker.lambda$run$0(SpringServiceInvoker.java:86) ~[lud-util-spring-1.0-SNAPSHOT.jar:?]
	at java.util.ArrayList.forEach(ArrayList.java:1257) ~[?:1.8.0_192]
	at com.lud.util.spring.util.SpringServiceInvoker.run(SpringServiceInvoker.java:82) ~[lud-util-spring-1.0-SNAPSHOT.jar:?]
	at com.lud.util.spring.util.SpringPreloadService.runPreload(SpringPreloadService.java:70) ~[lud-util-spring-1.0-SNAPSHOT.jar:?]
	at com.lud.util.spring.util.SpringContextReger.setApplicationContext(SpringContextReger.java:46) ~[lud-util-spring-1.0-SNAPSHOT.jar:?]
	at org.springframework.context.support.ApplicationContextAwareProcessor.invokeAwareInterfaces(ApplicationContextAwareProcessor.java:123) ~[spring-context-5.2.0.RELEASE.jar:5.2.0.RELEASE]
	at org.springframework.context.support.ApplicationContextAwareProcessor.postProcessBeforeInitialization(ApplicationContextAwareProcessor.java:100) ~[spring-context-5.2.0.RELEASE.jar:5.2.0.RELEASE]
	at org.springframework.beans.factory.support.AbstractAutowireCapableBeanFactory.applyBeanPostProcessorsBeforeInitialization(AbstractAutowireCapableBeanFactory.java:416) ~[spring-beans-5.2.0.RELEASE.jar:5.2.0.RELEASE]
	at org.springframework.beans.factory.support.AbstractAutowireCapableBeanFactory.initializeBean(AbstractAutowireCapableBeanFactory.java:1795) ~[spring-beans-5.2.0.RELEASE.jar:5.2.0.RELEASE]
	at org.springframework.beans.factory.support.AbstractAutowireCapableBeanFactory.doCreateBean(AbstractAutowireCapableBeanFactory.java:595) ~[spring-beans-5.2.0.RELEASE.jar:5.2.0.RELEASE]
	at org.springframework.beans.factory.support.AbstractAutowireCapableBeanFactory.createBean(AbstractAutowireCapableBeanFactory.java:517) ~[spring-beans-5.2.0.RELEASE.jar:5.2.0.RELEASE]
	at org.springframework.beans.factory.support.AbstractBeanFactory.lambda$doGetBean$0(AbstractBeanFactory.java:323) ~[spring-beans-5.2.0.RELEASE.jar:5.2.0.RELEASE]
	at org.springframework.beans.factory.support.DefaultSingletonBeanRegistry.getSingleton(DefaultSingletonBeanRegistry.java:222) [spring-beans-5.2.0.RELEASE.jar:5.2.0.RELEASE]
	at org.springframework.beans.factory.support.AbstractBeanFactory.doGetBean(AbstractBeanFactory.java:321) [spring-beans-5.2.0.RELEASE.jar:5.2.0.RELEASE]
	at org.springframework.beans.factory.support.AbstractBeanFactory.getBean(AbstractBeanFactory.java:202) [spring-beans-5.2.0.RELEASE.jar:5.2.0.RELEASE]
	at org.springframework.beans.factory.support.DefaultListableBeanFactory.preInstantiateSingletons(DefaultListableBeanFactory.java:879) [spring-beans-5.2.0.RELEASE.jar:5.2.0.RELEASE]
	at org.springframework.context.support.AbstractApplicationContext.finishBeanFactoryInitialization(AbstractApplicationContext.java:878) [spring-context-5.2.0.RELEASE.jar:5.2.0.RELEASE]
	at org.springframework.context.support.AbstractApplicationContext.refresh(AbstractApplicationContext.java:550) [spring-context-5.2.0.RELEASE.jar:5.2.0.RELEASE]
	at org.springframework.test.context.support.AbstractGenericContextLoader.loadContext(AbstractGenericContextLoader.java:128) [spring-test-5.2.0.RELEASE.jar:5.2.0.RELEASE]
	at org.springframework.test.context.support.AbstractGenericContextLoader.loadContext(AbstractGenericContextLoader.java:60) [spring-test-5.2.0.RELEASE.jar:5.2.0.RELEASE]
	at org.springframework.test.context.support.AbstractDelegatingSmartContextLoader.delegateLoading(AbstractDelegatingSmartContextLoader.java:275) [spring-test-5.2.0.RELEASE.jar:5.2.0.RELEASE]
	at org.springframework.test.context.support.AbstractDelegatingSmartContextLoader.loadContext(AbstractDelegatingSmartContextLoader.java:243) [spring-test-5.2.0.RELEASE.jar:5.2.0.RELEASE]
	at org.springframework.test.context.cache.DefaultCacheAwareContextLoaderDelegate.loadContextInternal(DefaultCacheAwareContextLoaderDelegate.java:99) [spring-test-5.2.0.RELEASE.jar:5.2.0.RELEASE]
	at org.springframework.test.context.cache.DefaultCacheAwareContextLoaderDelegate.loadContext(DefaultCacheAwareContextLoaderDelegate.java:124) [spring-test-5.2.0.RELEASE.jar:5.2.0.RELEASE]
	at org.springframework.test.context.support.DefaultTestContext.getApplicationContext(DefaultTestContext.java:123) [spring-test-5.2.0.RELEASE.jar:5.2.0.RELEASE]
	at org.springframework.test.context.support.DependencyInjectionTestExecutionListener.injectDependencies(DependencyInjectionTestExecutionListener.java:118) [spring-test-5.2.0.RELEASE.jar:5.2.0.RELEASE]
	at org.springframework.test.context.support.DependencyInjectionTestExecutionListener.prepareTestInstance(DependencyInjectionTestExecutionListener.java:83) [spring-test-5.2.0.RELEASE.jar:5.2.0.RELEASE]
	at org.springframework.test.context.TestContextManager.prepareTestInstance(TestContextManager.java:244) [spring-test-5.2.0.RELEASE.jar:5.2.0.RELEASE]
	at org.springframework.test.context.junit4.SpringJUnit4ClassRunner.createTest(SpringJUnit4ClassRunner.java:227) [spring-test-5.2.0.RELEASE.jar:5.2.0.RELEASE]
	at org.springframework.test.context.junit4.SpringJUnit4ClassRunner$1.runReflectiveCall(SpringJUnit4ClassRunner.java:289) [spring-test-5.2.0.RELEASE.jar:5.2.0.RELEASE]
	at org.junit.internal.runners.model.ReflectiveCallable.run(ReflectiveCallable.java:12) [junit-4.12.jar:4.12]
	at org.springframework.test.context.junit4.SpringJUnit4ClassRunner.methodBlock(SpringJUnit4ClassRunner.java:291) [spring-test-5.2.0.RELEASE.jar:5.2.0.RELEASE]
	at org.springframework.test.context.junit4.SpringJUnit4ClassRunner.runChild(SpringJUnit4ClassRunner.java:246) [spring-test-5.2.0.RELEASE.jar:5.2.0.RELEASE]
	at org.springframework.test.context.junit4.SpringJUnit4ClassRunner.runChild(SpringJUnit4ClassRunner.java:97) [spring-test-5.2.0.RELEASE.jar:5.2.0.RELEASE]
	at org.junit.runners.ParentRunner$3.run(ParentRunner.java:290) [junit-4.12.jar:4.12]
	at org.junit.runners.ParentRunner$1.schedule(ParentRunner.java:71) [junit-4.12.jar:4.12]
	at org.junit.runners.ParentRunner.runChildren(ParentRunner.java:288) [junit-4.12.jar:4.12]
	at org.junit.runners.ParentRunner.access$000(ParentRunner.java:58) [junit-4.12.jar:4.12]
	at org.junit.runners.ParentRunner$2.evaluate(ParentRunner.java:268) [junit-4.12.jar:4.12]
	at org.springframework.test.context.junit4.statements.RunBeforeTestClassCallbacks.evaluate(RunBeforeTestClassCallbacks.java:61) [spring-test-5.2.0.RELEASE.jar:5.2.0.RELEASE]
	at org.springframework.test.context.junit4.statements.RunAfterTestClassCallbacks.evaluate(RunAfterTestClassCallbacks.java:70) [spring-test-5.2.0.RELEASE.jar:5.2.0.RELEASE]
	at org.junit.runners.ParentRunner.run(ParentRunner.java:363) [junit-4.12.jar:4.12]
	at org.springframework.test.context.junit4.SpringJUnit4ClassRunner.run(SpringJUnit4ClassRunner.java:190) [spring-test-5.2.0.RELEASE.jar:5.2.0.RELEASE]
	at org.apache.maven.surefire.junit4.JUnit4Provider.execute(JUnit4Provider.java:252) [surefire-junit4-2.12.4.jar:2.12.4]
	at org.apache.maven.surefire.junit4.JUnit4Provider.executeTestSet(JUnit4Provider.java:141) [surefire-junit4-2.12.4.jar:2.12.4]
	at org.apache.maven.surefire.junit4.JUnit4Provider.invoke(JUnit4Provider.java:112) [surefire-junit4-2.12.4.jar:2.12.4]
	at sun.reflect.NativeMethodAccessorImpl.invoke0(Native Method) ~[?:1.8.0_192]
	at sun.reflect.NativeMethodAccessorImpl.invoke(NativeMethodAccessorImpl.java:62) ~[?:1.8.0_192]
	at sun.reflect.DelegatingMethodAccessorImpl.invoke(DelegatingMethodAccessorImpl.java:43) ~[?:1.8.0_192]
	at java.lang.reflect.Method.invoke(Method.java:498) ~[?:1.8.0_192]
	at org.apache.maven.surefire.util.ReflectionUtils.invokeMethodWithArray(ReflectionUtils.java:189) [surefire-api-2.12.4.jar:2.12.4]
	at org.apache.maven.surefire.booter.ProviderFactory$ProviderProxy.invoke(ProviderFactory.java:165) [surefire-booter-2.12.4.jar:2.12.4]
	at org.apache.maven.surefire.booter.ProviderFactory.invokeProvider(ProviderFactory.java:85) [surefire-booter-2.12.4.jar:2.12.4]
	at org.apache.maven.surefire.booter.ForkedBooter.runSuitesInProcess(ForkedBooter.java:115) [surefire-booter-2.12.4.jar:2.12.4]
	at org.apache.maven.surefire.booter.ForkedBooter.main(ForkedBooter.java:75) [surefire-booter-2.12.4.jar:2.12.4]
[11:05:06:332] [INFO] - com.lud.util.comm.io.XMLUtil.resolveRootConfigByGroup(XMLUtil.java:85) - 获取XML属性出错
java.lang.NullPointerException: null
	at com.lud.util.comm.io.XMLUtil.resolveRootConfigByGroup(XMLUtil.java:78) ~[lud-util-comm-1.0-SNAPSHOT.jar:?]
	at com.lud.service.core.config.ResourceServiceImp.resolveError(ResourceServiceImp.java:99) ~[classes/:?]
	at com.lud.service.core.config.ResourceServiceImp.run(ResourceServiceImp.java:54) ~[classes/:?]
	at sun.reflect.NativeMethodAccessorImpl.invoke0(Native Method) ~[?:1.8.0_192]
	at sun.reflect.NativeMethodAccessorImpl.invoke(NativeMethodAccessorImpl.java:62) ~[?:1.8.0_192]
	at sun.reflect.DelegatingMethodAccessorImpl.invoke(DelegatingMethodAccessorImpl.java:43) ~[?:1.8.0_192]
	at java.lang.reflect.Method.invoke(Method.java:498) ~[?:1.8.0_192]
	at org.springframework.util.ReflectionUtils.invokeMethod(ReflectionUtils.java:279) ~[spring-core-5.2.0.RELEASE.jar:5.2.0.RELEASE]
	at org.springframework.util.ReflectionUtils.invokeMethod(ReflectionUtils.java:263) ~[spring-core-5.2.0.RELEASE.jar:5.2.0.RELEASE]
	at com.lud.util.spring.util.SpringServiceInvoker.lambda$run$0(SpringServiceInvoker.java:86) ~[lud-util-spring-1.0-SNAPSHOT.jar:?]
	at java.util.ArrayList.forEach(ArrayList.java:1257) ~[?:1.8.0_192]
	at com.lud.util.spring.util.SpringServiceInvoker.run(SpringServiceInvoker.java:82) ~[lud-util-spring-1.0-SNAPSHOT.jar:?]
	at com.lud.util.spring.util.SpringPreloadService.runPreload(SpringPreloadService.java:70) ~[lud-util-spring-1.0-SNAPSHOT.jar:?]
	at com.lud.util.spring.util.SpringContextReger.setApplicationContext(SpringContextReger.java:46) ~[lud-util-spring-1.0-SNAPSHOT.jar:?]
	at org.springframework.context.support.ApplicationContextAwareProcessor.invokeAwareInterfaces(ApplicationContextAwareProcessor.java:123) ~[spring-context-5.2.0.RELEASE.jar:5.2.0.RELEASE]
	at org.springframework.context.support.ApplicationContextAwareProcessor.postProcessBeforeInitialization(ApplicationContextAwareProcessor.java:100) ~[spring-context-5.2.0.RELEASE.jar:5.2.0.RELEASE]
	at org.springframework.beans.factory.support.AbstractAutowireCapableBeanFactory.applyBeanPostProcessorsBeforeInitialization(AbstractAutowireCapableBeanFactory.java:416) ~[spring-beans-5.2.0.RELEASE.jar:5.2.0.RELEASE]
	at org.springframework.beans.factory.support.AbstractAutowireCapableBeanFactory.initializeBean(AbstractAutowireCapableBeanFactory.java:1795) ~[spring-beans-5.2.0.RELEASE.jar:5.2.0.RELEASE]
	at org.springframework.beans.factory.support.AbstractAutowireCapableBeanFactory.doCreateBean(AbstractAutowireCapableBeanFactory.java:595) ~[spring-beans-5.2.0.RELEASE.jar:5.2.0.RELEASE]
	at org.springframework.beans.factory.support.AbstractAutowireCapableBeanFactory.createBean(AbstractAutowireCapableBeanFactory.java:517) ~[spring-beans-5.2.0.RELEASE.jar:5.2.0.RELEASE]
	at org.springframework.beans.factory.support.AbstractBeanFactory.lambda$doGetBean$0(AbstractBeanFactory.java:323) ~[spring-beans-5.2.0.RELEASE.jar:5.2.0.RELEASE]
	at org.springframework.beans.factory.support.DefaultSingletonBeanRegistry.getSingleton(DefaultSingletonBeanRegistry.java:222) [spring-beans-5.2.0.RELEASE.jar:5.2.0.RELEASE]
	at org.springframework.beans.factory.support.AbstractBeanFactory.doGetBean(AbstractBeanFactory.java:321) [spring-beans-5.2.0.RELEASE.jar:5.2.0.RELEASE]
	at org.springframework.beans.factory.support.AbstractBeanFactory.getBean(AbstractBeanFactory.java:202) [spring-beans-5.2.0.RELEASE.jar:5.2.0.RELEASE]
	at org.springframework.beans.factory.support.DefaultListableBeanFactory.preInstantiateSingletons(DefaultListableBeanFactory.java:879) [spring-beans-5.2.0.RELEASE.jar:5.2.0.RELEASE]
	at org.springframework.context.support.AbstractApplicationContext.finishBeanFactoryInitialization(AbstractApplicationContext.java:878) [spring-context-5.2.0.RELEASE.jar:5.2.0.RELEASE]
	at org.springframework.context.support.AbstractApplicationContext.refresh(AbstractApplicationContext.java:550) [spring-context-5.2.0.RELEASE.jar:5.2.0.RELEASE]
	at org.springframework.test.context.support.AbstractGenericContextLoader.loadContext(AbstractGenericContextLoader.java:128) [spring-test-5.2.0.RELEASE.jar:5.2.0.RELEASE]
	at org.springframework.test.context.support.AbstractGenericContextLoader.loadContext(AbstractGenericContextLoader.java:60) [spring-test-5.2.0.RELEASE.jar:5.2.0.RELEASE]
	at org.springframework.test.context.support.AbstractDelegatingSmartContextLoader.delegateLoading(AbstractDelegatingSmartContextLoader.java:275) [spring-test-5.2.0.RELEASE.jar:5.2.0.RELEASE]
	at org.springframework.test.context.support.AbstractDelegatingSmartContextLoader.loadContext(AbstractDelegatingSmartContextLoader.java:243) [spring-test-5.2.0.RELEASE.jar:5.2.0.RELEASE]
	at org.springframework.test.context.cache.DefaultCacheAwareContextLoaderDelegate.loadContextInternal(DefaultCacheAwareContextLoaderDelegate.java:99) [spring-test-5.2.0.RELEASE.jar:5.2.0.RELEASE]
	at org.springframework.test.context.cache.DefaultCacheAwareContextLoaderDelegate.loadContext(DefaultCacheAwareContextLoaderDelegate.java:124) [spring-test-5.2.0.RELEASE.jar:5.2.0.RELEASE]
	at org.springframework.test.context.support.DefaultTestContext.getApplicationContext(DefaultTestContext.java:123) [spring-test-5.2.0.RELEASE.jar:5.2.0.RELEASE]
	at org.springframework.test.context.support.DependencyInjectionTestExecutionListener.injectDependencies(DependencyInjectionTestExecutionListener.java:118) [spring-test-5.2.0.RELEASE.jar:5.2.0.RELEASE]
	at org.springframework.test.context.support.DependencyInjectionTestExecutionListener.prepareTestInstance(DependencyInjectionTestExecutionListener.java:83) [spring-test-5.2.0.RELEASE.jar:5.2.0.RELEASE]
	at org.springframework.test.context.TestContextManager.prepareTestInstance(TestContextManager.java:244) [spring-test-5.2.0.RELEASE.jar:5.2.0.RELEASE]
	at org.springframework.test.context.junit4.SpringJUnit4ClassRunner.createTest(SpringJUnit4ClassRunner.java:227) [spring-test-5.2.0.RELEASE.jar:5.2.0.RELEASE]
	at org.springframework.test.context.junit4.SpringJUnit4ClassRunner$1.runReflectiveCall(SpringJUnit4ClassRunner.java:289) [spring-test-5.2.0.RELEASE.jar:5.2.0.RELEASE]
	at org.junit.internal.runners.model.ReflectiveCallable.run(ReflectiveCallable.java:12) [junit-4.12.jar:4.12]
	at org.springframework.test.context.junit4.SpringJUnit4ClassRunner.methodBlock(SpringJUnit4ClassRunner.java:291) [spring-test-5.2.0.RELEASE.jar:5.2.0.RELEASE]
	at org.springframework.test.context.junit4.SpringJUnit4ClassRunner.runChild(SpringJUnit4ClassRunner.java:246) [spring-test-5.2.0.RELEASE.jar:5.2.0.RELEASE]
	at org.springframework.test.context.junit4.SpringJUnit4ClassRunner.runChild(SpringJUnit4ClassRunner.java:97) [spring-test-5.2.0.RELEASE.jar:5.2.0.RELEASE]
	at org.junit.runners.ParentRunner$3.run(ParentRunner.java:290) [junit-4.12.jar:4.12]
	at org.junit.runners.ParentRunner$1.schedule(ParentRunner.java:71) [junit-4.12.jar:4.12]
	at org.junit.runners.ParentRunner.runChildren(ParentRunner.java:288) [junit-4.12.jar:4.12]
	at org.junit.runners.ParentRunner.access$000(ParentRunner.java:58) [junit-4.12.jar:4.12]
	at org.junit.runners.ParentRunner$2.evaluate(ParentRunner.java:268) [junit-4.12.jar:4.12]
	at org.springframework.test.context.junit4.statements.RunBeforeTestClassCallbacks.evaluate(RunBeforeTestClassCallbacks.java:61) [spring-test-5.2.0.RELEASE.jar:5.2.0.RELEASE]
	at org.springframework.test.context.junit4.statements.RunAfterTestClassCallbacks.evaluate(RunAfterTestClassCallbacks.java:70) [spring-test-5.2.0.RELEASE.jar:5.2.0.RELEASE]
	at org.junit.runners.ParentRunner.run(ParentRunner.java:363) [junit-4.12.jar:4.12]
	at org.springframework.test.context.junit4.SpringJUnit4ClassRunner.run(SpringJUnit4ClassRunner.java:190) [spring-test-5.2.0.RELEASE.jar:5.2.0.RELEASE]
	at org.apache.maven.surefire.junit4.JUnit4Provider.execute(JUnit4Provider.java:252) [surefire-junit4-2.12.4.jar:2.12.4]
	at org.apache.maven.surefire.junit4.JUnit4Provider.executeTestSet(JUnit4Provider.java:141) [surefire-junit4-2.12.4.jar:2.12.4]
	at org.apache.maven.surefire.junit4.JUnit4Provider.invoke(JUnit4Provider.java:112) [surefire-junit4-2.12.4.jar:2.12.4]
	at sun.reflect.NativeMethodAccessorImpl.invoke0(Native Method) ~[?:1.8.0_192]
	at sun.reflect.NativeMethodAccessorImpl.invoke(NativeMethodAccessorImpl.java:62) ~[?:1.8.0_192]
	at sun.reflect.DelegatingMethodAccessorImpl.invoke(DelegatingMethodAccessorImpl.java:43) ~[?:1.8.0_192]
	at java.lang.reflect.Method.invoke(Method.java:498) ~[?:1.8.0_192]
	at org.apache.maven.surefire.util.ReflectionUtils.invokeMethodWithArray(ReflectionUtils.java:189) [surefire-api-2.12.4.jar:2.12.4]
	at org.apache.maven.surefire.booter.ProviderFactory$ProviderProxy.invoke(ProviderFactory.java:165) [surefire-booter-2.12.4.jar:2.12.4]
	at org.apache.maven.surefire.booter.ProviderFactory.invokeProvider(ProviderFactory.java:85) [surefire-booter-2.12.4.jar:2.12.4]
	at org.apache.maven.surefire.booter.ForkedBooter.runSuitesInProcess(ForkedBooter.java:115) [surefire-booter-2.12.4.jar:2.12.4]
	at org.apache.maven.surefire.booter.ForkedBooter.main(ForkedBooter.java:75) [surefire-booter-2.12.4.jar:2.12.4]
[11:05:14:323] [INFO] - com.lud.util.comm.io.XMLUtil.resolveRootConfigByGroup(XMLUtil.java:85) - 获取XML属性出错
java.lang.NullPointerException: null
	at com.lud.util.comm.io.XMLUtil.resolveRootConfigByGroup(XMLUtil.java:78) [lud-util-comm-1.0-SNAPSHOT.jar:?]
	at com.lud.service.core.config.ResourceServiceImp.resolveResourcePaths(ResourceServiceImp.java:119) [classes/:?]
	at com.lud.service.core.config.ResourceServiceImp.run(ResourceServiceImp.java:52) [classes/:?]
	at com.lud.test.service.core.config.ResourceServiceTest.test(ResourceServiceTest.java:39) [test-classes/:?]
	at sun.reflect.NativeMethodAccessorImpl.invoke0(Native Method) ~[?:1.8.0_192]
	at sun.reflect.NativeMethodAccessorImpl.invoke(NativeMethodAccessorImpl.java:62) ~[?:1.8.0_192]
	at sun.reflect.DelegatingMethodAccessorImpl.invoke(DelegatingMethodAccessorImpl.java:43) ~[?:1.8.0_192]
	at java.lang.reflect.Method.invoke(Method.java:498) ~[?:1.8.0_192]
	at org.junit.runners.model.FrameworkMethod$1.runReflectiveCall(FrameworkMethod.java:50) [junit-4.12.jar:4.12]
	at org.junit.internal.runners.model.ReflectiveCallable.run(ReflectiveCallable.java:12) [junit-4.12.jar:4.12]
	at org.junit.runners.model.FrameworkMethod.invokeExplosively(FrameworkMethod.java:47) [junit-4.12.jar:4.12]
	at org.junit.internal.runners.statements.InvokeMethod.evaluate(InvokeMethod.java:17) [junit-4.12.jar:4.12]
	at org.springframework.test.context.junit4.statements.RunBeforeTestExecutionCallbacks.evaluate(RunBeforeTestExecutionCallbacks.java:74) [spring-test-5.2.0.RELEASE.jar:5.2.0.RELEASE]
	at org.springframework.test.context.junit4.statements.RunAfterTestExecutionCallbacks.evaluate(RunAfterTestExecutionCallbacks.java:84) [spring-test-5.2.0.RELEASE.jar:5.2.0.RELEASE]
	at org.springframework.test.context.junit4.statements.RunBeforeTestMethodCallbacks.evaluate(RunBeforeTestMethodCallbacks.java:75) [spring-test-5.2.0.RELEASE.jar:5.2.0.RELEASE]
	at org.springframework.test.context.junit4.statements.RunAfterTestMethodCallbacks.evaluate(RunAfterTestMethodCallbacks.java:86) [spring-test-5.2.0.RELEASE.jar:5.2.0.RELEASE]
	at org.springframework.test.context.junit4.statements.SpringRepeat.evaluate(SpringRepeat.java:84) [spring-test-5.2.0.RELEASE.jar:5.2.0.RELEASE]
	at org.junit.runners.ParentRunner.runLeaf(ParentRunner.java:325) [junit-4.12.jar:4.12]
	at org.springframework.test.context.junit4.SpringJUnit4ClassRunner.runChild(SpringJUnit4ClassRunner.java:251) [spring-test-5.2.0.RELEASE.jar:5.2.0.RELEASE]
	at org.springframework.test.context.junit4.SpringJUnit4ClassRunner.runChild(SpringJUnit4ClassRunner.java:97) [spring-test-5.2.0.RELEASE.jar:5.2.0.RELEASE]
	at org.junit.runners.ParentRunner$3.run(ParentRunner.java:290) [junit-4.12.jar:4.12]
	at org.junit.runners.ParentRunner$1.schedule(ParentRunner.java:71) [junit-4.12.jar:4.12]
	at org.junit.runners.ParentRunner.runChildren(ParentRunner.java:288) [junit-4.12.jar:4.12]
	at org.junit.runners.ParentRunner.access$000(ParentRunner.java:58) [junit-4.12.jar:4.12]
	at org.junit.runners.ParentRunner$2.evaluate(ParentRunner.java:268) [junit-4.12.jar:4.12]
	at org.springframework.test.context.junit4.statements.RunBeforeTestClassCallbacks.evaluate(RunBeforeTestClassCallbacks.java:61) [spring-test-5.2.0.RELEASE.jar:5.2.0.RELEASE]
	at org.springframework.test.context.junit4.statements.RunAfterTestClassCallbacks.evaluate(RunAfterTestClassCallbacks.java:70) [spring-test-5.2.0.RELEASE.jar:5.2.0.RELEASE]
	at org.junit.runners.ParentRunner.run(ParentRunner.java:363) [junit-4.12.jar:4.12]
	at org.springframework.test.context.junit4.SpringJUnit4ClassRunner.run(SpringJUnit4ClassRunner.java:190) [spring-test-5.2.0.RELEASE.jar:5.2.0.RELEASE]
	at org.apache.maven.surefire.junit4.JUnit4Provider.execute(JUnit4Provider.java:252) [surefire-junit4-2.12.4.jar:2.12.4]
	at org.apache.maven.surefire.junit4.JUnit4Provider.executeTestSet(JUnit4Provider.java:141) [surefire-junit4-2.12.4.jar:2.12.4]
	at org.apache.maven.surefire.junit4.JUnit4Provider.invoke(JUnit4Provider.java:112) [surefire-junit4-2.12.4.jar:2.12.4]
	at sun.reflect.NativeMethodAccessorImpl.invoke0(Native Method) ~[?:1.8.0_192]
	at sun.reflect.NativeMethodAccessorImpl.invoke(NativeMethodAccessorImpl.java:62) ~[?:1.8.0_192]
	at sun.reflect.DelegatingMethodAccessorImpl.invoke(DelegatingMethodAccessorImpl.java:43) ~[?:1.8.0_192]
	at java.lang.reflect.Method.invoke(Method.java:498) ~[?:1.8.0_192]
	at org.apache.maven.surefire.util.ReflectionUtils.invokeMethodWithArray(ReflectionUtils.java:189) [surefire-api-2.12.4.jar:2.12.4]
	at org.apache.maven.surefire.booter.ProviderFactory$ProviderProxy.invoke(ProviderFactory.java:165) [surefire-booter-2.12.4.jar:2.12.4]
	at org.apache.maven.surefire.booter.ProviderFactory.invokeProvider(ProviderFactory.java:85) [surefire-booter-2.12.4.jar:2.12.4]
	at org.apache.maven.surefire.booter.ForkedBooter.runSuitesInProcess(ForkedBooter.java:115) [surefire-booter-2.12.4.jar:2.12.4]
	at org.apache.maven.surefire.booter.ForkedBooter.main(ForkedBooter.java:75) [surefire-booter-2.12.4.jar:2.12.4]
[11:05:14:326] [INFO] - com.lud.util.comm.io.XMLUtil.resolveRootConfigByGroup(XMLUtil.java:85) - 获取XML属性出错
java.lang.NullPointerException: null
	at com.lud.util.comm.io.XMLUtil.resolveRootConfigByGroup(XMLUtil.java:78) [lud-util-comm-1.0-SNAPSHOT.jar:?]
	at com.lud.service.core.config.ResourceServiceImp.resolveMessage(ResourceServiceImp.java:109) [classes/:?]
	at com.lud.service.core.config.ResourceServiceImp.run(ResourceServiceImp.java:53) [classes/:?]
	at com.lud.test.service.core.config.ResourceServiceTest.test(ResourceServiceTest.java:39) [test-classes/:?]
	at sun.reflect.NativeMethodAccessorImpl.invoke0(Native Method) ~[?:1.8.0_192]
	at sun.reflect.NativeMethodAccessorImpl.invoke(NativeMethodAccessorImpl.java:62) ~[?:1.8.0_192]
	at sun.reflect.DelegatingMethodAccessorImpl.invoke(DelegatingMethodAccessorImpl.java:43) ~[?:1.8.0_192]
	at java.lang.reflect.Method.invoke(Method.java:498) ~[?:1.8.0_192]
	at org.junit.runners.model.FrameworkMethod$1.runReflectiveCall(FrameworkMethod.java:50) [junit-4.12.jar:4.12]
	at org.junit.internal.runners.model.ReflectiveCallable.run(ReflectiveCallable.java:12) [junit-4.12.jar:4.12]
	at org.junit.runners.model.FrameworkMethod.invokeExplosively(FrameworkMethod.java:47) [junit-4.12.jar:4.12]
	at org.junit.internal.runners.statements.InvokeMethod.evaluate(InvokeMethod.java:17) [junit-4.12.jar:4.12]
	at org.springframework.test.context.junit4.statements.RunBeforeTestExecutionCallbacks.evaluate(RunBeforeTestExecutionCallbacks.java:74) [spring-test-5.2.0.RELEASE.jar:5.2.0.RELEASE]
	at org.springframework.test.context.junit4.statements.RunAfterTestExecutionCallbacks.evaluate(RunAfterTestExecutionCallbacks.java:84) [spring-test-5.2.0.RELEASE.jar:5.2.0.RELEASE]
	at org.springframework.test.context.junit4.statements.RunBeforeTestMethodCallbacks.evaluate(RunBeforeTestMethodCallbacks.java:75) [spring-test-5.2.0.RELEASE.jar:5.2.0.RELEASE]
	at org.springframework.test.context.junit4.statements.RunAfterTestMethodCallbacks.evaluate(RunAfterTestMethodCallbacks.java:86) [spring-test-5.2.0.RELEASE.jar:5.2.0.RELEASE]
	at org.springframework.test.context.junit4.statements.SpringRepeat.evaluate(SpringRepeat.java:84) [spring-test-5.2.0.RELEASE.jar:5.2.0.RELEASE]
	at org.junit.runners.ParentRunner.runLeaf(ParentRunner.java:325) [junit-4.12.jar:4.12]
	at org.springframework.test.context.junit4.SpringJUnit4ClassRunner.runChild(SpringJUnit4ClassRunner.java:251) [spring-test-5.2.0.RELEASE.jar:5.2.0.RELEASE]
	at org.springframework.test.context.junit4.SpringJUnit4ClassRunner.runChild(SpringJUnit4ClassRunner.java:97) [spring-test-5.2.0.RELEASE.jar:5.2.0.RELEASE]
	at org.junit.runners.ParentRunner$3.run(ParentRunner.java:290) [junit-4.12.jar:4.12]
	at org.junit.runners.ParentRunner$1.schedule(ParentRunner.java:71) [junit-4.12.jar:4.12]
	at org.junit.runners.ParentRunner.runChildren(ParentRunner.java:288) [junit-4.12.jar:4.12]
	at org.junit.runners.ParentRunner.access$000(ParentRunner.java:58) [junit-4.12.jar:4.12]
	at org.junit.runners.ParentRunner$2.evaluate(ParentRunner.java:268) [junit-4.12.jar:4.12]
	at org.springframework.test.context.junit4.statements.RunBeforeTestClassCallbacks.evaluate(RunBeforeTestClassCallbacks.java:61) [spring-test-5.2.0.RELEASE.jar:5.2.0.RELEASE]
	at org.springframework.test.context.junit4.statements.RunAfterTestClassCallbacks.evaluate(RunAfterTestClassCallbacks.java:70) [spring-test-5.2.0.RELEASE.jar:5.2.0.RELEASE]
	at org.junit.runners.ParentRunner.run(ParentRunner.java:363) [junit-4.12.jar:4.12]
	at org.springframework.test.context.junit4.SpringJUnit4ClassRunner.run(SpringJUnit4ClassRunner.java:190) [spring-test-5.2.0.RELEASE.jar:5.2.0.RELEASE]
	at org.apache.maven.surefire.junit4.JUnit4Provider.execute(JUnit4Provider.java:252) [surefire-junit4-2.12.4.jar:2.12.4]
	at org.apache.maven.surefire.junit4.JUnit4Provider.executeTestSet(JUnit4Provider.java:141) [surefire-junit4-2.12.4.jar:2.12.4]
	at org.apache.maven.surefire.junit4.JUnit4Provider.invoke(JUnit4Provider.java:112) [surefire-junit4-2.12.4.jar:2.12.4]
	at sun.reflect.NativeMethodAccessorImpl.invoke0(Native Method) ~[?:1.8.0_192]
	at sun.reflect.NativeMethodAccessorImpl.invoke(NativeMethodAccessorImpl.java:62) ~[?:1.8.0_192]
	at sun.reflect.DelegatingMethodAccessorImpl.invoke(DelegatingMethodAccessorImpl.java:43) ~[?:1.8.0_192]
	at java.lang.reflect.Method.invoke(Method.java:498) ~[?:1.8.0_192]
	at org.apache.maven.surefire.util.ReflectionUtils.invokeMethodWithArray(ReflectionUtils.java:189) [surefire-api-2.12.4.jar:2.12.4]
	at org.apache.maven.surefire.booter.ProviderFactory$ProviderProxy.invoke(ProviderFactory.java:165) [surefire-booter-2.12.4.jar:2.12.4]
	at org.apache.maven.surefire.booter.ProviderFactory.invokeProvider(ProviderFactory.java:85) [surefire-booter-2.12.4.jar:2.12.4]
	at org.apache.maven.surefire.booter.ForkedBooter.runSuitesInProcess(ForkedBooter.java:115) [surefire-booter-2.12.4.jar:2.12.4]
	at org.apache.maven.surefire.booter.ForkedBooter.main(ForkedBooter.java:75) [surefire-booter-2.12.4.jar:2.12.4]
[11:05:14:330] [INFO] - com.lud.util.comm.io.XMLUtil.resolveRootConfigByGroup(XMLUtil.java:85) - 获取XML属性出错
java.lang.NullPointerException: null
	at com.lud.util.comm.io.XMLUtil.resolveRootConfigByGroup(XMLUtil.java:78) [lud-util-comm-1.0-SNAPSHOT.jar:?]
	at com.lud.service.core.config.ResourceServiceImp.resolveError(ResourceServiceImp.java:99) [classes/:?]
	at com.lud.service.core.config.ResourceServiceImp.run(ResourceServiceImp.java:54) [classes/:?]
	at com.lud.test.service.core.config.ResourceServiceTest.test(ResourceServiceTest.java:39) [test-classes/:?]
	at sun.reflect.NativeMethodAccessorImpl.invoke0(Native Method) ~[?:1.8.0_192]
	at sun.reflect.NativeMethodAccessorImpl.invoke(NativeMethodAccessorImpl.java:62) ~[?:1.8.0_192]
	at sun.reflect.DelegatingMethodAccessorImpl.invoke(DelegatingMethodAccessorImpl.java:43) ~[?:1.8.0_192]
	at java.lang.reflect.Method.invoke(Method.java:498) ~[?:1.8.0_192]
	at org.junit.runners.model.FrameworkMethod$1.runReflectiveCall(FrameworkMethod.java:50) [junit-4.12.jar:4.12]
	at org.junit.internal.runners.model.ReflectiveCallable.run(ReflectiveCallable.java:12) [junit-4.12.jar:4.12]
	at org.junit.runners.model.FrameworkMethod.invokeExplosively(FrameworkMethod.java:47) [junit-4.12.jar:4.12]
	at org.junit.internal.runners.statements.InvokeMethod.evaluate(InvokeMethod.java:17) [junit-4.12.jar:4.12]
	at org.springframework.test.context.junit4.statements.RunBeforeTestExecutionCallbacks.evaluate(RunBeforeTestExecutionCallbacks.java:74) [spring-test-5.2.0.RELEASE.jar:5.2.0.RELEASE]
	at org.springframework.test.context.junit4.statements.RunAfterTestExecutionCallbacks.evaluate(RunAfterTestExecutionCallbacks.java:84) [spring-test-5.2.0.RELEASE.jar:5.2.0.RELEASE]
	at org.springframework.test.context.junit4.statements.RunBeforeTestMethodCallbacks.evaluate(RunBeforeTestMethodCallbacks.java:75) [spring-test-5.2.0.RELEASE.jar:5.2.0.RELEASE]
	at org.springframework.test.context.junit4.statements.RunAfterTestMethodCallbacks.evaluate(RunAfterTestMethodCallbacks.java:86) [spring-test-5.2.0.RELEASE.jar:5.2.0.RELEASE]
	at org.springframework.test.context.junit4.statements.SpringRepeat.evaluate(SpringRepeat.java:84) [spring-test-5.2.0.RELEASE.jar:5.2.0.RELEASE]
	at org.junit.runners.ParentRunner.runLeaf(ParentRunner.java:325) [junit-4.12.jar:4.12]
	at org.springframework.test.context.junit4.SpringJUnit4ClassRunner.runChild(SpringJUnit4ClassRunner.java:251) [spring-test-5.2.0.RELEASE.jar:5.2.0.RELEASE]
	at org.springframework.test.context.junit4.SpringJUnit4ClassRunner.runChild(SpringJUnit4ClassRunner.java:97) [spring-test-5.2.0.RELEASE.jar:5.2.0.RELEASE]
	at org.junit.runners.ParentRunner$3.run(ParentRunner.java:290) [junit-4.12.jar:4.12]
	at org.junit.runners.ParentRunner$1.schedule(ParentRunner.java:71) [junit-4.12.jar:4.12]
	at org.junit.runners.ParentRunner.runChildren(ParentRunner.java:288) [junit-4.12.jar:4.12]
	at org.junit.runners.ParentRunner.access$000(ParentRunner.java:58) [junit-4.12.jar:4.12]
	at org.junit.runners.ParentRunner$2.evaluate(ParentRunner.java:268) [junit-4.12.jar:4.12]
	at org.springframework.test.context.junit4.statements.RunBeforeTestClassCallbacks.evaluate(RunBeforeTestClassCallbacks.java:61) [spring-test-5.2.0.RELEASE.jar:5.2.0.RELEASE]
	at org.springframework.test.context.junit4.statements.RunAfterTestClassCallbacks.evaluate(RunAfterTestClassCallbacks.java:70) [spring-test-5.2.0.RELEASE.jar:5.2.0.RELEASE]
	at org.junit.runners.ParentRunner.run(ParentRunner.java:363) [junit-4.12.jar:4.12]
	at org.springframework.test.context.junit4.SpringJUnit4ClassRunner.run(SpringJUnit4ClassRunner.java:190) [spring-test-5.2.0.RELEASE.jar:5.2.0.RELEASE]
	at org.apache.maven.surefire.junit4.JUnit4Provider.execute(JUnit4Provider.java:252) [surefire-junit4-2.12.4.jar:2.12.4]
	at org.apache.maven.surefire.junit4.JUnit4Provider.executeTestSet(JUnit4Provider.java:141) [surefire-junit4-2.12.4.jar:2.12.4]
	at org.apache.maven.surefire.junit4.JUnit4Provider.invoke(JUnit4Provider.java:112) [surefire-junit4-2.12.4.jar:2.12.4]
	at sun.reflect.NativeMethodAccessorImpl.invoke0(Native Method) ~[?:1.8.0_192]
	at sun.reflect.NativeMethodAccessorImpl.invoke(NativeMethodAccessorImpl.java:62) ~[?:1.8.0_192]
	at sun.reflect.DelegatingMethodAccessorImpl.invoke(DelegatingMethodAccessorImpl.java:43) ~[?:1.8.0_192]
	at java.lang.reflect.Method.invoke(Method.java:498) ~[?:1.8.0_192]
	at org.apache.maven.surefire.util.ReflectionUtils.invokeMethodWithArray(ReflectionUtils.java:189) [surefire-api-2.12.4.jar:2.12.4]
	at org.apache.maven.surefire.booter.ProviderFactory$ProviderProxy.invoke(ProviderFactory.java:165) [surefire-booter-2.12.4.jar:2.12.4]
	at org.apache.maven.surefire.booter.ProviderFactory.invokeProvider(ProviderFactory.java:85) [surefire-booter-2.12.4.jar:2.12.4]
	at org.apache.maven.surefire.booter.ForkedBooter.runSuitesInProcess(ForkedBooter.java:115) [surefire-booter-2.12.4.jar:2.12.4]
	at org.apache.maven.surefire.booter.ForkedBooter.main(ForkedBooter.java:75) [surefire-booter-2.12.4.jar:2.12.4]
[11:05:14:387] [INFO] - com.lud.util.comm.runtime.RuntimeCounter.count(RuntimeCounter.java:50) - JS:耗时:5ms
[11:05:14:416] [INFO] - com.lud.test.service.core.data.DataServiceJSBCTest.testJDBCN(DataServiceJSBCTest.java:68) - TEST JDBCN
[11:05:14:417] [INFO] - com.lud.test.service.core.data.DataServiceJSBCTest.testJDBCN(DataServiceJSBCTest.java:71) - 0
[11:05:14:417] [INFO] - com.lud.test.service.core.data.DataServiceJSBCTest.testJDBCN(DataServiceJSBCTest.java:72) - null
[11:05:14:418] [INFO] - com.lud.test.service.core.data.DataServiceJSBCTest.testJDBCN(DataServiceJSBCTest.java:73) - {}
[11:05:14:418] [INFO] - com.lud.test.service.core.data.DataServiceJSBCTest.testJDBCN(DataServiceJSBCTest.java:76) - {}
[11:05:14:421] [INFO] - com.lud.test.service.core.data.DataServiceJSBCTest.testJDBC(DataServiceJSBCTest.java:49) - 0
[11:05:14:423] [INFO] - com.lud.test.service.core.data.DataServiceJSBCTest.testJDBC(DataServiceJSBCTest.java:50) - 0
[11:05:14:424] [INFO] - com.lud.test.service.core.data.DataServiceJSBCTest.testJDBC(DataServiceJSBCTest.java:51) - null
[11:05:14:424] [INFO] - com.lud.test.service.core.data.DataServiceJSBCTest.testJDBC(DataServiceJSBCTest.java:52) - null
[11:05:14:425] [INFO] - com.lud.test.service.core.data.DataServiceJSBCTest.testJDBC(DataServiceJSBCTest.java:53) - {}
[11:05:14:425] [INFO] - com.lud.test.service.core.data.DataServiceJSBCTest.testJDBC(DataServiceJSBCTest.java:54) - {}
[11:05:14:425] [INFO] - com.lud.test.service.core.data.DataServiceJSBCTest.testJDBC(DataServiceJSBCTest.java:55) - {}
[11:05:14:437] [INFO] - com.lud.test.service.core.data.DataServiceTest.testJDBC(DataServiceTest.java:46) - 0
[11:05:14:762] [INFO] - com.lud.test.service.core.mongo.MongoServiceTest.test(MongoServiceTest.java:58) - []
[12:45:24:895] [INFO] - com.alibaba.druid.pool.DruidDataSource.init(DruidDataSource.java:1003) - {dataSource-1,lud-core} inited
[12:45:25:041] [INFO] - com.alibaba.druid.pool.DruidDataSource.init(DruidDataSource.java:1003) - {dataSource-2,lud-iot} inited
[12:45:25:137] [INFO] - com.alibaba.druid.pool.DruidDataSource.init(DruidDataSource.java:1003) - {dataSource-3,osx-core} inited
[12:45:25:233] [INFO] - com.alibaba.druid.pool.DruidDataSource.init(DruidDataSource.java:1003) - {dataSource-4,osx-service} inited
[12:45:28:769] [INFO] - com.lud.util.comm.runtime.RuntimeCounter.count(RuntimeCounter.java:50) - JS:耗时:4ms
[12:45:29:045] [INFO] - com.lud.test.service.core.data.DataQueryRunnerTest.test(DataQueryRunnerTest.java:44) - -1
[12:45:29:050] [INFO] - com.lud.test.service.core.data.DataQueryRunnerTest.test(DataQueryRunnerTest.java:45) - 
[12:45:29:056] [INFO] - com.lud.test.service.core.data.DataServiceJSBCTest.testJDBCN(DataServiceJSBCTest.java:68) - TEST JDBCN
[12:45:29:057] [INFO] - com.lud.test.service.core.data.DataServiceJSBCTest.testJDBCN(DataServiceJSBCTest.java:71) - 0
[12:45:29:057] [INFO] - com.lud.test.service.core.data.DataServiceJSBCTest.testJDBCN(DataServiceJSBCTest.java:72) - null
[12:45:29:057] [INFO] - com.lud.test.service.core.data.DataServiceJSBCTest.testJDBCN(DataServiceJSBCTest.java:73) - {}
[12:45:29:057] [INFO] - com.lud.test.service.core.data.DataServiceJSBCTest.testJDBCN(DataServiceJSBCTest.java:76) - {}
[12:45:29:060] [INFO] - com.lud.test.service.core.data.DataServiceJSBCTest.testJDBC(DataServiceJSBCTest.java:49) - 8
[12:45:29:062] [INFO] - com.lud.test.service.core.data.DataServiceJSBCTest.testJDBC(DataServiceJSBCTest.java:50) - 0
[12:45:29:063] [INFO] - com.lud.test.service.core.data.DataServiceJSBCTest.testJDBC(DataServiceJSBCTest.java:51) - 8
[12:45:29:065] [INFO] - com.lud.test.service.core.data.DataServiceJSBCTest.testJDBC(DataServiceJSBCTest.java:52) - 0
[12:45:29:068] [INFO] - com.lud.test.service.core.data.DataServiceJSBCTest.testJDBC(DataServiceJSBCTest.java:53) - {id=29, code=SmartCampusVehicleService, name=车辆管理(教师版), title=Vehicle, application=null, icon=fab fa-dribbble, para=null, type=null, groupx=SmartCampusService, usergroup=null, version=null, developer=成都奥赛尔科技有限责任公司, description=null, status=1, price=null, canseal=null, sort=null, back=null, script=null, css=null, isinit=null, enname=null}
[12:45:29:070] [INFO] - com.lud.test.service.core.data.DataServiceJSBCTest.testJDBC(DataServiceJSBCTest.java:54) - {}
[12:45:29:072] [INFO] - com.lud.test.service.core.data.DataServiceJSBCTest.testJDBC(DataServiceJSBCTest.java:55) - {}
[12:45:29:190] [INFO] - com.lud.test.service.core.data.DataServiceJSBCTest.testJDBC(DataServiceJSBCTest.java:63) - {}
[12:45:29:202] [INFO] - com.lud.test.service.core.data.DataServiceTest.testJDBC(DataServiceTest.java:46) - -1
[12:45:29:847] [INFO] - com.lud.test.service.core.mongo.MongoServiceTest.test(MongoServiceTest.java:58) - [{"docs":19,"name":"2019-07-23"},{"docs":27,"name":"2019-07-19"},{"docs":37,"name":"2019-09-23"},{"docs":10,"name":"2019-09-24"},{"docs":152,"name":"2019-08-28"},{"docs":29,"name":"2019-10-14"},{"docs":34,"name":"2019-09-16"},{"docs":62,"name":"2019-07-31"},{"docs":29,"name":"2019-09-11"},{"docs":1,"name":"2019-11-06"},{"docs":139,"name":"2019-07-08"},{"docs":39,"name":"2019-07-16"},{"docs":24,"name":"2019-09-26"},{"docs":30,"name":"2019-10-23"},{"docs":14,"name":"2019-07-11"},{"docs":23,"name":"2019-10-29"},{"docs":179,"name":"2019-07-02"},{"docs":21,"name":"2019-09-05"},{"docs":38,"name":"2019-08-23"},{"docs":32,"name":"2019-08-09"},{"docs":43,"name":"2019-09-09"},{"docs":28,"name":"2019-09-20"},{"docs":16,"name":"2019-10-17"},{"docs":19,"name":"2019-07-30"},{"docs":15,"name":"2019-07-12"},{"docs":30,"name":"2019-10-16"},{"docs":15,"name":"2019-10-25"},{"docs":15,"name":"2019-07-18"},{"docs":4805,"name":"TESTDAT"},{"docs":24,"name":"2019-08-26"},{"docs":64,"name":"2019-08-05"},{"docs":111,"name":"2019-08-22"},{"docs":7,"name":"2019-07-01"},{"docs":10,"name":"2019-07-17"},{"docs":40,"name":"2019-09-18"},{"docs":15,"name":"2019-08-01"},{"docs":15,"name":"2019-07-26"},{"docs":126,"name":"2019-10-21"},{"docs":62,"name":"2019-08-30"},{"docs":57,"name":"2019-07-09"},{"docs":26,"name":"2019-09-19"},{"docs":10,"name":"2019-10-24"},{"docs":80,"name":"2019-08-13"},{"docs":51,"name":"2019-08-02"},{"docs":20,"name":"2019-09-29"},{"docs":29,"name":"2019-10-10"},{"docs":91,"name":"2019-07-05"},{"docs":36,"name":"2019-08-15"},{"docs":20,"name":"2019-10-12"},{"docs":17,"name":"2019-10-15"},{"docs":61,"name":"2019-08-20"},{"docs":12,"name":"2019-10-11"},{"docs":149,"name":"2019-08-19"},{"docs":25,"name":"2019-07-22"},{"docs":19,"name":"2019-07-29"},{"docs":35,"name":"2019-08-21"},{"docs":23,"name":"2019-09-04"},{"docs":23,"name":"2019-09-06"},{"docs":36,"name":"2019-09-12"},{"docs":89,"name":"2019-08-29"},{"docs":21,"name":"2019-09-27"},{"docs":20,"name":"2019-09-28"},{"docs":114,"name":"2019-10-22"},{"docs":153,"name":"2019-08-16"},{"docs":10,"name":"2019-08-07"},{"docs":23,"name":"2019-09-03"},{"docs":18,"name":"2019-10-09"},{"docs":1,"name":"2019-11-13"},{"docs":16,"name":"2019-08-27"},{"docs":25,"name":"2019-09-25"},{"docs":19,"name":"2019-10-18"},{"docs":22,"name":"2019-10-08"},{"docs":11,"name":"2019-08-12"},{"docs":22,"name":"2019-08-06"},{"docs":87,"name":"2019-08-08"},{"docs":24,"name":"2019-10-28"},{"docs":15,"name":"2019-07-25"},{"docs":58,"name":"2019-07-03"},{"docs":152,"name":"2019-09-02"},{"docs":29,"name":"2019-07-15"},{"docs":15,"name":"2019-08-14"},{"docs":167,"name":"2019-07-10"},{"docs":33,"name":"2019-09-10"},{"docs":31,"name":"2019-07-24"},{"docs":125,"name":"2019-07-04"},{"docs":124,"name":"2019-09-17"}]
[12:45:30:067] [INFO] - com.lud.util.comm.runtime.RuntimeCounter.count(RuntimeCounter.java:50) - JISHI耗时:8ms
[12:46:00:706] [INFO] - com.alibaba.druid.pool.DruidDataSource.init(DruidDataSource.java:1003) - {dataSource-1,lud-core} inited
[12:46:00:910] [INFO] - com.alibaba.druid.pool.DruidDataSource.init(DruidDataSource.java:1003) - {dataSource-2,lud-iot} inited
[12:46:01:176] [INFO] - com.alibaba.druid.pool.DruidDataSource.init(DruidDataSource.java:1003) - {dataSource-3,osx-core} inited
[12:46:01:328] [INFO] - com.alibaba.druid.pool.DruidDataSource.init(DruidDataSource.java:1003) - {dataSource-4,osx-service} inited
[12:46:04:925] [INFO] - com.lud.util.comm.runtime.RuntimeCounter.count(RuntimeCounter.java:50) - JS:耗时:9ms
[12:46:05:040] [INFO] - com.lud.test.service.core.data.DataQueryRunnerTest.test(DataQueryRunnerTest.java:44) - -1
[12:46:05:047] [INFO] - com.lud.test.service.core.data.DataQueryRunnerTest.test(DataQueryRunnerTest.java:45) - 
[12:46:05:054] [INFO] - com.lud.test.service.core.data.DataServiceJSBCTest.testJDBCN(DataServiceJSBCTest.java:68) - TEST JDBCN
[12:46:05:054] [INFO] - com.lud.test.service.core.data.DataServiceJSBCTest.testJDBCN(DataServiceJSBCTest.java:71) - 0
[12:46:05:055] [INFO] - com.lud.test.service.core.data.DataServiceJSBCTest.testJDBCN(DataServiceJSBCTest.java:72) - null
[12:46:05:055] [INFO] - com.lud.test.service.core.data.DataServiceJSBCTest.testJDBCN(DataServiceJSBCTest.java:73) - {}
[12:46:05:055] [INFO] - com.lud.test.service.core.data.DataServiceJSBCTest.testJDBCN(DataServiceJSBCTest.java:76) - {}
[12:46:05:059] [INFO] - com.lud.test.service.core.data.DataServiceJSBCTest.testJDBC(DataServiceJSBCTest.java:49) - 8
[12:46:05:061] [INFO] - com.lud.test.service.core.data.DataServiceJSBCTest.testJDBC(DataServiceJSBCTest.java:50) - 0
[12:46:05:062] [INFO] - com.lud.test.service.core.data.DataServiceJSBCTest.testJDBC(DataServiceJSBCTest.java:51) - 8
[12:46:05:064] [INFO] - com.lud.test.service.core.data.DataServiceJSBCTest.testJDBC(DataServiceJSBCTest.java:52) - 0
[12:46:05:068] [INFO] - com.lud.test.service.core.data.DataServiceJSBCTest.testJDBC(DataServiceJSBCTest.java:53) - {id=29, code=SmartCampusVehicleService, name=车辆管理(教师版), title=Vehicle, application=null, icon=fab fa-dribbble, para=null, type=null, groupx=SmartCampusService, usergroup=null, version=null, developer=成都奥赛尔科技有限责任公司, description=null, status=1, price=null, canseal=null, sort=null, back=null, script=null, css=null, isinit=null, enname=null}
[12:46:05:070] [INFO] - com.lud.test.service.core.data.DataServiceJSBCTest.testJDBC(DataServiceJSBCTest.java:54) - {}
[12:46:05:073] [INFO] - com.lud.test.service.core.data.DataServiceJSBCTest.testJDBC(DataServiceJSBCTest.java:55) - {}
[12:46:05:147] [INFO] - com.lud.test.service.core.data.DataServiceJSBCTest.testJDBC(DataServiceJSBCTest.java:63) - {}
[12:46:05:173] [INFO] - com.lud.test.service.core.data.DataServiceTest.testJDBC(DataServiceTest.java:46) - -1
[12:46:05:921] [INFO] - com.lud.test.service.core.mongo.MongoServiceTest.test(MongoServiceTest.java:58) - [{"docs":19,"name":"2019-07-23"},{"docs":27,"name":"2019-07-19"},{"docs":37,"name":"2019-09-23"},{"docs":10,"name":"2019-09-24"},{"docs":152,"name":"2019-08-28"},{"docs":29,"name":"2019-10-14"},{"docs":34,"name":"2019-09-16"},{"docs":62,"name":"2019-07-31"},{"docs":29,"name":"2019-09-11"},{"docs":1,"name":"2019-11-06"},{"docs":139,"name":"2019-07-08"},{"docs":39,"name":"2019-07-16"},{"docs":24,"name":"2019-09-26"},{"docs":30,"name":"2019-10-23"},{"docs":14,"name":"2019-07-11"},{"docs":23,"name":"2019-10-29"},{"docs":179,"name":"2019-07-02"},{"docs":21,"name":"2019-09-05"},{"docs":38,"name":"2019-08-23"},{"docs":32,"name":"2019-08-09"},{"docs":43,"name":"2019-09-09"},{"docs":28,"name":"2019-09-20"},{"docs":16,"name":"2019-10-17"},{"docs":19,"name":"2019-07-30"},{"docs":15,"name":"2019-07-12"},{"docs":30,"name":"2019-10-16"},{"docs":15,"name":"2019-10-25"},{"docs":15,"name":"2019-07-18"},{"docs":4977,"name":"TESTDAT"},{"docs":24,"name":"2019-08-26"},{"docs":64,"name":"2019-08-05"},{"docs":111,"name":"2019-08-22"},{"docs":7,"name":"2019-07-01"},{"docs":10,"name":"2019-07-17"},{"docs":40,"name":"2019-09-18"},{"docs":15,"name":"2019-08-01"},{"docs":15,"name":"2019-07-26"},{"docs":126,"name":"2019-10-21"},{"docs":62,"name":"2019-08-30"},{"docs":57,"name":"2019-07-09"},{"docs":26,"name":"2019-09-19"},{"docs":10,"name":"2019-10-24"},{"docs":80,"name":"2019-08-13"},{"docs":51,"name":"2019-08-02"},{"docs":20,"name":"2019-09-29"},{"docs":29,"name":"2019-10-10"},{"docs":91,"name":"2019-07-05"},{"docs":36,"name":"2019-08-15"},{"docs":20,"name":"2019-10-12"},{"docs":17,"name":"2019-10-15"},{"docs":61,"name":"2019-08-20"},{"docs":12,"name":"2019-10-11"},{"docs":149,"name":"2019-08-19"},{"docs":25,"name":"2019-07-22"},{"docs":19,"name":"2019-07-29"},{"docs":35,"name":"2019-08-21"},{"docs":23,"name":"2019-09-04"},{"docs":23,"name":"2019-09-06"},{"docs":36,"name":"2019-09-12"},{"docs":89,"name":"2019-08-29"},{"docs":21,"name":"2019-09-27"},{"docs":20,"name":"2019-09-28"},{"docs":114,"name":"2019-10-22"},{"docs":153,"name":"2019-08-16"},{"docs":10,"name":"2019-08-07"},{"docs":23,"name":"2019-09-03"},{"docs":18,"name":"2019-10-09"},{"docs":1,"name":"2019-11-13"},{"docs":16,"name":"2019-08-27"},{"docs":25,"name":"2019-09-25"},{"docs":19,"name":"2019-10-18"},{"docs":22,"name":"2019-10-08"},{"docs":11,"name":"2019-08-12"},{"docs":22,"name":"2019-08-06"},{"docs":87,"name":"2019-08-08"},{"docs":24,"name":"2019-10-28"},{"docs":15,"name":"2019-07-25"},{"docs":58,"name":"2019-07-03"},{"docs":152,"name":"2019-09-02"},{"docs":29,"name":"2019-07-15"},{"docs":15,"name":"2019-08-14"},{"docs":167,"name":"2019-07-10"},{"docs":33,"name":"2019-09-10"},{"docs":31,"name":"2019-07-24"},{"docs":125,"name":"2019-07-04"},{"docs":124,"name":"2019-09-17"}]
[12:46:06:069] [INFO] - com.lud.util.comm.runtime.RuntimeCounter.count(RuntimeCounter.java:50) - JISHI耗时:3ms
