[11:37:29:286] [ERROR] - com.lud.service.core.redis.RedisServiceImp.set(RedisServiceImp.java:339) - redis.clients.jedis.exceptions.JedisConnectionException: Could not get a resource from the pool
[11:37:29:316] [ERROR] - com.lud.service.core.redis.RedisServiceImp.expire(RedisServiceImp.java:94) - redis.clients.jedis.exceptions.JedisConnectionException: Could not get a resource from the pool
[11:37:29:317] [ERROR] - com.lud.service.core.redis.RedisServiceImp.get(RedisServiceImp.java:111) - redis.clients.jedis.exceptions.JedisConnectionException: Could not get a resource from the pool
[11:37:29:317] [ERROR] - com.lud.service.core.redis.RedisServiceImp.exists(RedisServiceImp.java:76) - redis.clients.jedis.exceptions.JedisConnectionException: Could not get a resource from the pool
[11:37:29:317] [ERROR] - com.lud.service.core.redis.RedisServiceImp.ttl(RedisServiceImp.java:393) - redis.clients.jedis.exceptions.JedisConnectionException: Could not get a resource from the pool
[11:37:29:318] [ERROR] - com.lud.service.core.redis.RedisServiceImp.del(RedisServiceImp.java:59) - redis.clients.jedis.exceptions.JedisConnectionException: Could not get a resource from the pool
[11:37:29:318] [ERROR] - com.lud.service.core.redis.RedisServiceImp.setbit(RedisServiceImp.java:357) - redis.clients.jedis.exceptions.JedisConnectionException: Could not get a resource from the pool
[11:37:29:318] [ERROR] - com.lud.service.core.redis.RedisServiceImp.getbit(RedisServiceImp.java:145) - redis.clients.jedis.exceptions.JedisConnectionException: Could not get a resource from the pool
[11:37:29:318] [ERROR] - com.lud.service.core.redis.RedisServiceImp.setrange(RedisServiceImp.java:376) - redis.clients.jedis.exceptions.JedisConnectionException: Could not get a resource from the pool
[11:37:29:318] [ERROR] - com.lud.service.core.redis.RedisServiceImp.getrange(RedisServiceImp.java:164) - redis.clients.jedis.exceptions.JedisConnectionException: Could not get a resource from the pool
[11:37:29:319] [ERROR] - com.lud.service.core.redis.RedisServiceImp.type(RedisServiceImp.java:410) - redis.clients.jedis.exceptions.JedisConnectionException: Could not get a resource from the pool
[11:37:29:319] [ERROR] - com.lud.service.core.redis.RedisServiceImp.hmset(RedisServiceImp.java:282) - redis.clients.jedis.exceptions.JedisConnectionException: Could not get a resource from the pool
[11:37:29:319] [ERROR] - com.lud.service.core.redis.RedisServiceImp.hmsset(RedisServiceImp.java:302) - redis.clients.jedis.exceptions.JedisConnectionException: Could not get a resource from the pool
[11:37:29:320] [ERROR] - com.lud.service.core.redis.RedisServiceImp.hset(RedisServiceImp.java:321) - redis.clients.jedis.exceptions.JedisConnectionException: Could not get a resource from the pool
[11:37:29:320] [ERROR] - com.lud.service.core.redis.RedisServiceImp.hset(RedisServiceImp.java:321) - redis.clients.jedis.exceptions.JedisConnectionException: Could not get a resource from the pool
[11:37:29:320] [ERROR] - com.lud.service.core.redis.RedisServiceImp.hget(RedisServiceImp.java:210) - redis.clients.jedis.exceptions.JedisConnectionException: Could not get a resource from the pool
[11:37:29:320] [ERROR] - com.lud.service.core.redis.RedisServiceImp.hincrby(RedisServiceImp.java:229) - redis.clients.jedis.exceptions.JedisConnectionException: Could not get a resource from the pool
[11:37:29:320] [ERROR] - com.lud.service.core.redis.RedisServiceImp.hget(RedisServiceImp.java:210) - redis.clients.jedis.exceptions.JedisConnectionException: Could not get a resource from the pool
[11:37:29:321] [ERROR] - com.lud.service.core.redis.RedisServiceImp.hmget(RedisServiceImp.java:247) - redis.clients.jedis.exceptions.JedisConnectionException: Could not get a resource from the pool
[11:37:29:322] [ERROR] - com.lud.service.core.redis.RedisServiceImp.hmgetAll(RedisServiceImp.java:264) - redis.clients.jedis.exceptions.JedisConnectionException: Could not get a resource from the pool
[11:37:29:330] [ERROR] - com.lud.service.core.redis.RedisServiceImp.hdel(RedisServiceImp.java:182) - redis.clients.jedis.exceptions.JedisConnectionException: Could not get a resource from the pool
[11:37:29:330] [ERROR] - com.lud.service.core.redis.RedisServiceImp.getAllKeys(RedisServiceImp.java:128) - redis.clients.jedis.exceptions.JedisConnectionException: Could not get a resource from the pool
[11:39:16:272] [ERROR] - com.lud.service.core.mongo.MongoServiceImp.getDataBaseList(MongoServiceImp.java:172) - ERROR[1001.0001]MongoDB:获取数据库列表错误java.lang.NullPointerException
[11:39:16:273] [ERROR] - com.lud.service.core.mongo.MongoServiceImp.getCollection(MongoServiceImp.java:120) - ERROR[1001.0006]MongoDB:查找单个库错误java.lang.NullPointerException
[11:39:16:274] [ERROR] - com.lud.service.core.mongo.MongoServiceImp.getCollections(MongoServiceImp.java:148) - ERROR[1001.0005]MongoDB:查找所有库错误java.lang.NullPointerException
[11:39:16:274] [ERROR] - com.lud.service.core.mongo.MongoServiceImp.getCollections(MongoServiceImp.java:148) - ERROR[1001.0005]MongoDB:查找所有库错误java.lang.NullPointerException
[11:39:16:275] [ERROR] - com.lud.service.core.mongo.MongoServiceImp.getDBInfo(MongoServiceImp.java:211) - ERROR[1001.0001]MongoDB:获取数据库列表错误java.lang.NullPointerException
[11:58:02:274] [ERROR] - com.lud.util.spring.util.SpringLauncher.run(SpringLauncher.java:59) - org.springframework.beans.factory.BeanCreationException: Error creating bean with name 'springContextReger' defined in file [D:\Aworkspace\lud-parent\lud-util-spring\target\classes\com\lud\util\spring\util\SpringContextReger.class]: Initialization of bean failed; nested exception is org.apache.dubbo.rpc.RpcException: No provider available from registry 127.0.0.1:3579 for service com.lud.service.core.api.data.query.DataQueryService on consumer 192.168.0.186 use dubbo version 2.7.3, please check status of providers(disabled, not registered or in blacklist).
