[09:57:46:682] [INFO] - com.lud.util.spring.util.SpringLauncher.run(SpringLauncher.java:51) - the service lud-service-core is stating......
[09:58:14:558] [INFO] - com.alibaba.druid.pool.DruidDataSource.init(DruidDataSource.java:1003) - {dataSource-1,lud-core} inited
[09:58:15:189] [INFO] - com.alibaba.druid.pool.DruidDataSource.init(DruidDataSource.java:1003) - {dataSource-2,lud-iot} inited
[09:58:15:417] [INFO] - com.alibaba.druid.pool.DruidDataSource.init(DruidDataSource.java:1003) - {dataSource-3,osx-core} inited
[09:58:15:727] [INFO] - com.alibaba.druid.pool.DruidDataSource.init(DruidDataSource.java:1003) - {dataSource-4,osx-service} inited
[09:58:32:081] [INFO] - com.lud.util.spring.util.SpringLauncher.run(SpringLauncher.java:54) - the service lud-service-core is stated......
[10:02:32:176] [INFO] - com.lud.util.spring.util.SpringLauncher.run(SpringLauncher.java:51) - the service lud-service-business is stating......
[10:02:48:002] [INFO] - com.lud.util.spring.util.SpringLauncher.run(SpringLauncher.java:54) - the service lud-service-business is stated......
[11:34:57:282] [INFO] - com.alibaba.druid.pool.DruidDataSource.close(DruidDataSource.java:1965) - {dataSource-2} closing ...
[11:34:57:341] [INFO] - com.alibaba.druid.pool.DruidDataSource.close(DruidDataSource.java:2037) - {dataSource-2} closed
[11:34:57:342] [INFO] - com.alibaba.druid.pool.DruidDataSource.close(DruidDataSource.java:1965) - {dataSource-1} closing ...
[11:34:57:343] [INFO] - com.alibaba.druid.pool.DruidDataSource.close(DruidDataSource.java:2037) - {dataSource-1} closed
[11:34:57:344] [INFO] - com.alibaba.druid.pool.DruidDataSource.close(DruidDataSource.java:1965) - {dataSource-3} closing ...
[11:34:57:347] [INFO] - com.alibaba.druid.pool.DruidDataSource.close(DruidDataSource.java:2037) - {dataSource-3} closed
[11:34:57:349] [INFO] - com.alibaba.druid.pool.DruidDataSource.close(DruidDataSource.java:1965) - {dataSource-4} closing ...
[11:34:57:351] [INFO] - com.alibaba.druid.pool.DruidDataSource.close(DruidDataSource.java:2037) - {dataSource-4} closed
[11:34:57:542] [INFO] - com.alibaba.druid.pool.DruidDataSource.init(DruidDataSource.java:1003) - {dataSource-5,lud-core} inited
[11:34:57:672] [INFO] - com.alibaba.druid.pool.DruidDataSource.init(DruidDataSource.java:1003) - {dataSource-6,lud-iot} inited
[11:34:57:774] [INFO] - com.alibaba.druid.pool.DruidDataSource.init(DruidDataSource.java:1003) - {dataSource-7,osx-core} inited
[11:34:57:914] [INFO] - com.alibaba.druid.pool.DruidDataSource.init(DruidDataSource.java:1003) - {dataSource-8,osx-service} inited
[12:00:30:309] [INFO] - com.lud.util.spring.util.SpringLauncher.run(SpringLauncher.java:51) - the service lud-service-core is stating......
[12:00:37:890] [INFO] - com.alibaba.druid.pool.DruidDataSource.init(DruidDataSource.java:1003) - {dataSource-1,lud-core} inited
[12:00:38:058] [INFO] - com.alibaba.druid.pool.DruidDataSource.init(DruidDataSource.java:1003) - {dataSource-2,lud-iot} inited
[12:00:38:135] [INFO] - com.alibaba.druid.pool.DruidDataSource.init(DruidDataSource.java:1003) - {dataSource-3,osx-core} inited
[12:00:38:246] [INFO] - com.alibaba.druid.pool.DruidDataSource.init(DruidDataSource.java:1003) - {dataSource-4,osx-service} inited
[12:00:41:423] [INFO] - com.lud.util.spring.util.SpringLauncher.run(SpringLauncher.java:54) - the service lud-service-core is stated......
[12:11:17:503] [INFO] - com.lud.util.spring.util.SpringLauncher.run(SpringLauncher.java:51) - the service lud-service-business is stating......
[12:11:31:879] [INFO] - com.lud.util.spring.util.SpringLauncher.run(SpringLauncher.java:54) - the service lud-service-business is stated......
[12:12:18:393] [INFO] - com.lud.util.spring.util.SpringLauncher.run(SpringLauncher.java:51) - the service lud-service-core is stating......
[12:12:27:044] [INFO] - com.alibaba.druid.pool.DruidDataSource.init(DruidDataSource.java:1003) - {dataSource-1,lud-core} inited
[12:12:27:265] [INFO] - com.alibaba.druid.pool.DruidDataSource.init(DruidDataSource.java:1003) - {dataSource-2,lud-iot} inited
[12:12:27:370] [INFO] - com.alibaba.druid.pool.DruidDataSource.init(DruidDataSource.java:1003) - {dataSource-3,osx-core} inited
[12:12:27:477] [INFO] - com.alibaba.druid.pool.DruidDataSource.init(DruidDataSource.java:1003) - {dataSource-4,osx-service} inited
[12:12:30:947] [INFO] - com.lud.util.spring.util.SpringLauncher.run(SpringLauncher.java:54) - the service lud-service-core is stated......
[12:12:45:385] [INFO] - com.lud.util.spring.util.SpringLauncher.run(SpringLauncher.java:51) - the service lud-service-business is stating......
[12:12:59:778] [INFO] - com.lud.util.spring.util.SpringLauncher.run(SpringLauncher.java:54) - the service lud-service-business is stated......
[14:47:22:893] [INFO] - com.alibaba.druid.pool.DruidDataSource.close(DruidDataSource.java:1965) - {dataSource-2} closing ...
[14:47:22:959] [INFO] - com.alibaba.druid.pool.DruidDataSource.close(DruidDataSource.java:2037) - {dataSource-2} closed
[14:47:22:978] [INFO] - com.alibaba.druid.pool.DruidDataSource.close(DruidDataSource.java:1965) - {dataSource-1} closing ...
[14:47:22:980] [INFO] - com.alibaba.druid.pool.DruidDataSource.close(DruidDataSource.java:2037) - {dataSource-1} closed
[14:47:22:980] [INFO] - com.alibaba.druid.pool.DruidDataSource.close(DruidDataSource.java:1965) - {dataSource-3} closing ...
[14:47:22:984] [INFO] - com.alibaba.druid.pool.DruidDataSource.close(DruidDataSource.java:2037) - {dataSource-3} closed
[14:47:22:985] [INFO] - com.alibaba.druid.pool.DruidDataSource.close(DruidDataSource.java:1965) - {dataSource-4} closing ...
[14:47:22:986] [INFO] - com.alibaba.druid.pool.DruidDataSource.close(DruidDataSource.java:2037) - {dataSource-4} closed
[14:47:23:202] [INFO] - com.alibaba.druid.pool.DruidDataSource.init(DruidDataSource.java:1003) - {dataSource-5,lud-core} inited
[14:47:23:365] [INFO] - com.alibaba.druid.pool.DruidDataSource.init(DruidDataSource.java:1003) - {dataSource-6,lud-iot} inited
[14:47:23:481] [INFO] - com.alibaba.druid.pool.DruidDataSource.init(DruidDataSource.java:1003) - {dataSource-7,osx-core} inited
[14:47:23:587] [INFO] - com.alibaba.druid.pool.DruidDataSource.init(DruidDataSource.java:1003) - {dataSource-8,osx-service} inited
[14:48:48:532] [INFO] - com.alibaba.druid.pool.DruidDataSource.close(DruidDataSource.java:1965) - {dataSource-6} closing ...
[14:48:48:535] [INFO] - com.alibaba.druid.pool.DruidDataSource.close(DruidDataSource.java:2037) - {dataSource-6} closed
[14:48:48:536] [INFO] - com.alibaba.druid.pool.DruidDataSource.close(DruidDataSource.java:1965) - {dataSource-5} closing ...
[14:48:48:537] [INFO] - com.alibaba.druid.pool.DruidDataSource.close(DruidDataSource.java:2037) - {dataSource-5} closed
[14:48:48:538] [INFO] - com.alibaba.druid.pool.DruidDataSource.close(DruidDataSource.java:1965) - {dataSource-7} closing ...
[14:48:48:540] [INFO] - com.alibaba.druid.pool.DruidDataSource.close(DruidDataSource.java:2037) - {dataSource-7} closed
[14:48:48:541] [INFO] - com.alibaba.druid.pool.DruidDataSource.close(DruidDataSource.java:1965) - {dataSource-8} closing ...
[14:48:48:546] [INFO] - com.alibaba.druid.pool.DruidDataSource.close(DruidDataSource.java:2037) - {dataSource-8} closed
[14:48:48:635] [INFO] - com.alibaba.druid.pool.DruidDataSource.init(DruidDataSource.java:1003) - {dataSource-9,lud-core} inited
[14:48:48:720] [INFO] - com.alibaba.druid.pool.DruidDataSource.init(DruidDataSource.java:1003) - {dataSource-10,lud-iot} inited
[14:48:48:858] [INFO] - com.alibaba.druid.pool.DruidDataSource.init(DruidDataSource.java:1003) - {dataSource-11,osx-core} inited
[14:48:48:967] [INFO] - com.alibaba.druid.pool.DruidDataSource.init(DruidDataSource.java:1003) - {dataSource-12,osx-service} inited
[15:12:53:386] [INFO] - com.lud.util.spring.util.SpringLauncher.run(SpringLauncher.java:51) - the service lud-service-core is stating......
[15:13:03:220] [INFO] - com.alibaba.druid.pool.DruidDataSource.init(DruidDataSource.java:1003) - {dataSource-1,lud-core} inited
[15:13:03:373] [INFO] - com.alibaba.druid.pool.DruidDataSource.init(DruidDataSource.java:1003) - {dataSource-2,lud-iot} inited
[15:13:03:464] [INFO] - com.alibaba.druid.pool.DruidDataSource.init(DruidDataSource.java:1003) - {dataSource-3,osx-core} inited
[15:13:03:539] [INFO] - com.alibaba.druid.pool.DruidDataSource.init(DruidDataSource.java:1003) - {dataSource-4,osx-service} inited
[15:13:06:721] [INFO] - com.lud.util.spring.util.SpringLauncher.run(SpringLauncher.java:54) - the service lud-service-core is stated......
[15:13:19:868] [INFO] - com.lud.util.spring.util.SpringLauncher.run(SpringLauncher.java:51) - the service lud-service-business is stating......
[15:13:33:397] [INFO] - com.lud.util.spring.util.SpringLauncher.run(SpringLauncher.java:54) - the service lud-service-business is stated......
[15:40:44:978] [INFO] - com.lud.util.spring.util.SpringLauncher.run(SpringLauncher.java:51) - the service lud-service-business is stating......
[15:40:55:857] [INFO] - com.lud.util.spring.util.SpringLauncher.run(SpringLauncher.java:51) - the service lud-service-core is stating......
[15:41:03:280] [INFO] - com.alibaba.druid.pool.DruidDataSource.init(DruidDataSource.java:1003) - {dataSource-1,lud-core} inited
[15:41:03:425] [INFO] - com.alibaba.druid.pool.DruidDataSource.init(DruidDataSource.java:1003) - {dataSource-2,lud-iot} inited
[15:41:03:505] [INFO] - com.alibaba.druid.pool.DruidDataSource.init(DruidDataSource.java:1003) - {dataSource-3,osx-core} inited
[15:41:03:586] [INFO] - com.alibaba.druid.pool.DruidDataSource.init(DruidDataSource.java:1003) - {dataSource-4,osx-service} inited
[15:41:06:350] [INFO] - com.lud.util.spring.util.SpringLauncher.run(SpringLauncher.java:54) - the service lud-service-core is stated......
[15:41:53:200] [INFO] - com.lud.util.spring.util.SpringLauncher.run(SpringLauncher.java:51) - the service lud-service-business is stating......
[15:42:06:303] [INFO] - com.lud.util.spring.util.SpringLauncher.run(SpringLauncher.java:54) - the service lud-service-business is stated......
[18:33:02:312] [INFO] - com.alibaba.druid.pool.DruidDataSource.close(DruidDataSource.java:1965) - {dataSource-2} closing ...
[18:33:02:505] [INFO] - com.alibaba.druid.pool.DruidDataSource.close(DruidDataSource.java:2037) - {dataSource-2} closed
[18:33:02:506] [INFO] - com.alibaba.druid.pool.DruidDataSource.close(DruidDataSource.java:1965) - {dataSource-1} closing ...
[18:33:02:507] [INFO] - com.alibaba.druid.pool.DruidDataSource.close(DruidDataSource.java:2037) - {dataSource-1} closed
[18:33:02:508] [INFO] - com.alibaba.druid.pool.DruidDataSource.close(DruidDataSource.java:1965) - {dataSource-3} closing ...
[18:33:02:509] [INFO] - com.alibaba.druid.pool.DruidDataSource.close(DruidDataSource.java:2037) - {dataSource-3} closed
[18:33:02:509] [INFO] - com.alibaba.druid.pool.DruidDataSource.close(DruidDataSource.java:1965) - {dataSource-4} closing ...
[18:33:02:511] [INFO] - com.alibaba.druid.pool.DruidDataSource.close(DruidDataSource.java:2037) - {dataSource-4} closed
[18:33:02:969] [INFO] - com.alibaba.druid.pool.DruidDataSource.init(DruidDataSource.java:1003) - {dataSource-5,lud-core} inited
[18:33:03:148] [INFO] - com.alibaba.druid.pool.DruidDataSource.init(DruidDataSource.java:1003) - {dataSource-6,lud-iot} inited
[18:33:03:243] [INFO] - com.alibaba.druid.pool.DruidDataSource.init(DruidDataSource.java:1003) - {dataSource-7,osx-core} inited
[18:33:03:390] [INFO] - com.alibaba.druid.pool.DruidDataSource.init(DruidDataSource.java:1003) - {dataSource-8,osx-service} inited
[18:47:58:192] [INFO] - com.lud.util.spring.util.SpringLauncher.run(SpringLauncher.java:51) - the service lud-service-core is stating......
[18:48:10:793] [INFO] - com.lud.util.spring.util.SpringLauncher.run(SpringLauncher.java:51) - the service lud-service-business is stating......
[18:48:12:330] [INFO] - com.alibaba.druid.pool.DruidDataSource.init(DruidDataSource.java:1003) - {dataSource-1,lud-core} inited
[18:48:12:537] [INFO] - com.alibaba.druid.pool.DruidDataSource.init(DruidDataSource.java:1003) - {dataSource-2,lud-iot} inited
[18:48:12:773] [INFO] - com.alibaba.druid.pool.DruidDataSource.init(DruidDataSource.java:1003) - {dataSource-3,osx-core} inited
[18:48:12:917] [INFO] - com.alibaba.druid.pool.DruidDataSource.init(DruidDataSource.java:1003) - {dataSource-4,osx-service} inited
[18:48:17:450] [INFO] - com.lud.util.spring.util.SpringLauncher.run(SpringLauncher.java:54) - the service lud-service-core is stated......
[18:48:26:152] [INFO] - com.lud.util.spring.util.SpringLauncher.run(SpringLauncher.java:54) - the service lud-service-business is stated......
[18:57:03:337] [INFO] - com.lud.util.spring.util.SpringLauncher.run(SpringLauncher.java:51) - the service lud-service-core is stating......
[18:57:11:278] [INFO] - com.alibaba.druid.pool.DruidDataSource.init(DruidDataSource.java:1003) - {dataSource-1,lud-core} inited
[18:57:11:659] [INFO] - com.alibaba.druid.pool.DruidDataSource.init(DruidDataSource.java:1003) - {dataSource-2,lud-iot} inited
[18:57:11:771] [INFO] - com.alibaba.druid.pool.DruidDataSource.init(DruidDataSource.java:1003) - {dataSource-3,osx-core} inited
[18:57:12:244] [INFO] - com.lud.util.spring.util.SpringLauncher.run(SpringLauncher.java:51) - the service lud-service-business is stating......
[18:57:12:409] [INFO] - com.alibaba.druid.pool.DruidDataSource.init(DruidDataSource.java:1003) - {dataSource-4,osx-service} inited
[18:57:15:813] [INFO] - com.lud.util.spring.util.SpringLauncher.run(SpringLauncher.java:54) - the service lud-service-core is stated......
[18:57:26:513] [INFO] - com.lud.util.spring.util.SpringLauncher.run(SpringLauncher.java:54) - the service lud-service-business is stated......
