[10:29:52:722] [INFO] - com.lud.util.spring.util.SpringLauncher.run(SpringLauncher.java:51) - the service lud-service-core is stating......
[10:30:05:746] [INFO] - com.alibaba.druid.pool.DruidDataSource.init(DruidDataSource.java:1003) - {dataSource-1,lud-core} inited
[10:30:06:118] [INFO] - com.alibaba.druid.pool.DruidDataSource.init(DruidDataSource.java:1003) - {dataSource-2,lud-iot} inited
[10:30:06:297] [INFO] - com.alibaba.druid.pool.DruidDataSource.init(DruidDataSource.java:1003) - {dataSource-3,osx-core} inited
[10:30:06:453] [INFO] - com.alibaba.druid.pool.DruidDataSource.init(DruidDataSource.java:1003) - {dataSource-4,osx-service} inited
[10:30:13:458] [INFO] - com.lud.util.spring.util.SpringLauncher.run(SpringLauncher.java:54) - the service lud-service-core is stated......
[10:38:46:948] [INFO] - com.lud.util.spring.util.SpringLauncher.run(SpringLauncher.java:51) - the service lud-service-business is stating......
[10:39:07:997] [INFO] - com.lud.util.spring.util.SpringLauncher.run(SpringLauncher.java:54) - the service lud-service-business is stated......
[11:43:16:509] [INFO] - com.lud.util.spring.util.SpringLauncher.run(SpringLauncher.java:51) - the service lud-service-business is stating......
[11:43:29:741] [INFO] - com.lud.util.spring.util.SpringLauncher.run(SpringLauncher.java:54) - the service lud-service-business is stated......
[11:48:50:354] [INFO] - com.lud.util.spring.util.SpringLauncher.run(SpringLauncher.java:51) - the service lud-service-core is stating......
[11:48:58:883] [INFO] - com.alibaba.druid.pool.DruidDataSource.init(DruidDataSource.java:1003) - {dataSource-1,lud-core} inited
[11:48:59:125] [INFO] - com.alibaba.druid.pool.DruidDataSource.init(DruidDataSource.java:1003) - {dataSource-2,lud-iot} inited
[11:48:59:256] [INFO] - com.alibaba.druid.pool.DruidDataSource.init(DruidDataSource.java:1003) - {dataSource-3,osx-core} inited
[11:48:59:468] [INFO] - com.alibaba.druid.pool.DruidDataSource.init(DruidDataSource.java:1003) - {dataSource-4,osx-service} inited
[11:49:02:518] [INFO] - com.lud.util.spring.util.SpringLauncher.run(SpringLauncher.java:54) - the service lud-service-core is stated......
[11:49:38:765] [INFO] - com.lud.util.spring.util.SpringLauncher.run(SpringLauncher.java:51) - the service lud-service-business is stating......
[11:49:52:999] [INFO] - com.lud.util.spring.util.SpringLauncher.run(SpringLauncher.java:54) - the service lud-service-business is stated......
[11:50:51:393] [INFO] - com.lud.util.spring.util.SpringLauncher.run(SpringLauncher.java:51) - the service lud-service-open is stating......
[11:51:02:830] [INFO] - com.lud.util.spring.util.SpringLauncher.run(SpringLauncher.java:54) - the service lud-service-open is stated......
[11:57:50:755] [INFO] - com.lud.util.spring.util.SpringLauncher.run(SpringLauncher.java:51) - the service lud-service-smartcampus is stating......
[11:58:01:895] [INFO] - com.lud.util.spring.util.SpringLauncher.run(SpringLauncher.java:54) - the service lud-service-smartcampus is stated......
[14:28:47:156] [INFO] - com.lud.util.spring.util.SpringLauncher.run(SpringLauncher.java:51) - the service lud-service-core is stating......
[14:29:02:006] [INFO] - com.alibaba.druid.pool.DruidDataSource.init(DruidDataSource.java:1003) - {dataSource-1,lud-core} inited
[14:29:02:221] [INFO] - com.alibaba.druid.pool.DruidDataSource.init(DruidDataSource.java:1003) - {dataSource-2,lud-iot} inited
[14:29:02:342] [INFO] - com.alibaba.druid.pool.DruidDataSource.init(DruidDataSource.java:1003) - {dataSource-3,osx-core} inited
[14:29:02:538] [INFO] - com.alibaba.druid.pool.DruidDataSource.init(DruidDataSource.java:1003) - {dataSource-4,osx-service} inited
[14:29:08:155] [INFO] - com.lud.util.spring.util.SpringLauncher.run(SpringLauncher.java:54) - the service lud-service-core is stated......
[14:30:13:282] [INFO] - com.lud.util.spring.util.SpringLauncher.run(SpringLauncher.java:51) - the service lud-service-open is stating......
[14:30:23:737] [INFO] - com.lud.util.spring.util.SpringLauncher.run(SpringLauncher.java:54) - the service lud-service-open is stated......
[14:50:56:648] [INFO] - com.lud.util.spring.util.SpringLauncher.run(SpringLauncher.java:51) - the service lud-service-core is stating......
[14:51:08:468] [INFO] - com.alibaba.druid.pool.DruidDataSource.init(DruidDataSource.java:1003) - {dataSource-1,lud-core} inited
[14:51:08:713] [INFO] - com.alibaba.druid.pool.DruidDataSource.init(DruidDataSource.java:1003) - {dataSource-2,lud-iot} inited
[14:51:08:817] [INFO] - com.alibaba.druid.pool.DruidDataSource.init(DruidDataSource.java:1003) - {dataSource-3,osx-core} inited
[14:51:08:934] [INFO] - com.alibaba.druid.pool.DruidDataSource.init(DruidDataSource.java:1003) - {dataSource-4,osx-service} inited
[14:51:12:838] [INFO] - com.lud.util.spring.util.SpringLauncher.run(SpringLauncher.java:54) - the service lud-service-core is stated......
[17:35:44:950] [INFO] - com.lud.util.spring.util.SpringLauncher.run(SpringLauncher.java:51) - the service lud-service-core is stating......
[17:36:00:263] [INFO] - com.alibaba.druid.pool.DruidDataSource.init(DruidDataSource.java:1003) - {dataSource-1,lud-core} inited
[17:36:00:652] [INFO] - com.alibaba.druid.pool.DruidDataSource.init(DruidDataSource.java:1003) - {dataSource-2,lud-iot} inited
[17:36:00:742] [INFO] - com.alibaba.druid.pool.DruidDataSource.init(DruidDataSource.java:1003) - {dataSource-3,osx-core} inited
[17:36:00:857] [INFO] - com.alibaba.druid.pool.DruidDataSource.init(DruidDataSource.java:1003) - {dataSource-4,osx-service} inited
[17:36:07:148] [INFO] - com.lud.util.spring.util.SpringLauncher.run(SpringLauncher.java:54) - the service lud-service-core is stated......
[17:44:47:125] [INFO] - com.lud.util.spring.util.SpringLauncher.run(SpringLauncher.java:51) - the service lud-service-core is stating......
[17:44:54:869] [INFO] - com.alibaba.druid.pool.DruidDataSource.init(DruidDataSource.java:1003) - {dataSource-1,lud-core} inited
[17:44:55:028] [INFO] - com.alibaba.druid.pool.DruidDataSource.init(DruidDataSource.java:1003) - {dataSource-2,lud-iot} inited
[17:44:55:126] [INFO] - com.alibaba.druid.pool.DruidDataSource.init(DruidDataSource.java:1003) - {dataSource-3,osx-core} inited
[17:44:55:230] [INFO] - com.alibaba.druid.pool.DruidDataSource.init(DruidDataSource.java:1003) - {dataSource-4,osx-service} inited
[17:44:58:619] [INFO] - com.lud.util.spring.util.SpringLauncher.run(SpringLauncher.java:54) - the service lud-service-core is stated......
[18:22:07:062] [INFO] - com.lud.util.spring.util.SpringLauncher.run(SpringLauncher.java:51) - the service lud-service-core is stating......
[18:22:18:008] [INFO] - com.alibaba.druid.pool.DruidDataSource.init(DruidDataSource.java:1003) - {dataSource-1,lud-core} inited
[18:22:18:248] [INFO] - com.alibaba.druid.pool.DruidDataSource.init(DruidDataSource.java:1003) - {dataSource-2,lud-iot} inited
[18:22:18:350] [INFO] - com.alibaba.druid.pool.DruidDataSource.init(DruidDataSource.java:1003) - {dataSource-3,osx-core} inited
[18:22:18:464] [INFO] - com.alibaba.druid.pool.DruidDataSource.init(DruidDataSource.java:1003) - {dataSource-4,osx-service} inited
[18:22:22:379] [INFO] - com.lud.util.spring.util.SpringLauncher.run(SpringLauncher.java:54) - the service lud-service-core is stated......
[18:22:42:017] [INFO] - com.lud.util.spring.util.SpringLauncher.run(SpringLauncher.java:51) - the service lud-service-business is stating......
[18:22:59:131] [INFO] - com.lud.util.spring.util.SpringLauncher.run(SpringLauncher.java:51) - the service lud-service-business is stating......
[18:23:24:275] [INFO] - com.lud.util.spring.util.SpringLauncher.run(SpringLauncher.java:51) - the service lud-service-business is stating......
[18:24:05:743] [INFO] - com.lud.util.spring.util.SpringLauncher.run(SpringLauncher.java:51) - the service lud-service-business is stating......
