[10:16:16:896] [INFO] - com.lud.util.spring.util.SpringLauncher.run(SpringLauncher.java:51) - the service lud-service-business is stating......
[10:16:47:136] [INFO] - com.lud.util.spring.util.SpringLauncher.run(SpringLauncher.java:51) - the service lud-service-core is stating......
[10:17:00:129] [INFO] - com.alibaba.druid.pool.DruidDataSource.init(DruidDataSource.java:1003) - {dataSource-1,lud-core} inited
[10:17:00:317] [INFO] - com.alibaba.druid.pool.DruidDataSource.init(DruidDataSource.java:1003) - {dataSource-2,lud-iot} inited
[10:17:00:411] [INFO] - com.alibaba.druid.pool.DruidDataSource.init(DruidDataSource.java:1003) - {dataSource-3,osx-core} inited
[10:17:00:520] [INFO] - com.alibaba.druid.pool.DruidDataSource.init(DruidDataSource.java:1003) - {dataSource-4,osx-service} inited
[10:17:06:337] [INFO] - com.lud.util.spring.util.SpringLauncher.run(SpringLauncher.java:54) - the service lud-service-core is stated......
[15:06:41:764] [INFO] - com.lud.util.spring.util.SpringLauncher.run(SpringLauncher.java:51) - the service lud-service-core is stating......
[15:06:52:324] [INFO] - com.alibaba.druid.pool.DruidDataSource.init(DruidDataSource.java:1003) - {dataSource-1,lud-core} inited
[15:06:52:581] [INFO] - com.alibaba.druid.pool.DruidDataSource.init(DruidDataSource.java:1003) - {dataSource-2,lud-iot} inited
[15:06:52:691] [INFO] - com.alibaba.druid.pool.DruidDataSource.init(DruidDataSource.java:1003) - {dataSource-3,osx-core} inited
[15:06:52:972] [INFO] - com.alibaba.druid.pool.DruidDataSource.init(DruidDataSource.java:1003) - {dataSource-4,osx-service} inited
[15:06:57:775] [INFO] - com.lud.util.spring.util.SpringLauncher.run(SpringLauncher.java:54) - the service lud-service-core is stated......
[15:10:09:165] [INFO] - com.lud.util.spring.util.SpringLauncher.run(SpringLauncher.java:51) - the service lud-service-core is stating......
[15:10:18:614] [INFO] - com.alibaba.druid.pool.DruidDataSource.init(DruidDataSource.java:1003) - {dataSource-1,lud-core} inited
[15:10:18:886] [INFO] - com.alibaba.druid.pool.DruidDataSource.init(DruidDataSource.java:1003) - {dataSource-2,lud-iot} inited
[15:10:19:070] [INFO] - com.alibaba.druid.pool.DruidDataSource.init(DruidDataSource.java:1003) - {dataSource-3,osx-core} inited
[15:10:19:527] [INFO] - com.alibaba.druid.pool.DruidDataSource.init(DruidDataSource.java:1003) - {dataSource-4,osx-service} inited
[15:10:23:821] [INFO] - com.lud.util.spring.util.SpringLauncher.run(SpringLauncher.java:54) - the service lud-service-core is stated......
[15:12:04:752] [INFO] - com.lud.util.spring.util.SpringLauncher.run(SpringLauncher.java:51) - the service lud-service-core is stating......
[15:12:12:669] [INFO] - com.alibaba.druid.pool.DruidDataSource.init(DruidDataSource.java:1003) - {dataSource-1,lud-core} inited
[15:12:12:850] [INFO] - com.alibaba.druid.pool.DruidDataSource.init(DruidDataSource.java:1003) - {dataSource-2,lud-iot} inited
[15:12:12:953] [INFO] - com.alibaba.druid.pool.DruidDataSource.init(DruidDataSource.java:1003) - {dataSource-3,osx-core} inited
[15:12:13:067] [INFO] - com.alibaba.druid.pool.DruidDataSource.init(DruidDataSource.java:1003) - {dataSource-4,osx-service} inited
[15:12:16:182] [INFO] - com.lud.util.spring.util.SpringLauncher.run(SpringLauncher.java:54) - the service lud-service-core is stated......
[15:18:46:619] [INFO] - com.lud.util.spring.util.SpringLauncher.run(SpringLauncher.java:51) - the service lud-service-core is stating......
[15:18:54:263] [INFO] - com.alibaba.druid.pool.DruidDataSource.init(DruidDataSource.java:1003) - {dataSource-1,lud-core} inited
[15:18:54:440] [INFO] - com.alibaba.druid.pool.DruidDataSource.init(DruidDataSource.java:1003) - {dataSource-2,lud-iot} inited
[15:18:54:533] [INFO] - com.alibaba.druid.pool.DruidDataSource.init(DruidDataSource.java:1003) - {dataSource-3,osx-core} inited
[15:18:54:657] [INFO] - com.alibaba.druid.pool.DruidDataSource.init(DruidDataSource.java:1003) - {dataSource-4,osx-service} inited
[15:18:58:311] [INFO] - com.lud.util.spring.util.SpringLauncher.run(SpringLauncher.java:54) - the service lud-service-core is stated......
[15:57:31:108] [INFO] - com.lud.util.spring.util.SpringLauncher.run(SpringLauncher.java:51) - the service lud-service-core is stating......
[15:57:39:931] [INFO] - com.alibaba.druid.pool.DruidDataSource.init(DruidDataSource.java:1003) - {dataSource-1,lud-core} inited
[15:57:40:286] [INFO] - com.alibaba.druid.pool.DruidDataSource.init(DruidDataSource.java:1003) - {dataSource-2,lud-iot} inited
[15:57:40:423] [INFO] - com.alibaba.druid.pool.DruidDataSource.init(DruidDataSource.java:1003) - {dataSource-3,osx-core} inited
[15:57:40:531] [INFO] - com.alibaba.druid.pool.DruidDataSource.init(DruidDataSource.java:1003) - {dataSource-4,osx-service} inited
[15:57:44:467] [INFO] - com.lud.util.spring.util.SpringLauncher.run(SpringLauncher.java:54) - the service lud-service-core is stated......
[16:11:42:850] [INFO] - com.lud.util.spring.util.SpringLauncher.run(SpringLauncher.java:51) - the service lud-service-core is stating......
[16:11:50:309] [INFO] - com.alibaba.druid.pool.DruidDataSource.init(DruidDataSource.java:1003) - {dataSource-1,lud-core} inited
[16:11:50:464] [INFO] - com.alibaba.druid.pool.DruidDataSource.init(DruidDataSource.java:1003) - {dataSource-2,lud-iot} inited
[16:11:50:570] [INFO] - com.alibaba.druid.pool.DruidDataSource.init(DruidDataSource.java:1003) - {dataSource-3,osx-core} inited
[16:11:50:675] [INFO] - com.alibaba.druid.pool.DruidDataSource.init(DruidDataSource.java:1003) - {dataSource-4,osx-service} inited
[16:11:54:096] [INFO] - com.lud.util.spring.util.SpringLauncher.run(SpringLauncher.java:54) - the service lud-service-core is stated......
[16:16:32:376] [INFO] - com.lud.util.spring.util.SpringLauncher.run(SpringLauncher.java:51) - the service lud-service-core is stating......
[16:16:40:597] [INFO] - com.alibaba.druid.pool.DruidDataSource.init(DruidDataSource.java:1003) - {dataSource-1,lud-core} inited
[16:16:40:901] [INFO] - com.alibaba.druid.pool.DruidDataSource.init(DruidDataSource.java:1003) - {dataSource-2,lud-iot} inited
[16:16:41:009] [INFO] - com.alibaba.druid.pool.DruidDataSource.init(DruidDataSource.java:1003) - {dataSource-3,osx-core} inited
[16:16:41:440] [INFO] - com.alibaba.druid.pool.DruidDataSource.init(DruidDataSource.java:1003) - {dataSource-4,osx-service} inited
[16:16:47:941] [INFO] - com.lud.util.spring.util.SpringLauncher.run(SpringLauncher.java:54) - the service lud-service-core is stated......
[16:46:20:253] [INFO] - com.lud.util.spring.util.SpringLauncher.run(SpringLauncher.java:51) - the service lud-service-core is stating......
[16:46:28:311] [INFO] - com.alibaba.druid.pool.DruidDataSource.init(DruidDataSource.java:1003) - {dataSource-1,lud-core} inited
[16:46:28:493] [INFO] - com.alibaba.druid.pool.DruidDataSource.init(DruidDataSource.java:1003) - {dataSource-2,lud-iot} inited
[16:46:28:595] [INFO] - com.alibaba.druid.pool.DruidDataSource.init(DruidDataSource.java:1003) - {dataSource-3,osx-core} inited
[16:46:28:694] [INFO] - com.alibaba.druid.pool.DruidDataSource.init(DruidDataSource.java:1003) - {dataSource-4,osx-service} inited
[16:46:31:730] [INFO] - com.lud.util.spring.util.SpringLauncher.run(SpringLauncher.java:54) - the service lud-service-core is stated......
[17:06:24:600] [INFO] - com.lud.util.spring.util.SpringLauncher.run(SpringLauncher.java:51) - the service lud-service-business is stating......
[17:09:28:907] [INFO] - com.lud.util.spring.util.SpringLauncher.run(SpringLauncher.java:51) - the service lud-service-business is stating......
[17:09:42:853] [INFO] - com.lud.util.spring.util.SpringLauncher.run(SpringLauncher.java:54) - the service lud-service-business is stated......
[19:05:10:475] [INFO] - com.lud.util.spring.util.SpringLauncher.run(SpringLauncher.java:51) - the service lud-service-core is stating......
[19:05:22:132] [INFO] - com.alibaba.druid.pool.DruidDataSource.init(DruidDataSource.java:1003) - {dataSource-1,lud-core} inited
[19:05:22:432] [INFO] - com.alibaba.druid.pool.DruidDataSource.init(DruidDataSource.java:1003) - {dataSource-2,lud-iot} inited
[19:05:23:211] [INFO] - com.alibaba.druid.pool.DruidDataSource.init(DruidDataSource.java:1003) - {dataSource-3,osx-core} inited
[19:05:23:331] [INFO] - com.alibaba.druid.pool.DruidDataSource.init(DruidDataSource.java:1003) - {dataSource-4,osx-service} inited
[19:05:30:012] [INFO] - com.lud.util.spring.util.SpringLauncher.run(SpringLauncher.java:54) - the service lud-service-core is stated......
[19:05:43:983] [INFO] - com.lud.util.spring.util.SpringLauncher.run(SpringLauncher.java:51) - the service lud-service-business is stating......
[19:05:58:558] [INFO] - com.lud.util.spring.util.SpringLauncher.run(SpringLauncher.java:54) - the service lud-service-business is stated......
