[10:58:16:171] [INFO] - com.lud.util.spring.util.SpringLauncher.run(SpringLauncher.java:51) - the service lud-service-core is stating......
[10:58:29:000] [INFO] - com.alibaba.druid.pool.DruidDataSource.init(DruidDataSource.java:1003) - {dataSource-1,lud-core} inited
[10:58:29:199] [INFO] - com.alibaba.druid.pool.DruidDataSource.init(DruidDataSource.java:1003) - {dataSource-2,osx-service} inited
[10:58:34:148] [INFO] - com.lud.util.spring.util.SpringLauncher.run(SpringLauncher.java:54) - the service lud-service-core is stated......
[11:02:24:843] [INFO] - com.lud.util.spring.util.SpringLauncher.run(SpringLauncher.java:51) - the service lud-service-core is stating......
[11:02:32:273] [INFO] - com.alibaba.druid.pool.DruidDataSource.init(DruidDataSource.java:1003) - {dataSource-1,lud-core} inited
[11:02:32:429] [INFO] - com.alibaba.druid.pool.DruidDataSource.init(DruidDataSource.java:1003) - {dataSource-2,osx-service} inited
[11:02:39:339] [INFO] - com.lud.util.spring.util.SpringLauncher.run(SpringLauncher.java:54) - the service lud-service-core is stated......
[11:06:20:974] [INFO] - com.alibaba.druid.pool.DruidDataSource.init(DruidDataSource.java:1003) - {dataSource-1,lud-core} inited
[11:06:21:145] [INFO] - com.alibaba.druid.pool.DruidDataSource.init(DruidDataSource.java:1003) - {dataSource-2,osx-service} inited
[11:07:31:826] [INFO] - com.alibaba.druid.pool.DruidDataSource.init(DruidDataSource.java:1003) - {dataSource-1,lud-core} inited
[11:07:32:009] [INFO] - com.alibaba.druid.pool.DruidDataSource.init(DruidDataSource.java:1003) - {dataSource-2,osx-service} inited
[11:09:29:775] [INFO] - com.lud.util.spring.util.SpringLauncher.run(SpringLauncher.java:51) - the service lud-service-core is stating......
[11:09:37:447] [INFO] - com.alibaba.druid.pool.DruidDataSource.init(DruidDataSource.java:1003) - {dataSource-1,lud-core} inited
[11:09:37:597] [INFO] - com.alibaba.druid.pool.DruidDataSource.init(DruidDataSource.java:1003) - {dataSource-2,osx-service} inited
[11:09:41:264] [INFO] - com.lud.util.spring.util.SpringLauncher.run(SpringLauncher.java:54) - the service lud-service-core is stated......
[11:10:16:530] [INFO] - com.lud.util.spring.util.SpringLauncher.run(SpringLauncher.java:51) - the service lud-service-core is stating......
[11:10:23:993] [INFO] - com.alibaba.druid.pool.DruidDataSource.init(DruidDataSource.java:1003) - {dataSource-1,lud-core} inited
[11:10:24:145] [INFO] - com.alibaba.druid.pool.DruidDataSource.init(DruidDataSource.java:1003) - {dataSource-2,osx-service} inited
[11:10:26:926] [INFO] - com.lud.util.spring.util.SpringLauncher.run(SpringLauncher.java:54) - the service lud-service-core is stated......
[11:35:07:661] [INFO] - com.lud.util.spring.util.SpringLauncher.run(SpringLauncher.java:51) - the service lud-service-core is stating......
[11:35:17:612] [INFO] - com.alibaba.druid.pool.DruidDataSource.init(DruidDataSource.java:1003) - {dataSource-1,lud-core} inited
[11:35:18:129] [INFO] - com.alibaba.druid.pool.DruidDataSource.init(DruidDataSource.java:1003) - {dataSource-2,osx-service} inited
[11:35:21:466] [INFO] - com.lud.util.spring.util.SpringLauncher.run(SpringLauncher.java:54) - the service lud-service-core is stated......
[11:36:38:158] [INFO] - com.alibaba.druid.pool.DruidDataSource.init(DruidDataSource.java:1003) - {dataSource-1,lud-core} inited
[11:36:38:325] [INFO] - com.alibaba.druid.pool.DruidDataSource.init(DruidDataSource.java:1003) - {dataSource-2,osx-service} inited
[11:36:41:440] [INFO] - com.lud.util.comm.runtime.RuntimeCounter.count(RuntimeCounter.java:50) - JISHI耗时:3ms
[11:37:25:402] [INFO] - com.alibaba.druid.pool.DruidDataSource.init(DruidDataSource.java:1003) - {dataSource-1,lud-core} inited
[11:37:25:581] [INFO] - com.alibaba.druid.pool.DruidDataSource.init(DruidDataSource.java:1003) - {dataSource-2,osx-service} inited
[11:39:11:587] [INFO] - com.alibaba.druid.pool.DruidDataSource.init(DruidDataSource.java:1003) - {dataSource-1,lud-core} inited
[11:39:11:767] [INFO] - com.alibaba.druid.pool.DruidDataSource.init(DruidDataSource.java:1003) - {dataSource-2,osx-service} inited
[11:39:16:109] [INFO] - com.lud.test.service.core.mongo.MongoServiceTest.test(MongoServiceTest.java:58) - [{"docs":19,"name":"2019-07-23"},{"docs":27,"name":"2019-07-19"},{"docs":37,"name":"2019-09-23"},{"docs":10,"name":"2019-09-24"},{"docs":152,"name":"2019-08-28"},{"docs":29,"name":"2019-10-14"},{"docs":34,"name":"2019-09-16"},{"docs":62,"name":"2019-07-31"},{"docs":29,"name":"2019-09-11"},{"docs":1,"name":"2019-11-06"},{"docs":139,"name":"2019-07-08"},{"docs":39,"name":"2019-07-16"},{"docs":24,"name":"2019-09-26"},{"docs":30,"name":"2019-10-23"},{"docs":14,"name":"2019-07-11"},{"docs":23,"name":"2019-10-29"},{"docs":179,"name":"2019-07-02"},{"docs":21,"name":"2019-09-05"},{"docs":38,"name":"2019-08-23"},{"docs":32,"name":"2019-08-09"},{"docs":43,"name":"2019-09-09"},{"docs":28,"name":"2019-09-20"},{"docs":16,"name":"2019-10-17"},{"docs":19,"name":"2019-07-30"},{"docs":15,"name":"2019-07-12"},{"docs":30,"name":"2019-10-16"},{"docs":15,"name":"2019-10-25"},{"docs":15,"name":"2019-07-18"},{"docs":4461,"name":"TESTDAT"},{"docs":24,"name":"2019-08-26"},{"docs":64,"name":"2019-08-05"},{"docs":111,"name":"2019-08-22"},{"docs":7,"name":"2019-07-01"},{"docs":10,"name":"2019-07-17"},{"docs":40,"name":"2019-09-18"},{"docs":15,"name":"2019-08-01"},{"docs":15,"name":"2019-07-26"},{"docs":126,"name":"2019-10-21"},{"docs":62,"name":"2019-08-30"},{"docs":57,"name":"2019-07-09"},{"docs":26,"name":"2019-09-19"},{"docs":10,"name":"2019-10-24"},{"docs":80,"name":"2019-08-13"},{"docs":51,"name":"2019-08-02"},{"docs":20,"name":"2019-09-29"},{"docs":29,"name":"2019-10-10"},{"docs":91,"name":"2019-07-05"},{"docs":36,"name":"2019-08-15"},{"docs":20,"name":"2019-10-12"},{"docs":17,"name":"2019-10-15"},{"docs":61,"name":"2019-08-20"},{"docs":12,"name":"2019-10-11"},{"docs":149,"name":"2019-08-19"},{"docs":25,"name":"2019-07-22"},{"docs":19,"name":"2019-07-29"},{"docs":35,"name":"2019-08-21"},{"docs":23,"name":"2019-09-04"},{"docs":23,"name":"2019-09-06"},{"docs":36,"name":"2019-09-12"},{"docs":89,"name":"2019-08-29"},{"docs":21,"name":"2019-09-27"},{"docs":20,"name":"2019-09-28"},{"docs":114,"name":"2019-10-22"},{"docs":153,"name":"2019-08-16"},{"docs":10,"name":"2019-08-07"},{"docs":23,"name":"2019-09-03"},{"docs":18,"name":"2019-10-09"},{"docs":1,"name":"2019-11-13"},{"docs":16,"name":"2019-08-27"},{"docs":25,"name":"2019-09-25"},{"docs":19,"name":"2019-10-18"},{"docs":22,"name":"2019-10-08"},{"docs":11,"name":"2019-08-12"},{"docs":22,"name":"2019-08-06"},{"docs":87,"name":"2019-08-08"},{"docs":24,"name":"2019-10-28"},{"docs":15,"name":"2019-07-25"},{"docs":58,"name":"2019-07-03"},{"docs":152,"name":"2019-09-02"},{"docs":29,"name":"2019-07-15"},{"docs":15,"name":"2019-08-14"},{"docs":167,"name":"2019-07-10"},{"docs":33,"name":"2019-09-10"},{"docs":31,"name":"2019-07-24"},{"docs":125,"name":"2019-07-04"},{"docs":124,"name":"2019-09-17"}]
[11:39:45:639] [INFO] - com.alibaba.druid.pool.DruidDataSource.init(DruidDataSource.java:1003) - {dataSource-1,lud-core} inited
[11:39:45:793] [INFO] - com.alibaba.druid.pool.DruidDataSource.init(DruidDataSource.java:1003) - {dataSource-2,osx-service} inited
[11:56:40:789] [INFO] - com.lud.util.spring.util.SpringLauncher.run(SpringLauncher.java:51) - the service lud-service-core is stating......
[11:56:48:641] [INFO] - com.alibaba.druid.pool.DruidDataSource.init(DruidDataSource.java:1003) - {dataSource-1,lud-core} inited
[11:56:48:798] [INFO] - com.alibaba.druid.pool.DruidDataSource.init(DruidDataSource.java:1003) - {dataSource-2,lud-iot} inited
[11:56:48:890] [INFO] - com.alibaba.druid.pool.DruidDataSource.init(DruidDataSource.java:1003) - {dataSource-3,osx-core} inited
[11:56:48:979] [INFO] - com.alibaba.druid.pool.DruidDataSource.init(DruidDataSource.java:1003) - {dataSource-4,osx-service} inited
[11:56:52:075] [INFO] - com.lud.util.spring.util.SpringLauncher.run(SpringLauncher.java:54) - the service lud-service-core is stated......
[11:57:53:173] [INFO] - com.lud.util.spring.util.SpringLauncher.run(SpringLauncher.java:51) - the service lud-service-business is stating......
