[10:37:58:515] [ERROR] - org.springframework.scheduling.support.TaskUtils$LoggingErrorHandler.handleError(TaskUtils.java:95) - Unexpected error occurred in scheduled task
org.apache.dubbo.rpc.RpcException: No provider available from registry 127.0.0.1:3579 for service com.lud.service.open.api.swjtu.teacher.TeacherAPI on consumer 192.168.0.186 use dubbo version 2.7.3, please check status of providers(disabled, not registered or in blacklist).
	at org.apache.dubbo.registry.integration.RegistryDirectory.doList(RegistryDirectory.java:567) ~[dubbo-2.7.3.jar:2.7.3]
	at org.apache.dubbo.rpc.cluster.directory.AbstractDirectory.list(AbstractDirectory.java:85) ~[dubbo-2.7.3.jar:2.7.3]
	at org.apache.dubbo.rpc.cluster.support.AbstractClusterInvoker.list(AbstractClusterInvoker.java:280) ~[dubbo-2.7.3.jar:2.7.3]
	at org.apache.dubbo.rpc.cluster.support.AbstractClusterInvoker.invoke(AbstractClusterInvoker.java:245) ~[dubbo-2.7.3.jar:2.7.3]
	at org.apache.dubbo.rpc.cluster.support.wrapper.MockClusterInvoker.invoke(MockClusterInvoker.java:78) ~[dubbo-2.7.3.jar:2.7.3]
	at org.apache.dubbo.rpc.proxy.InvokerInvocationHandler.invoke(InvokerInvocationHandler.java:55) ~[dubbo-2.7.3.jar:2.7.3]
	at org.apache.dubbo.common.bytecode.proxy1.getTeacherList(proxy1.java) ~[dubbo-2.7.3.jar:2.7.3]
	at sun.reflect.NativeMethodAccessorImpl.invoke0(Native Method) ~[?:1.8.0_192]
	at sun.reflect.NativeMethodAccessorImpl.invoke(NativeMethodAccessorImpl.java:62) ~[?:1.8.0_192]
	at sun.reflect.DelegatingMethodAccessorImpl.invoke(DelegatingMethodAccessorImpl.java:43) ~[?:1.8.0_192]
	at java.lang.reflect.Method.invoke(Method.java:498) ~[?:1.8.0_192]
	at org.apache.dubbo.config.spring.beans.factory.annotation.ReferenceAnnotationBeanPostProcessor$ReferenceBeanInvocationHandler.invoke(ReferenceAnnotationBeanPostProcessor.java:260) ~[dubbo-2.7.3.jar:2.7.3]
	at com.sun.proxy.$Proxy47.getTeacherList(Unknown Source) ~[?:?]
	at com.lud.service.smartcampus.service.teacher.TeacherServiceImp.run(TeacherServiceImp.java:58) ~[classes/:?]
	at sun.reflect.NativeMethodAccessorImpl.invoke0(Native Method) ~[?:1.8.0_192]
	at sun.reflect.NativeMethodAccessorImpl.invoke(NativeMethodAccessorImpl.java:62) ~[?:1.8.0_192]
	at sun.reflect.DelegatingMethodAccessorImpl.invoke(DelegatingMethodAccessorImpl.java:43) ~[?:1.8.0_192]
	at java.lang.reflect.Method.invoke(Method.java:498) ~[?:1.8.0_192]
	at org.springframework.util.ReflectionUtils.invokeMethod(ReflectionUtils.java:279) ~[spring-core-5.2.0.RELEASE.jar:5.2.0.RELEASE]
	at org.springframework.util.ReflectionUtils.invokeMethod(ReflectionUtils.java:263) ~[spring-core-5.2.0.RELEASE.jar:5.2.0.RELEASE]
	at com.lud.util.spring.task.TaskService.lambda$runTasks$0(TaskService.java:61) ~[lud-util-spring-1.0-SNAPSHOT.jar:?]
	at java.util.LinkedHashMap.forEach(LinkedHashMap.java:684) ~[?:1.8.0_192]
	at com.lud.util.spring.task.TaskService.runTasks(TaskService.java:56) ~[lud-util-spring-1.0-SNAPSHOT.jar:?]
	at com.lud.util.spring.task.TaskService.runTask(TaskService.java:75) ~[lud-util-spring-1.0-SNAPSHOT.jar:?]
	at sun.reflect.NativeMethodAccessorImpl.invoke0(Native Method) ~[?:1.8.0_192]
	at sun.reflect.NativeMethodAccessorImpl.invoke(NativeMethodAccessorImpl.java:62) ~[?:1.8.0_192]
	at sun.reflect.DelegatingMethodAccessorImpl.invoke(DelegatingMethodAccessorImpl.java:43) ~[?:1.8.0_192]
	at java.lang.reflect.Method.invoke(Method.java:498) ~[?:1.8.0_192]
	at org.springframework.scheduling.support.ScheduledMethodRunnable.run(ScheduledMethodRunnable.java:84) ~[spring-context-5.2.0.RELEASE.jar:5.2.0.RELEASE]
	at org.springframework.scheduling.support.DelegatingErrorHandlingRunnable.run(DelegatingErrorHandlingRunnable.java:54) [spring-context-5.2.0.RELEASE.jar:5.2.0.RELEASE]
	at java.util.concurrent.Executors$RunnableAdapter.call(Executors.java:511) [?:1.8.0_192]
	at java.util.concurrent.FutureTask.runAndReset(FutureTask.java:308) [?:1.8.0_192]
	at java.util.concurrent.ScheduledThreadPoolExecutor$ScheduledFutureTask.access$301(ScheduledThreadPoolExecutor.java:180) [?:1.8.0_192]
	at java.util.concurrent.ScheduledThreadPoolExecutor$ScheduledFutureTask.run(ScheduledThreadPoolExecutor.java:294) [?:1.8.0_192]
	at java.util.concurrent.ThreadPoolExecutor.runWorker(ThreadPoolExecutor.java:1149) [?:1.8.0_192]
	at java.util.concurrent.ThreadPoolExecutor$Worker.run(ThreadPoolExecutor.java:624) [?:1.8.0_192]
	at java.lang.Thread.run(Thread.java:748) [?:1.8.0_192]
[10:40:24:158] [ERROR] - org.springframework.scheduling.support.TaskUtils$LoggingErrorHandler.handleError(TaskUtils.java:95) - Unexpected error occurred in scheduled task
org.apache.dubbo.rpc.RpcException: No provider available from registry 127.0.0.1:3579 for service com.lud.service.open.api.swjtu.teacher.TeacherAPI on consumer 192.168.0.186 use dubbo version 2.7.3, please check status of providers(disabled, not registered or in blacklist).
	at org.apache.dubbo.registry.integration.RegistryDirectory.doList(RegistryDirectory.java:567) ~[dubbo-2.7.3.jar:2.7.3]
	at org.apache.dubbo.rpc.cluster.directory.AbstractDirectory.list(AbstractDirectory.java:85) ~[dubbo-2.7.3.jar:2.7.3]
	at org.apache.dubbo.rpc.cluster.support.AbstractClusterInvoker.list(AbstractClusterInvoker.java:280) ~[dubbo-2.7.3.jar:2.7.3]
	at org.apache.dubbo.rpc.cluster.support.AbstractClusterInvoker.invoke(AbstractClusterInvoker.java:245) ~[dubbo-2.7.3.jar:2.7.3]
	at org.apache.dubbo.rpc.cluster.support.wrapper.MockClusterInvoker.invoke(MockClusterInvoker.java:78) ~[dubbo-2.7.3.jar:2.7.3]
	at org.apache.dubbo.rpc.proxy.InvokerInvocationHandler.invoke(InvokerInvocationHandler.java:55) ~[dubbo-2.7.3.jar:2.7.3]
	at org.apache.dubbo.common.bytecode.proxy1.getTeacherList(proxy1.java) ~[dubbo-2.7.3.jar:2.7.3]
	at sun.reflect.NativeMethodAccessorImpl.invoke0(Native Method) ~[?:1.8.0_192]
	at sun.reflect.NativeMethodAccessorImpl.invoke(NativeMethodAccessorImpl.java:62) ~[?:1.8.0_192]
	at sun.reflect.DelegatingMethodAccessorImpl.invoke(DelegatingMethodAccessorImpl.java:43) ~[?:1.8.0_192]
	at java.lang.reflect.Method.invoke(Method.java:498) ~[?:1.8.0_192]
	at org.apache.dubbo.config.spring.beans.factory.annotation.ReferenceAnnotationBeanPostProcessor$ReferenceBeanInvocationHandler.invoke(ReferenceAnnotationBeanPostProcessor.java:260) ~[dubbo-2.7.3.jar:2.7.3]
	at com.sun.proxy.$Proxy47.getTeacherList(Unknown Source) ~[?:?]
	at com.lud.service.smartcampus.service.teacher.TeacherServiceImp.run(TeacherServiceImp.java:58) ~[classes/:?]
	at sun.reflect.NativeMethodAccessorImpl.invoke0(Native Method) ~[?:1.8.0_192]
	at sun.reflect.NativeMethodAccessorImpl.invoke(NativeMethodAccessorImpl.java:62) ~[?:1.8.0_192]
	at sun.reflect.DelegatingMethodAccessorImpl.invoke(DelegatingMethodAccessorImpl.java:43) ~[?:1.8.0_192]
	at java.lang.reflect.Method.invoke(Method.java:498) ~[?:1.8.0_192]
	at org.springframework.util.ReflectionUtils.invokeMethod(ReflectionUtils.java:279) ~[spring-core-5.2.0.RELEASE.jar:5.2.0.RELEASE]
	at org.springframework.util.ReflectionUtils.invokeMethod(ReflectionUtils.java:263) ~[spring-core-5.2.0.RELEASE.jar:5.2.0.RELEASE]
	at com.lud.util.spring.task.TaskService.lambda$runTasks$0(TaskService.java:61) ~[lud-util-spring-1.0-SNAPSHOT.jar:?]
	at java.util.LinkedHashMap.forEach(LinkedHashMap.java:684) ~[?:1.8.0_192]
	at com.lud.util.spring.task.TaskService.runTasks(TaskService.java:56) ~[lud-util-spring-1.0-SNAPSHOT.jar:?]
	at com.lud.util.spring.task.TaskService.runTask(TaskService.java:75) ~[lud-util-spring-1.0-SNAPSHOT.jar:?]
	at sun.reflect.NativeMethodAccessorImpl.invoke0(Native Method) ~[?:1.8.0_192]
	at sun.reflect.NativeMethodAccessorImpl.invoke(NativeMethodAccessorImpl.java:62) ~[?:1.8.0_192]
	at sun.reflect.DelegatingMethodAccessorImpl.invoke(DelegatingMethodAccessorImpl.java:43) ~[?:1.8.0_192]
	at java.lang.reflect.Method.invoke(Method.java:498) ~[?:1.8.0_192]
	at org.springframework.scheduling.support.ScheduledMethodRunnable.run(ScheduledMethodRunnable.java:84) ~[spring-context-5.2.0.RELEASE.jar:5.2.0.RELEASE]
	at org.springframework.scheduling.support.DelegatingErrorHandlingRunnable.run(DelegatingErrorHandlingRunnable.java:54) [spring-context-5.2.0.RELEASE.jar:5.2.0.RELEASE]
	at java.util.concurrent.Executors$RunnableAdapter.call(Executors.java:511) [?:1.8.0_192]
	at java.util.concurrent.FutureTask.runAndReset(FutureTask.java:308) [?:1.8.0_192]
	at java.util.concurrent.ScheduledThreadPoolExecutor$ScheduledFutureTask.access$301(ScheduledThreadPoolExecutor.java:180) [?:1.8.0_192]
	at java.util.concurrent.ScheduledThreadPoolExecutor$ScheduledFutureTask.run(ScheduledThreadPoolExecutor.java:294) [?:1.8.0_192]
	at java.util.concurrent.ThreadPoolExecutor.runWorker(ThreadPoolExecutor.java:1149) [?:1.8.0_192]
	at java.util.concurrent.ThreadPoolExecutor$Worker.run(ThreadPoolExecutor.java:624) [?:1.8.0_192]
	at java.lang.Thread.run(Thread.java:748) [?:1.8.0_192]
[10:57:19:657] [ERROR] - org.springframework.scheduling.support.TaskUtils$LoggingErrorHandler.handleError(TaskUtils.java:95) - Unexpected error occurred in scheduled task
org.apache.dubbo.rpc.RpcException: No provider available from registry 127.0.0.1:3579 for service com.lud.service.open.api.swjtu.teacher.TeacherAPI on consumer 192.168.0.186 use dubbo version 2.7.3, please check status of providers(disabled, not registered or in blacklist).
	at org.apache.dubbo.registry.integration.RegistryDirectory.doList(RegistryDirectory.java:567) ~[dubbo-2.7.3.jar:2.7.3]
	at org.apache.dubbo.rpc.cluster.directory.AbstractDirectory.list(AbstractDirectory.java:85) ~[dubbo-2.7.3.jar:2.7.3]
	at org.apache.dubbo.rpc.cluster.support.AbstractClusterInvoker.list(AbstractClusterInvoker.java:280) ~[dubbo-2.7.3.jar:2.7.3]
	at org.apache.dubbo.rpc.cluster.support.AbstractClusterInvoker.invoke(AbstractClusterInvoker.java:245) ~[dubbo-2.7.3.jar:2.7.3]
	at org.apache.dubbo.rpc.cluster.support.wrapper.MockClusterInvoker.invoke(MockClusterInvoker.java:78) ~[dubbo-2.7.3.jar:2.7.3]
	at org.apache.dubbo.rpc.proxy.InvokerInvocationHandler.invoke(InvokerInvocationHandler.java:55) ~[dubbo-2.7.3.jar:2.7.3]
	at org.apache.dubbo.common.bytecode.proxy1.getTeacherList(proxy1.java) ~[dubbo-2.7.3.jar:2.7.3]
	at sun.reflect.NativeMethodAccessorImpl.invoke0(Native Method) ~[?:1.8.0_192]
	at sun.reflect.NativeMethodAccessorImpl.invoke(NativeMethodAccessorImpl.java:62) ~[?:1.8.0_192]
	at sun.reflect.DelegatingMethodAccessorImpl.invoke(DelegatingMethodAccessorImpl.java:43) ~[?:1.8.0_192]
	at java.lang.reflect.Method.invoke(Method.java:498) ~[?:1.8.0_192]
	at org.apache.dubbo.config.spring.beans.factory.annotation.ReferenceAnnotationBeanPostProcessor$ReferenceBeanInvocationHandler.invoke(ReferenceAnnotationBeanPostProcessor.java:260) ~[dubbo-2.7.3.jar:2.7.3]
	at com.sun.proxy.$Proxy47.getTeacherList(Unknown Source) ~[?:?]
	at com.lud.service.smartcampus.service.teacher.TeacherServiceImp.run(TeacherServiceImp.java:58) ~[classes/:?]
	at sun.reflect.NativeMethodAccessorImpl.invoke0(Native Method) ~[?:1.8.0_192]
	at sun.reflect.NativeMethodAccessorImpl.invoke(NativeMethodAccessorImpl.java:62) ~[?:1.8.0_192]
	at sun.reflect.DelegatingMethodAccessorImpl.invoke(DelegatingMethodAccessorImpl.java:43) ~[?:1.8.0_192]
	at java.lang.reflect.Method.invoke(Method.java:498) ~[?:1.8.0_192]
	at org.springframework.util.ReflectionUtils.invokeMethod(ReflectionUtils.java:279) ~[spring-core-5.2.0.RELEASE.jar:5.2.0.RELEASE]
	at org.springframework.util.ReflectionUtils.invokeMethod(ReflectionUtils.java:263) ~[spring-core-5.2.0.RELEASE.jar:5.2.0.RELEASE]
	at com.lud.util.spring.task.TaskService.lambda$runTasks$0(TaskService.java:61) ~[lud-util-spring-1.0-SNAPSHOT.jar:?]
	at java.util.LinkedHashMap.forEach(LinkedHashMap.java:684) ~[?:1.8.0_192]
	at com.lud.util.spring.task.TaskService.runTasks(TaskService.java:56) ~[lud-util-spring-1.0-SNAPSHOT.jar:?]
	at com.lud.util.spring.task.TaskService.runTask(TaskService.java:75) ~[lud-util-spring-1.0-SNAPSHOT.jar:?]
	at sun.reflect.NativeMethodAccessorImpl.invoke0(Native Method) ~[?:1.8.0_192]
	at sun.reflect.NativeMethodAccessorImpl.invoke(NativeMethodAccessorImpl.java:62) ~[?:1.8.0_192]
	at sun.reflect.DelegatingMethodAccessorImpl.invoke(DelegatingMethodAccessorImpl.java:43) ~[?:1.8.0_192]
	at java.lang.reflect.Method.invoke(Method.java:498) ~[?:1.8.0_192]
	at org.springframework.scheduling.support.ScheduledMethodRunnable.run(ScheduledMethodRunnable.java:84) ~[spring-context-5.2.0.RELEASE.jar:5.2.0.RELEASE]
	at org.springframework.scheduling.support.DelegatingErrorHandlingRunnable.run(DelegatingErrorHandlingRunnable.java:54) [spring-context-5.2.0.RELEASE.jar:5.2.0.RELEASE]
	at java.util.concurrent.Executors$RunnableAdapter.call(Executors.java:511) [?:1.8.0_192]
	at java.util.concurrent.FutureTask.runAndReset(FutureTask.java:308) [?:1.8.0_192]
	at java.util.concurrent.ScheduledThreadPoolExecutor$ScheduledFutureTask.access$301(ScheduledThreadPoolExecutor.java:180) [?:1.8.0_192]
	at java.util.concurrent.ScheduledThreadPoolExecutor$ScheduledFutureTask.run(ScheduledThreadPoolExecutor.java:294) [?:1.8.0_192]
	at java.util.concurrent.ThreadPoolExecutor.runWorker(ThreadPoolExecutor.java:1149) [?:1.8.0_192]
	at java.util.concurrent.ThreadPoolExecutor$Worker.run(ThreadPoolExecutor.java:624) [?:1.8.0_192]
	at java.lang.Thread.run(Thread.java:748) [?:1.8.0_192]
[11:41:37:710] [ERROR] - org.springframework.scheduling.support.TaskUtils$LoggingErrorHandler.handleError(TaskUtils.java:95) - Unexpected error occurred in scheduled task
org.apache.dubbo.rpc.RpcException: No provider available from registry 127.0.0.1:3579 for service com.lud.service.open.api.swjtu.teacher.TeacherAPI on consumer 192.168.0.186 use dubbo version 2.7.3, please check status of providers(disabled, not registered or in blacklist).
	at org.apache.dubbo.registry.integration.RegistryDirectory.doList(RegistryDirectory.java:567) ~[dubbo-2.7.3.jar:2.7.3]
	at org.apache.dubbo.rpc.cluster.directory.AbstractDirectory.list(AbstractDirectory.java:85) ~[dubbo-2.7.3.jar:2.7.3]
	at org.apache.dubbo.rpc.cluster.support.AbstractClusterInvoker.list(AbstractClusterInvoker.java:280) ~[dubbo-2.7.3.jar:2.7.3]
	at org.apache.dubbo.rpc.cluster.support.AbstractClusterInvoker.invoke(AbstractClusterInvoker.java:245) ~[dubbo-2.7.3.jar:2.7.3]
	at org.apache.dubbo.rpc.cluster.support.wrapper.MockClusterInvoker.invoke(MockClusterInvoker.java:78) ~[dubbo-2.7.3.jar:2.7.3]
	at org.apache.dubbo.rpc.proxy.InvokerInvocationHandler.invoke(InvokerInvocationHandler.java:55) ~[dubbo-2.7.3.jar:2.7.3]
	at org.apache.dubbo.common.bytecode.proxy1.getTeacherList(proxy1.java) ~[dubbo-2.7.3.jar:2.7.3]
	at sun.reflect.NativeMethodAccessorImpl.invoke0(Native Method) ~[?:1.8.0_192]
	at sun.reflect.NativeMethodAccessorImpl.invoke(NativeMethodAccessorImpl.java:62) ~[?:1.8.0_192]
	at sun.reflect.DelegatingMethodAccessorImpl.invoke(DelegatingMethodAccessorImpl.java:43) ~[?:1.8.0_192]
	at java.lang.reflect.Method.invoke(Method.java:498) ~[?:1.8.0_192]
	at org.apache.dubbo.config.spring.beans.factory.annotation.ReferenceAnnotationBeanPostProcessor$ReferenceBeanInvocationHandler.invoke(ReferenceAnnotationBeanPostProcessor.java:260) ~[dubbo-2.7.3.jar:2.7.3]
	at com.sun.proxy.$Proxy47.getTeacherList(Unknown Source) ~[?:?]
	at com.lud.service.smartcampus.service.teacher.TeacherServiceImp.run(TeacherServiceImp.java:58) ~[classes/:?]
	at sun.reflect.NativeMethodAccessorImpl.invoke0(Native Method) ~[?:1.8.0_192]
	at sun.reflect.NativeMethodAccessorImpl.invoke(NativeMethodAccessorImpl.java:62) ~[?:1.8.0_192]
	at sun.reflect.DelegatingMethodAccessorImpl.invoke(DelegatingMethodAccessorImpl.java:43) ~[?:1.8.0_192]
	at java.lang.reflect.Method.invoke(Method.java:498) ~[?:1.8.0_192]
	at org.springframework.util.ReflectionUtils.invokeMethod(ReflectionUtils.java:279) ~[spring-core-5.2.0.RELEASE.jar:5.2.0.RELEASE]
	at org.springframework.util.ReflectionUtils.invokeMethod(ReflectionUtils.java:263) ~[spring-core-5.2.0.RELEASE.jar:5.2.0.RELEASE]
	at com.lud.util.spring.task.TaskService.lambda$runTasks$0(TaskService.java:61) ~[lud-util-spring-1.0-SNAPSHOT.jar:?]
	at java.util.LinkedHashMap.forEach(LinkedHashMap.java:684) ~[?:1.8.0_192]
	at com.lud.util.spring.task.TaskService.runTasks(TaskService.java:56) ~[lud-util-spring-1.0-SNAPSHOT.jar:?]
	at com.lud.util.spring.task.TaskService.runTask(TaskService.java:75) ~[lud-util-spring-1.0-SNAPSHOT.jar:?]
	at sun.reflect.NativeMethodAccessorImpl.invoke0(Native Method) ~[?:1.8.0_192]
	at sun.reflect.NativeMethodAccessorImpl.invoke(NativeMethodAccessorImpl.java:62) ~[?:1.8.0_192]
	at sun.reflect.DelegatingMethodAccessorImpl.invoke(DelegatingMethodAccessorImpl.java:43) ~[?:1.8.0_192]
	at java.lang.reflect.Method.invoke(Method.java:498) ~[?:1.8.0_192]
	at org.springframework.scheduling.support.ScheduledMethodRunnable.run(ScheduledMethodRunnable.java:84) ~[spring-context-5.2.0.RELEASE.jar:5.2.0.RELEASE]
	at org.springframework.scheduling.support.DelegatingErrorHandlingRunnable.run(DelegatingErrorHandlingRunnable.java:54) [spring-context-5.2.0.RELEASE.jar:5.2.0.RELEASE]
	at java.util.concurrent.Executors$RunnableAdapter.call(Executors.java:511) [?:1.8.0_192]
	at java.util.concurrent.FutureTask.runAndReset(FutureTask.java:308) [?:1.8.0_192]
	at java.util.concurrent.ScheduledThreadPoolExecutor$ScheduledFutureTask.access$301(ScheduledThreadPoolExecutor.java:180) [?:1.8.0_192]
	at java.util.concurrent.ScheduledThreadPoolExecutor$ScheduledFutureTask.run(ScheduledThreadPoolExecutor.java:294) [?:1.8.0_192]
	at java.util.concurrent.ThreadPoolExecutor.runWorker(ThreadPoolExecutor.java:1149) [?:1.8.0_192]
	at java.util.concurrent.ThreadPoolExecutor$Worker.run(ThreadPoolExecutor.java:624) [?:1.8.0_192]
	at java.lang.Thread.run(Thread.java:748) [?:1.8.0_192]
[11:42:46:447] [ERROR] - org.springframework.scheduling.support.TaskUtils$LoggingErrorHandler.handleError(TaskUtils.java:95) - Unexpected error occurred in scheduled task
org.apache.dubbo.rpc.RpcException: No provider available from registry 127.0.0.1:3579 for service com.lud.service.open.api.swjtu.teacher.TeacherAPI on consumer 192.168.0.186 use dubbo version 2.7.3, please check status of providers(disabled, not registered or in blacklist).
	at org.apache.dubbo.registry.integration.RegistryDirectory.doList(RegistryDirectory.java:567) ~[dubbo-2.7.3.jar:2.7.3]
	at org.apache.dubbo.rpc.cluster.directory.AbstractDirectory.list(AbstractDirectory.java:85) ~[dubbo-2.7.3.jar:2.7.3]
	at org.apache.dubbo.rpc.cluster.support.AbstractClusterInvoker.list(AbstractClusterInvoker.java:280) ~[dubbo-2.7.3.jar:2.7.3]
	at org.apache.dubbo.rpc.cluster.support.AbstractClusterInvoker.invoke(AbstractClusterInvoker.java:245) ~[dubbo-2.7.3.jar:2.7.3]
	at org.apache.dubbo.rpc.cluster.support.wrapper.MockClusterInvoker.invoke(MockClusterInvoker.java:78) ~[dubbo-2.7.3.jar:2.7.3]
	at org.apache.dubbo.rpc.proxy.InvokerInvocationHandler.invoke(InvokerInvocationHandler.java:55) ~[dubbo-2.7.3.jar:2.7.3]
	at org.apache.dubbo.common.bytecode.proxy1.getTeacherList(proxy1.java) ~[dubbo-2.7.3.jar:2.7.3]
	at sun.reflect.NativeMethodAccessorImpl.invoke0(Native Method) ~[?:1.8.0_192]
	at sun.reflect.NativeMethodAccessorImpl.invoke(NativeMethodAccessorImpl.java:62) ~[?:1.8.0_192]
	at sun.reflect.DelegatingMethodAccessorImpl.invoke(DelegatingMethodAccessorImpl.java:43) ~[?:1.8.0_192]
	at java.lang.reflect.Method.invoke(Method.java:498) ~[?:1.8.0_192]
	at org.apache.dubbo.config.spring.beans.factory.annotation.ReferenceAnnotationBeanPostProcessor$ReferenceBeanInvocationHandler.invoke(ReferenceAnnotationBeanPostProcessor.java:260) ~[dubbo-2.7.3.jar:2.7.3]
	at com.sun.proxy.$Proxy47.getTeacherList(Unknown Source) ~[?:?]
	at com.lud.service.smartcampus.service.teacher.TeacherServiceImp.run(TeacherServiceImp.java:58) ~[classes/:?]
	at sun.reflect.NativeMethodAccessorImpl.invoke0(Native Method) ~[?:1.8.0_192]
	at sun.reflect.NativeMethodAccessorImpl.invoke(NativeMethodAccessorImpl.java:62) ~[?:1.8.0_192]
	at sun.reflect.DelegatingMethodAccessorImpl.invoke(DelegatingMethodAccessorImpl.java:43) ~[?:1.8.0_192]
	at java.lang.reflect.Method.invoke(Method.java:498) ~[?:1.8.0_192]
	at org.springframework.util.ReflectionUtils.invokeMethod(ReflectionUtils.java:279) ~[spring-core-5.2.0.RELEASE.jar:5.2.0.RELEASE]
	at org.springframework.util.ReflectionUtils.invokeMethod(ReflectionUtils.java:263) ~[spring-core-5.2.0.RELEASE.jar:5.2.0.RELEASE]
	at com.lud.util.spring.task.TaskService.lambda$runTasks$0(TaskService.java:61) ~[lud-util-spring-1.0-SNAPSHOT.jar:?]
	at java.util.LinkedHashMap.forEach(LinkedHashMap.java:684) ~[?:1.8.0_192]
	at com.lud.util.spring.task.TaskService.runTasks(TaskService.java:56) ~[lud-util-spring-1.0-SNAPSHOT.jar:?]
	at com.lud.util.spring.task.TaskService.runTask(TaskService.java:75) ~[lud-util-spring-1.0-SNAPSHOT.jar:?]
	at sun.reflect.NativeMethodAccessorImpl.invoke0(Native Method) ~[?:1.8.0_192]
	at sun.reflect.NativeMethodAccessorImpl.invoke(NativeMethodAccessorImpl.java:62) ~[?:1.8.0_192]
	at sun.reflect.DelegatingMethodAccessorImpl.invoke(DelegatingMethodAccessorImpl.java:43) ~[?:1.8.0_192]
	at java.lang.reflect.Method.invoke(Method.java:498) ~[?:1.8.0_192]
	at org.springframework.scheduling.support.ScheduledMethodRunnable.run(ScheduledMethodRunnable.java:84) ~[spring-context-5.2.0.RELEASE.jar:5.2.0.RELEASE]
	at org.springframework.scheduling.support.DelegatingErrorHandlingRunnable.run(DelegatingErrorHandlingRunnable.java:54) [spring-context-5.2.0.RELEASE.jar:5.2.0.RELEASE]
	at java.util.concurrent.Executors$RunnableAdapter.call(Executors.java:511) [?:1.8.0_192]
	at java.util.concurrent.FutureTask.runAndReset(FutureTask.java:308) [?:1.8.0_192]
	at java.util.concurrent.ScheduledThreadPoolExecutor$ScheduledFutureTask.access$301(ScheduledThreadPoolExecutor.java:180) [?:1.8.0_192]
	at java.util.concurrent.ScheduledThreadPoolExecutor$ScheduledFutureTask.run(ScheduledThreadPoolExecutor.java:294) [?:1.8.0_192]
	at java.util.concurrent.ThreadPoolExecutor.runWorker(ThreadPoolExecutor.java:1149) [?:1.8.0_192]
	at java.util.concurrent.ThreadPoolExecutor$Worker.run(ThreadPoolExecutor.java:624) [?:1.8.0_192]
	at java.lang.Thread.run(Thread.java:748) [?:1.8.0_192]
[11:44:01:803] [ERROR] - org.springframework.scheduling.support.TaskUtils$LoggingErrorHandler.handleError(TaskUtils.java:95) - Unexpected error occurred in scheduled task
org.apache.dubbo.rpc.RpcException: No provider available from registry 127.0.0.1:3579 for service com.lud.service.open.api.swjtu.teacher.TeacherAPI on consumer 192.168.0.186 use dubbo version 2.7.3, please check status of providers(disabled, not registered or in blacklist).
	at org.apache.dubbo.registry.integration.RegistryDirectory.doList(RegistryDirectory.java:567) ~[dubbo-2.7.3.jar:2.7.3]
	at org.apache.dubbo.rpc.cluster.directory.AbstractDirectory.list(AbstractDirectory.java:85) ~[dubbo-2.7.3.jar:2.7.3]
	at org.apache.dubbo.rpc.cluster.support.AbstractClusterInvoker.list(AbstractClusterInvoker.java:280) ~[dubbo-2.7.3.jar:2.7.3]
	at org.apache.dubbo.rpc.cluster.support.AbstractClusterInvoker.invoke(AbstractClusterInvoker.java:245) ~[dubbo-2.7.3.jar:2.7.3]
	at org.apache.dubbo.rpc.cluster.support.wrapper.MockClusterInvoker.invoke(MockClusterInvoker.java:78) ~[dubbo-2.7.3.jar:2.7.3]
	at org.apache.dubbo.rpc.proxy.InvokerInvocationHandler.invoke(InvokerInvocationHandler.java:55) ~[dubbo-2.7.3.jar:2.7.3]
	at org.apache.dubbo.common.bytecode.proxy1.getTeacherList(proxy1.java) ~[dubbo-2.7.3.jar:2.7.3]
	at sun.reflect.NativeMethodAccessorImpl.invoke0(Native Method) ~[?:1.8.0_192]
	at sun.reflect.NativeMethodAccessorImpl.invoke(NativeMethodAccessorImpl.java:62) ~[?:1.8.0_192]
	at sun.reflect.DelegatingMethodAccessorImpl.invoke(DelegatingMethodAccessorImpl.java:43) ~[?:1.8.0_192]
	at java.lang.reflect.Method.invoke(Method.java:498) ~[?:1.8.0_192]
	at org.apache.dubbo.config.spring.beans.factory.annotation.ReferenceAnnotationBeanPostProcessor$ReferenceBeanInvocationHandler.invoke(ReferenceAnnotationBeanPostProcessor.java:260) ~[dubbo-2.7.3.jar:2.7.3]
	at com.sun.proxy.$Proxy47.getTeacherList(Unknown Source) ~[?:?]
	at com.lud.service.smartcampus.service.teacher.TeacherServiceImp.run(TeacherServiceImp.java:58) ~[classes/:?]
	at sun.reflect.NativeMethodAccessorImpl.invoke0(Native Method) ~[?:1.8.0_192]
	at sun.reflect.NativeMethodAccessorImpl.invoke(NativeMethodAccessorImpl.java:62) ~[?:1.8.0_192]
	at sun.reflect.DelegatingMethodAccessorImpl.invoke(DelegatingMethodAccessorImpl.java:43) ~[?:1.8.0_192]
	at java.lang.reflect.Method.invoke(Method.java:498) ~[?:1.8.0_192]
	at org.springframework.util.ReflectionUtils.invokeMethod(ReflectionUtils.java:279) ~[spring-core-5.2.0.RELEASE.jar:5.2.0.RELEASE]
	at org.springframework.util.ReflectionUtils.invokeMethod(ReflectionUtils.java:263) ~[spring-core-5.2.0.RELEASE.jar:5.2.0.RELEASE]
	at com.lud.util.spring.task.TaskService.lambda$runTasks$0(TaskService.java:61) ~[lud-util-spring-1.0-SNAPSHOT.jar:?]
	at java.util.LinkedHashMap.forEach(LinkedHashMap.java:684) ~[?:1.8.0_192]
	at com.lud.util.spring.task.TaskService.runTasks(TaskService.java:56) ~[lud-util-spring-1.0-SNAPSHOT.jar:?]
	at com.lud.util.spring.task.TaskService.runTask(TaskService.java:75) ~[lud-util-spring-1.0-SNAPSHOT.jar:?]
	at sun.reflect.NativeMethodAccessorImpl.invoke0(Native Method) ~[?:1.8.0_192]
	at sun.reflect.NativeMethodAccessorImpl.invoke(NativeMethodAccessorImpl.java:62) ~[?:1.8.0_192]
	at sun.reflect.DelegatingMethodAccessorImpl.invoke(DelegatingMethodAccessorImpl.java:43) ~[?:1.8.0_192]
	at java.lang.reflect.Method.invoke(Method.java:498) ~[?:1.8.0_192]
	at org.springframework.scheduling.support.ScheduledMethodRunnable.run(ScheduledMethodRunnable.java:84) ~[spring-context-5.2.0.RELEASE.jar:5.2.0.RELEASE]
	at org.springframework.scheduling.support.DelegatingErrorHandlingRunnable.run(DelegatingErrorHandlingRunnable.java:54) [spring-context-5.2.0.RELEASE.jar:5.2.0.RELEASE]
	at java.util.concurrent.Executors$RunnableAdapter.call(Executors.java:511) [?:1.8.0_192]
	at java.util.concurrent.FutureTask.runAndReset(FutureTask.java:308) [?:1.8.0_192]
	at java.util.concurrent.ScheduledThreadPoolExecutor$ScheduledFutureTask.access$301(ScheduledThreadPoolExecutor.java:180) [?:1.8.0_192]
	at java.util.concurrent.ScheduledThreadPoolExecutor$ScheduledFutureTask.run(ScheduledThreadPoolExecutor.java:294) [?:1.8.0_192]
	at java.util.concurrent.ThreadPoolExecutor.runWorker(ThreadPoolExecutor.java:1149) [?:1.8.0_192]
	at java.util.concurrent.ThreadPoolExecutor$Worker.run(ThreadPoolExecutor.java:624) [?:1.8.0_192]
	at java.lang.Thread.run(Thread.java:748) [?:1.8.0_192]
[11:44:33:266] [ERROR] - org.springframework.scheduling.support.TaskUtils$LoggingErrorHandler.handleError(TaskUtils.java:95) - Unexpected error occurred in scheduled task
org.apache.dubbo.rpc.RpcException: No provider available from registry 127.0.0.1:3579 for service com.lud.service.open.api.swjtu.teacher.TeacherAPI on consumer 192.168.0.186 use dubbo version 2.7.3, please check status of providers(disabled, not registered or in blacklist).
	at org.apache.dubbo.registry.integration.RegistryDirectory.doList(RegistryDirectory.java:567) ~[dubbo-2.7.3.jar:2.7.3]
	at org.apache.dubbo.rpc.cluster.directory.AbstractDirectory.list(AbstractDirectory.java:85) ~[dubbo-2.7.3.jar:2.7.3]
	at org.apache.dubbo.rpc.cluster.support.AbstractClusterInvoker.list(AbstractClusterInvoker.java:280) ~[dubbo-2.7.3.jar:2.7.3]
	at org.apache.dubbo.rpc.cluster.support.AbstractClusterInvoker.invoke(AbstractClusterInvoker.java:245) ~[dubbo-2.7.3.jar:2.7.3]
	at org.apache.dubbo.rpc.cluster.support.wrapper.MockClusterInvoker.invoke(MockClusterInvoker.java:78) ~[dubbo-2.7.3.jar:2.7.3]
	at org.apache.dubbo.rpc.proxy.InvokerInvocationHandler.invoke(InvokerInvocationHandler.java:55) ~[dubbo-2.7.3.jar:2.7.3]
	at org.apache.dubbo.common.bytecode.proxy1.getTeacherList(proxy1.java) ~[dubbo-2.7.3.jar:2.7.3]
	at sun.reflect.NativeMethodAccessorImpl.invoke0(Native Method) ~[?:1.8.0_192]
	at sun.reflect.NativeMethodAccessorImpl.invoke(NativeMethodAccessorImpl.java:62) ~[?:1.8.0_192]
	at sun.reflect.DelegatingMethodAccessorImpl.invoke(DelegatingMethodAccessorImpl.java:43) ~[?:1.8.0_192]
	at java.lang.reflect.Method.invoke(Method.java:498) ~[?:1.8.0_192]
	at org.apache.dubbo.config.spring.beans.factory.annotation.ReferenceAnnotationBeanPostProcessor$ReferenceBeanInvocationHandler.invoke(ReferenceAnnotationBeanPostProcessor.java:260) ~[dubbo-2.7.3.jar:2.7.3]
	at com.sun.proxy.$Proxy47.getTeacherList(Unknown Source) ~[?:?]
	at com.lud.service.smartcampus.service.teacher.TeacherServiceImp.run(TeacherServiceImp.java:58) ~[classes/:?]
	at sun.reflect.NativeMethodAccessorImpl.invoke0(Native Method) ~[?:1.8.0_192]
	at sun.reflect.NativeMethodAccessorImpl.invoke(NativeMethodAccessorImpl.java:62) ~[?:1.8.0_192]
	at sun.reflect.DelegatingMethodAccessorImpl.invoke(DelegatingMethodAccessorImpl.java:43) ~[?:1.8.0_192]
	at java.lang.reflect.Method.invoke(Method.java:498) ~[?:1.8.0_192]
	at org.springframework.util.ReflectionUtils.invokeMethod(ReflectionUtils.java:279) ~[spring-core-5.2.0.RELEASE.jar:5.2.0.RELEASE]
	at org.springframework.util.ReflectionUtils.invokeMethod(ReflectionUtils.java:263) ~[spring-core-5.2.0.RELEASE.jar:5.2.0.RELEASE]
	at com.lud.util.spring.task.TaskService.lambda$runTasks$0(TaskService.java:61) ~[lud-util-spring-1.0-SNAPSHOT.jar:?]
	at java.util.LinkedHashMap.forEach(LinkedHashMap.java:684) ~[?:1.8.0_192]
	at com.lud.util.spring.task.TaskService.runTasks(TaskService.java:56) ~[lud-util-spring-1.0-SNAPSHOT.jar:?]
	at com.lud.util.spring.task.TaskService.runTask(TaskService.java:75) ~[lud-util-spring-1.0-SNAPSHOT.jar:?]
	at sun.reflect.NativeMethodAccessorImpl.invoke0(Native Method) ~[?:1.8.0_192]
	at sun.reflect.NativeMethodAccessorImpl.invoke(NativeMethodAccessorImpl.java:62) ~[?:1.8.0_192]
	at sun.reflect.DelegatingMethodAccessorImpl.invoke(DelegatingMethodAccessorImpl.java:43) ~[?:1.8.0_192]
	at java.lang.reflect.Method.invoke(Method.java:498) ~[?:1.8.0_192]
	at org.springframework.scheduling.support.ScheduledMethodRunnable.run(ScheduledMethodRunnable.java:84) ~[spring-context-5.2.0.RELEASE.jar:5.2.0.RELEASE]
	at org.springframework.scheduling.support.DelegatingErrorHandlingRunnable.run(DelegatingErrorHandlingRunnable.java:54) [spring-context-5.2.0.RELEASE.jar:5.2.0.RELEASE]
	at java.util.concurrent.Executors$RunnableAdapter.call(Executors.java:511) [?:1.8.0_192]
	at java.util.concurrent.FutureTask.runAndReset(FutureTask.java:308) [?:1.8.0_192]
	at java.util.concurrent.ScheduledThreadPoolExecutor$ScheduledFutureTask.access$301(ScheduledThreadPoolExecutor.java:180) [?:1.8.0_192]
	at java.util.concurrent.ScheduledThreadPoolExecutor$ScheduledFutureTask.run(ScheduledThreadPoolExecutor.java:294) [?:1.8.0_192]
	at java.util.concurrent.ThreadPoolExecutor.runWorker(ThreadPoolExecutor.java:1149) [?:1.8.0_192]
	at java.util.concurrent.ThreadPoolExecutor$Worker.run(ThreadPoolExecutor.java:624) [?:1.8.0_192]
	at java.lang.Thread.run(Thread.java:748) [?:1.8.0_192]
[11:45:13:919] [ERROR] - org.springframework.scheduling.support.TaskUtils$LoggingErrorHandler.handleError(TaskUtils.java:95) - Unexpected error occurred in scheduled task
org.apache.dubbo.rpc.RpcException: No provider available from registry 127.0.0.1:3579 for service com.lud.service.open.api.swjtu.teacher.TeacherAPI on consumer 192.168.0.186 use dubbo version 2.7.3, please check status of providers(disabled, not registered or in blacklist).
	at org.apache.dubbo.registry.integration.RegistryDirectory.doList(RegistryDirectory.java:567) ~[dubbo-2.7.3.jar:2.7.3]
	at org.apache.dubbo.rpc.cluster.directory.AbstractDirectory.list(AbstractDirectory.java:85) ~[dubbo-2.7.3.jar:2.7.3]
	at org.apache.dubbo.rpc.cluster.support.AbstractClusterInvoker.list(AbstractClusterInvoker.java:280) ~[dubbo-2.7.3.jar:2.7.3]
	at org.apache.dubbo.rpc.cluster.support.AbstractClusterInvoker.invoke(AbstractClusterInvoker.java:245) ~[dubbo-2.7.3.jar:2.7.3]
	at org.apache.dubbo.rpc.cluster.support.wrapper.MockClusterInvoker.invoke(MockClusterInvoker.java:78) ~[dubbo-2.7.3.jar:2.7.3]
	at org.apache.dubbo.rpc.proxy.InvokerInvocationHandler.invoke(InvokerInvocationHandler.java:55) ~[dubbo-2.7.3.jar:2.7.3]
	at org.apache.dubbo.common.bytecode.proxy1.getTeacherList(proxy1.java) ~[dubbo-2.7.3.jar:2.7.3]
	at sun.reflect.NativeMethodAccessorImpl.invoke0(Native Method) ~[?:1.8.0_192]
	at sun.reflect.NativeMethodAccessorImpl.invoke(NativeMethodAccessorImpl.java:62) ~[?:1.8.0_192]
	at sun.reflect.DelegatingMethodAccessorImpl.invoke(DelegatingMethodAccessorImpl.java:43) ~[?:1.8.0_192]
	at java.lang.reflect.Method.invoke(Method.java:498) ~[?:1.8.0_192]
	at org.apache.dubbo.config.spring.beans.factory.annotation.ReferenceAnnotationBeanPostProcessor$ReferenceBeanInvocationHandler.invoke(ReferenceAnnotationBeanPostProcessor.java:260) ~[dubbo-2.7.3.jar:2.7.3]
	at com.sun.proxy.$Proxy47.getTeacherList(Unknown Source) ~[?:?]
	at com.lud.service.smartcampus.service.teacher.TeacherServiceImp.run(TeacherServiceImp.java:58) ~[classes/:?]
	at sun.reflect.NativeMethodAccessorImpl.invoke0(Native Method) ~[?:1.8.0_192]
	at sun.reflect.NativeMethodAccessorImpl.invoke(NativeMethodAccessorImpl.java:62) ~[?:1.8.0_192]
	at sun.reflect.DelegatingMethodAccessorImpl.invoke(DelegatingMethodAccessorImpl.java:43) ~[?:1.8.0_192]
	at java.lang.reflect.Method.invoke(Method.java:498) ~[?:1.8.0_192]
	at org.springframework.util.ReflectionUtils.invokeMethod(ReflectionUtils.java:279) ~[spring-core-5.2.0.RELEASE.jar:5.2.0.RELEASE]
	at org.springframework.util.ReflectionUtils.invokeMethod(ReflectionUtils.java:263) ~[spring-core-5.2.0.RELEASE.jar:5.2.0.RELEASE]
	at com.lud.util.spring.task.TaskService.lambda$runTasks$0(TaskService.java:61) ~[lud-util-spring-1.0-SNAPSHOT.jar:?]
	at java.util.LinkedHashMap.forEach(LinkedHashMap.java:684) ~[?:1.8.0_192]
	at com.lud.util.spring.task.TaskService.runTasks(TaskService.java:56) ~[lud-util-spring-1.0-SNAPSHOT.jar:?]
	at com.lud.util.spring.task.TaskService.runTask(TaskService.java:75) ~[lud-util-spring-1.0-SNAPSHOT.jar:?]
	at sun.reflect.NativeMethodAccessorImpl.invoke0(Native Method) ~[?:1.8.0_192]
	at sun.reflect.NativeMethodAccessorImpl.invoke(NativeMethodAccessorImpl.java:62) ~[?:1.8.0_192]
	at sun.reflect.DelegatingMethodAccessorImpl.invoke(DelegatingMethodAccessorImpl.java:43) ~[?:1.8.0_192]
	at java.lang.reflect.Method.invoke(Method.java:498) ~[?:1.8.0_192]
	at org.springframework.scheduling.support.ScheduledMethodRunnable.run(ScheduledMethodRunnable.java:84) ~[spring-context-5.2.0.RELEASE.jar:5.2.0.RELEASE]
	at org.springframework.scheduling.support.DelegatingErrorHandlingRunnable.run(DelegatingErrorHandlingRunnable.java:54) [spring-context-5.2.0.RELEASE.jar:5.2.0.RELEASE]
	at java.util.concurrent.Executors$RunnableAdapter.call(Executors.java:511) [?:1.8.0_192]
	at java.util.concurrent.FutureTask.runAndReset(FutureTask.java:308) [?:1.8.0_192]
	at java.util.concurrent.ScheduledThreadPoolExecutor$ScheduledFutureTask.access$301(ScheduledThreadPoolExecutor.java:180) [?:1.8.0_192]
	at java.util.concurrent.ScheduledThreadPoolExecutor$ScheduledFutureTask.run(ScheduledThreadPoolExecutor.java:294) [?:1.8.0_192]
	at java.util.concurrent.ThreadPoolExecutor.runWorker(ThreadPoolExecutor.java:1149) [?:1.8.0_192]
	at java.util.concurrent.ThreadPoolExecutor$Worker.run(ThreadPoolExecutor.java:624) [?:1.8.0_192]
	at java.lang.Thread.run(Thread.java:748) [?:1.8.0_192]
