[10:35:25:392] [INFO] - com.lud.util.comm.runtime.RuntimeCounter.count(RuntimeCounter.java:50) - TEST:DATAQUERY:CODE(nes.region.china):耗时:60ms
[10:35:25:419] [INFO] - com.lud.util.comm.runtime.RuntimeCounter.count(RuntimeCounter.java:50) - TEST:DATAQUERY:CODE(nes.person.servicemen):耗时:27ms
[10:35:25:441] [INFO] - com.lud.util.comm.runtime.RuntimeCounter.count(RuntimeCounter.java:50) - TEST:DATAQUERY:CODE(iac.dev.digit):耗时:21ms
[10:35:25:473] [INFO] - com.lud.util.comm.runtime.RuntimeCounter.count(RuntimeCounter.java:50) - TEST:DATAQUERYF:CODE(nes.region.china):耗时:30ms
[10:35:25:496] [INFO] - com.lud.util.comm.runtime.RuntimeCounter.count(RuntimeCounter.java:50) - TEST:DATAQUERYF:CODE(nes.person.servicemen):耗时:23ms
[10:35:25:531] [INFO] - com.lud.util.comm.runtime.RuntimeCounter.count(RuntimeCounter.java:50) - TEST:DATAQUERYF:CODE(iac.dev.digit):耗时:24ms
[10:35:25:543] [INFO] - com.lud.util.comm.runtime.RuntimeCounter.count(RuntimeCounter.java:50) - TEST:CodeService:CODE(nes.region.china):耗时:10ms
[10:35:25:558] [INFO] - com.lud.util.comm.runtime.RuntimeCounter.count(RuntimeCounter.java:50) - TEST:CodeService:CODE(nes.person.servicemen):耗时:14ms
[10:35:25:565] [INFO] - com.lud.util.comm.runtime.RuntimeCounter.count(RuntimeCounter.java:50) - TEST:CodeService:CODE(iac.dev.digit):耗时:7ms
[10:35:25:579] [INFO] - com.lud.util.comm.runtime.RuntimeCounter.count(RuntimeCounter.java:50) - TEST:CodeService:CODE(nes.region.china):耗时:13ms
[10:35:25:595] [INFO] - com.lud.util.comm.runtime.RuntimeCounter.count(RuntimeCounter.java:50) - TEST:CodeService:CODE(nes.person.servicemen):耗时:15ms
[10:35:25:610] [INFO] - com.lud.util.comm.runtime.RuntimeCounter.count(RuntimeCounter.java:50) - TEST:CodeService:CODE(iac.dev.digit):耗时:15ms
[10:35:25:807] [INFO] - com.lud.util.comm.runtime.RuntimeCounter.count(RuntimeCounter.java:50) - 计算：耗时:89ms
[10:36:12:021] [INFO] - com.lud.util.comm.runtime.RuntimeCounter.count(RuntimeCounter.java:50) - TEST:DATAQUERY:CODE(nes.region.china):耗时:22ms
[10:36:12:051] [INFO] - com.lud.util.comm.runtime.RuntimeCounter.count(RuntimeCounter.java:50) - TEST:DATAQUERY:CODE(nes.person.servicemen):耗时:29ms
[10:36:12:082] [INFO] - com.lud.util.comm.runtime.RuntimeCounter.count(RuntimeCounter.java:50) - TEST:DATAQUERY:CODE(iac.dev.digit):耗时:28ms
[10:36:12:111] [INFO] - com.lud.util.comm.runtime.RuntimeCounter.count(RuntimeCounter.java:50) - TEST:DATAQUERYF:CODE(nes.region.china):耗时:25ms
[10:36:12:137] [INFO] - com.lud.util.comm.runtime.RuntimeCounter.count(RuntimeCounter.java:50) - TEST:DATAQUERYF:CODE(nes.person.servicemen):耗时:26ms
[10:36:12:172] [INFO] - com.lud.util.comm.runtime.RuntimeCounter.count(RuntimeCounter.java:50) - TEST:DATAQUERYF:CODE(iac.dev.digit):耗时:32ms
[10:36:12:181] [INFO] - com.lud.util.comm.runtime.RuntimeCounter.count(RuntimeCounter.java:50) - TEST:CodeService:CODE(nes.region.china):耗时:8ms
[10:36:12:196] [INFO] - com.lud.util.comm.runtime.RuntimeCounter.count(RuntimeCounter.java:50) - TEST:CodeService:CODE(nes.person.servicemen):耗时:15ms
[10:36:12:203] [INFO] - com.lud.util.comm.runtime.RuntimeCounter.count(RuntimeCounter.java:50) - TEST:CodeService:CODE(iac.dev.digit):耗时:7ms
[10:36:12:215] [INFO] - com.lud.util.comm.runtime.RuntimeCounter.count(RuntimeCounter.java:50) - TEST:CodeService:CODE(nes.region.china):耗时:11ms
[10:36:12:227] [INFO] - com.lud.util.comm.runtime.RuntimeCounter.count(RuntimeCounter.java:50) - TEST:CodeService:CODE(nes.person.servicemen):耗时:10ms
[10:36:12:240] [INFO] - com.lud.util.comm.runtime.RuntimeCounter.count(RuntimeCounter.java:50) - TEST:CodeService:CODE(iac.dev.digit):耗时:12ms
[10:36:12:428] [INFO] - com.lud.util.comm.runtime.RuntimeCounter.count(RuntimeCounter.java:50) - 计算：耗时:67ms
