[18:57:56:115] [ERROR] - com.lud.service.core.redis.RedisServiceImp.hmset(RedisServiceImp.java:282) - redis.clients.jedis.exceptions.JedisExhaustedPoolException: Could not get a resource since the pool is exhausted
[18:57:56:116] [ERROR] - com.lud.service.core.redis.RedisServiceImp.hmsset(RedisServiceImp.java:302) - redis.clients.jedis.exceptions.JedisExhaustedPoolException: Could not get a resource since the pool is exhausted
[18:57:56:116] [ERROR] - com.lud.service.core.redis.RedisServiceImp.hget(RedisServiceImp.java:210) - redis.clients.jedis.exceptions.JedisExhaustedPoolException: Could not get a resource since the pool is exhausted
[18:57:56:120] [ERROR] - com.lud.util.comm.io.XML.<init>(XML.java:67) - 构建XML模型出现错误
org.dom4j.DocumentException: \lud-resource (拒绝访问。)
	at org.dom4j.io.SAXReader.read(SAXReader.java:252) ~[dom4j-2.1.0.jar:?]
	at com.lud.util.comm.io.XML.<init>(XML.java:64) ~[lud-util-comm-1.0-SNAPSHOT.jar:?]
	at com.lud.util.comm.io.XMLUtil.resolveRootConfigByGroup(XMLUtil.java:77) ~[lud-util-comm-1.0-SNAPSHOT.jar:?]
	at com.lud.service.core.config.ResourceServiceImp.resolveMessage(ResourceServiceImp.java:109) ~[classes/:?]
	at com.lud.service.core.config.ResourceServiceImp.run(ResourceServiceImp.java:53) ~[classes/:?]
	at sun.reflect.NativeMethodAccessorImpl.invoke0(Native Method) ~[?:1.8.0_192]
	at sun.reflect.NativeMethodAccessorImpl.invoke(NativeMethodAccessorImpl.java:62) ~[?:1.8.0_192]
	at sun.reflect.DelegatingMethodAccessorImpl.invoke(DelegatingMethodAccessorImpl.java:43) ~[?:1.8.0_192]
	at java.lang.reflect.Method.invoke(Method.java:498) ~[?:1.8.0_192]
	at org.springframework.util.ReflectionUtils.invokeMethod(ReflectionUtils.java:279) ~[spring-core-5.2.0.RELEASE.jar:5.2.0.RELEASE]
	at org.springframework.util.ReflectionUtils.invokeMethod(ReflectionUtils.java:263) ~[spring-core-5.2.0.RELEASE.jar:5.2.0.RELEASE]
	at com.lud.util.spring.util.SpringServiceInvoker.lambda$run$0(SpringServiceInvoker.java:86) ~[lud-util-spring-1.0-SNAPSHOT.jar:?]
	at java.util.ArrayList.forEach(ArrayList.java:1257) ~[?:1.8.0_192]
	at com.lud.util.spring.util.SpringServiceInvoker.run(SpringServiceInvoker.java:82) ~[lud-util-spring-1.0-SNAPSHOT.jar:?]
	at com.lud.util.spring.util.SpringPreloadService.runPreload(SpringPreloadService.java:70) ~[lud-util-spring-1.0-SNAPSHOT.jar:?]
	at com.lud.util.spring.util.SpringContextReger.setApplicationContext(SpringContextReger.java:46) ~[lud-util-spring-1.0-SNAPSHOT.jar:?]
	at org.springframework.context.support.ApplicationContextAwareProcessor.invokeAwareInterfaces(ApplicationContextAwareProcessor.java:123) ~[spring-context-5.2.0.RELEASE.jar:5.2.0.RELEASE]
	at org.springframework.context.support.ApplicationContextAwareProcessor.postProcessBeforeInitialization(ApplicationContextAwareProcessor.java:100) ~[spring-context-5.2.0.RELEASE.jar:5.2.0.RELEASE]
	at org.springframework.beans.factory.support.AbstractAutowireCapableBeanFactory.applyBeanPostProcessorsBeforeInitialization(AbstractAutowireCapableBeanFactory.java:416) ~[spring-beans-5.2.0.RELEASE.jar:5.2.0.RELEASE]
	at org.springframework.beans.factory.support.AbstractAutowireCapableBeanFactory.initializeBean(AbstractAutowireCapableBeanFactory.java:1795) ~[spring-beans-5.2.0.RELEASE.jar:5.2.0.RELEASE]
	at org.springframework.beans.factory.support.AbstractAutowireCapableBeanFactory.doCreateBean(AbstractAutowireCapableBeanFactory.java:595) ~[spring-beans-5.2.0.RELEASE.jar:5.2.0.RELEASE]
	at org.springframework.beans.factory.support.AbstractAutowireCapableBeanFactory.createBean(AbstractAutowireCapableBeanFactory.java:517) ~[spring-beans-5.2.0.RELEASE.jar:5.2.0.RELEASE]
	at org.springframework.beans.factory.support.AbstractBeanFactory.lambda$doGetBean$0(AbstractBeanFactory.java:323) ~[spring-beans-5.2.0.RELEASE.jar:5.2.0.RELEASE]
	at org.springframework.beans.factory.support.DefaultSingletonBeanRegistry.getSingleton(DefaultSingletonBeanRegistry.java:222) [spring-beans-5.2.0.RELEASE.jar:5.2.0.RELEASE]
	at org.springframework.beans.factory.support.AbstractBeanFactory.doGetBean(AbstractBeanFactory.java:321) [spring-beans-5.2.0.RELEASE.jar:5.2.0.RELEASE]
	at org.springframework.beans.factory.support.AbstractBeanFactory.getBean(AbstractBeanFactory.java:202) [spring-beans-5.2.0.RELEASE.jar:5.2.0.RELEASE]
	at org.springframework.beans.factory.support.DefaultListableBeanFactory.preInstantiateSingletons(DefaultListableBeanFactory.java:879) [spring-beans-5.2.0.RELEASE.jar:5.2.0.RELEASE]
	at org.springframework.context.support.AbstractApplicationContext.finishBeanFactoryInitialization(AbstractApplicationContext.java:878) [spring-context-5.2.0.RELEASE.jar:5.2.0.RELEASE]
	at org.springframework.context.support.AbstractApplicationContext.refresh(AbstractApplicationContext.java:550) [spring-context-5.2.0.RELEASE.jar:5.2.0.RELEASE]
	at org.springframework.test.context.support.AbstractGenericContextLoader.loadContext(AbstractGenericContextLoader.java:128) [spring-test-5.2.0.RELEASE.jar:5.2.0.RELEASE]
	at org.springframework.test.context.support.AbstractGenericContextLoader.loadContext(AbstractGenericContextLoader.java:60) [spring-test-5.2.0.RELEASE.jar:5.2.0.RELEASE]
	at org.springframework.test.context.support.AbstractDelegatingSmartContextLoader.delegateLoading(AbstractDelegatingSmartContextLoader.java:275) [spring-test-5.2.0.RELEASE.jar:5.2.0.RELEASE]
	at org.springframework.test.context.support.AbstractDelegatingSmartContextLoader.loadContext(AbstractDelegatingSmartContextLoader.java:243) [spring-test-5.2.0.RELEASE.jar:5.2.0.RELEASE]
	at org.springframework.test.context.cache.DefaultCacheAwareContextLoaderDelegate.loadContextInternal(DefaultCacheAwareContextLoaderDelegate.java:99) [spring-test-5.2.0.RELEASE.jar:5.2.0.RELEASE]
	at org.springframework.test.context.cache.DefaultCacheAwareContextLoaderDelegate.loadContext(DefaultCacheAwareContextLoaderDelegate.java:124) [spring-test-5.2.0.RELEASE.jar:5.2.0.RELEASE]
	at org.springframework.test.context.support.DefaultTestContext.getApplicationContext(DefaultTestContext.java:123) [spring-test-5.2.0.RELEASE.jar:5.2.0.RELEASE]
	at org.springframework.test.context.support.DependencyInjectionTestExecutionListener.injectDependencies(DependencyInjectionTestExecutionListener.java:118) [spring-test-5.2.0.RELEASE.jar:5.2.0.RELEASE]
	at org.springframework.test.context.support.DependencyInjectionTestExecutionListener.prepareTestInstance(DependencyInjectionTestExecutionListener.java:83) [spring-test-5.2.0.RELEASE.jar:5.2.0.RELEASE]
	at org.springframework.test.context.TestContextManager.prepareTestInstance(TestContextManager.java:244) [spring-test-5.2.0.RELEASE.jar:5.2.0.RELEASE]
	at org.springframework.test.context.junit4.SpringJUnit4ClassRunner.createTest(SpringJUnit4ClassRunner.java:227) [spring-test-5.2.0.RELEASE.jar:5.2.0.RELEASE]
	at org.springframework.test.context.junit4.SpringJUnit4ClassRunner$1.runReflectiveCall(SpringJUnit4ClassRunner.java:289) [spring-test-5.2.0.RELEASE.jar:5.2.0.RELEASE]
	at org.junit.internal.runners.model.ReflectiveCallable.run(ReflectiveCallable.java:12) [junit-4.12.jar:4.12]
	at org.springframework.test.context.junit4.SpringJUnit4ClassRunner.methodBlock(SpringJUnit4ClassRunner.java:291) [spring-test-5.2.0.RELEASE.jar:5.2.0.RELEASE]
	at org.springframework.test.context.junit4.SpringJUnit4ClassRunner.runChild(SpringJUnit4ClassRunner.java:246) [spring-test-5.2.0.RELEASE.jar:5.2.0.RELEASE]
	at org.springframework.test.context.junit4.SpringJUnit4ClassRunner.runChild(SpringJUnit4ClassRunner.java:97) [spring-test-5.2.0.RELEASE.jar:5.2.0.RELEASE]
	at org.junit.runners.ParentRunner$3.run(ParentRunner.java:290) [junit-4.12.jar:4.12]
	at org.junit.runners.ParentRunner$1.schedule(ParentRunner.java:71) [junit-4.12.jar:4.12]
	at org.junit.runners.ParentRunner.runChildren(ParentRunner.java:288) [junit-4.12.jar:4.12]
	at org.junit.runners.ParentRunner.access$000(ParentRunner.java:58) [junit-4.12.jar:4.12]
	at org.junit.runners.ParentRunner$2.evaluate(ParentRunner.java:268) [junit-4.12.jar:4.12]
	at org.springframework.test.context.junit4.statements.RunBeforeTestClassCallbacks.evaluate(RunBeforeTestClassCallbacks.java:61) [spring-test-5.2.0.RELEASE.jar:5.2.0.RELEASE]
	at org.springframework.test.context.junit4.statements.RunAfterTestClassCallbacks.evaluate(RunAfterTestClassCallbacks.java:70) [spring-test-5.2.0.RELEASE.jar:5.2.0.RELEASE]
	at org.junit.runners.ParentRunner.run(ParentRunner.java:363) [junit-4.12.jar:4.12]
	at org.springframework.test.context.junit4.SpringJUnit4ClassRunner.run(SpringJUnit4ClassRunner.java:190) [spring-test-5.2.0.RELEASE.jar:5.2.0.RELEASE]
	at org.apache.maven.surefire.junit4.JUnit4Provider.execute(JUnit4Provider.java:252) [surefire-junit4-2.12.4.jar:2.12.4]
	at org.apache.maven.surefire.junit4.JUnit4Provider.executeTestSet(JUnit4Provider.java:141) [surefire-junit4-2.12.4.jar:2.12.4]
	at org.apache.maven.surefire.junit4.JUnit4Provider.invoke(JUnit4Provider.java:112) [surefire-junit4-2.12.4.jar:2.12.4]
	at sun.reflect.NativeMethodAccessorImpl.invoke0(Native Method) ~[?:1.8.0_192]
	at sun.reflect.NativeMethodAccessorImpl.invoke(NativeMethodAccessorImpl.java:62) ~[?:1.8.0_192]
	at sun.reflect.DelegatingMethodAccessorImpl.invoke(DelegatingMethodAccessorImpl.java:43) ~[?:1.8.0_192]
	at java.lang.reflect.Method.invoke(Method.java:498) ~[?:1.8.0_192]
	at org.apache.maven.surefire.util.ReflectionUtils.invokeMethodWithArray(ReflectionUtils.java:189) [surefire-api-2.12.4.jar:2.12.4]
	at org.apache.maven.surefire.booter.ProviderFactory$ProviderProxy.invoke(ProviderFactory.java:165) [surefire-booter-2.12.4.jar:2.12.4]
	at org.apache.maven.surefire.booter.ProviderFactory.invokeProvider(ProviderFactory.java:85) [surefire-booter-2.12.4.jar:2.12.4]
	at org.apache.maven.surefire.booter.ForkedBooter.runSuitesInProcess(ForkedBooter.java:115) [surefire-booter-2.12.4.jar:2.12.4]
	at org.apache.maven.surefire.booter.ForkedBooter.main(ForkedBooter.java:75) [surefire-booter-2.12.4.jar:2.12.4]
Caused by: java.io.FileNotFoundException: \lud-resource (拒绝访问。)
	at java.io.FileInputStream.open0(Native Method) ~[?:1.8.0_192]
	at java.io.FileInputStream.open(FileInputStream.java:195) ~[?:1.8.0_192]
	at java.io.FileInputStream.<init>(FileInputStream.java:138) ~[?:1.8.0_192]
	at org.dom4j.io.SAXReader.read(SAXReader.java:229) ~[dom4j-2.1.0.jar:?]
	... 65 more
[18:57:56:129] [ERROR] - com.lud.service.core.redis.RedisServiceImp.hmset(RedisServiceImp.java:282) - redis.clients.jedis.exceptions.JedisExhaustedPoolException: Could not get a resource since the pool is exhausted
[18:57:56:129] [ERROR] - com.lud.service.core.redis.RedisServiceImp.hmsset(RedisServiceImp.java:302) - redis.clients.jedis.exceptions.JedisExhaustedPoolException: Could not get a resource since the pool is exhausted
[18:57:56:129] [ERROR] - com.lud.service.core.redis.RedisServiceImp.hget(RedisServiceImp.java:210) - redis.clients.jedis.exceptions.JedisExhaustedPoolException: Could not get a resource since the pool is exhausted
[18:57:56:130] [ERROR] - com.lud.util.comm.io.XML.<init>(XML.java:67) - 构建XML模型出现错误
org.dom4j.DocumentException: \lud-resource (拒绝访问。)
	at org.dom4j.io.SAXReader.read(SAXReader.java:252) ~[dom4j-2.1.0.jar:?]
	at com.lud.util.comm.io.XML.<init>(XML.java:64) ~[lud-util-comm-1.0-SNAPSHOT.jar:?]
	at com.lud.util.comm.io.XMLUtil.resolveRootConfigByGroup(XMLUtil.java:77) ~[lud-util-comm-1.0-SNAPSHOT.jar:?]
	at com.lud.service.core.config.ResourceServiceImp.resolveError(ResourceServiceImp.java:99) ~[classes/:?]
	at com.lud.service.core.config.ResourceServiceImp.run(ResourceServiceImp.java:54) ~[classes/:?]
	at sun.reflect.NativeMethodAccessorImpl.invoke0(Native Method) ~[?:1.8.0_192]
	at sun.reflect.NativeMethodAccessorImpl.invoke(NativeMethodAccessorImpl.java:62) ~[?:1.8.0_192]
	at sun.reflect.DelegatingMethodAccessorImpl.invoke(DelegatingMethodAccessorImpl.java:43) ~[?:1.8.0_192]
	at java.lang.reflect.Method.invoke(Method.java:498) ~[?:1.8.0_192]
	at org.springframework.util.ReflectionUtils.invokeMethod(ReflectionUtils.java:279) ~[spring-core-5.2.0.RELEASE.jar:5.2.0.RELEASE]
	at org.springframework.util.ReflectionUtils.invokeMethod(ReflectionUtils.java:263) ~[spring-core-5.2.0.RELEASE.jar:5.2.0.RELEASE]
	at com.lud.util.spring.util.SpringServiceInvoker.lambda$run$0(SpringServiceInvoker.java:86) ~[lud-util-spring-1.0-SNAPSHOT.jar:?]
	at java.util.ArrayList.forEach(ArrayList.java:1257) ~[?:1.8.0_192]
	at com.lud.util.spring.util.SpringServiceInvoker.run(SpringServiceInvoker.java:82) ~[lud-util-spring-1.0-SNAPSHOT.jar:?]
	at com.lud.util.spring.util.SpringPreloadService.runPreload(SpringPreloadService.java:70) ~[lud-util-spring-1.0-SNAPSHOT.jar:?]
	at com.lud.util.spring.util.SpringContextReger.setApplicationContext(SpringContextReger.java:46) ~[lud-util-spring-1.0-SNAPSHOT.jar:?]
	at org.springframework.context.support.ApplicationContextAwareProcessor.invokeAwareInterfaces(ApplicationContextAwareProcessor.java:123) ~[spring-context-5.2.0.RELEASE.jar:5.2.0.RELEASE]
	at org.springframework.context.support.ApplicationContextAwareProcessor.postProcessBeforeInitialization(ApplicationContextAwareProcessor.java:100) ~[spring-context-5.2.0.RELEASE.jar:5.2.0.RELEASE]
	at org.springframework.beans.factory.support.AbstractAutowireCapableBeanFactory.applyBeanPostProcessorsBeforeInitialization(AbstractAutowireCapableBeanFactory.java:416) ~[spring-beans-5.2.0.RELEASE.jar:5.2.0.RELEASE]
	at org.springframework.beans.factory.support.AbstractAutowireCapableBeanFactory.initializeBean(AbstractAutowireCapableBeanFactory.java:1795) ~[spring-beans-5.2.0.RELEASE.jar:5.2.0.RELEASE]
	at org.springframework.beans.factory.support.AbstractAutowireCapableBeanFactory.doCreateBean(AbstractAutowireCapableBeanFactory.java:595) ~[spring-beans-5.2.0.RELEASE.jar:5.2.0.RELEASE]
	at org.springframework.beans.factory.support.AbstractAutowireCapableBeanFactory.createBean(AbstractAutowireCapableBeanFactory.java:517) ~[spring-beans-5.2.0.RELEASE.jar:5.2.0.RELEASE]
	at org.springframework.beans.factory.support.AbstractBeanFactory.lambda$doGetBean$0(AbstractBeanFactory.java:323) ~[spring-beans-5.2.0.RELEASE.jar:5.2.0.RELEASE]
	at org.springframework.beans.factory.support.DefaultSingletonBeanRegistry.getSingleton(DefaultSingletonBeanRegistry.java:222) [spring-beans-5.2.0.RELEASE.jar:5.2.0.RELEASE]
	at org.springframework.beans.factory.support.AbstractBeanFactory.doGetBean(AbstractBeanFactory.java:321) [spring-beans-5.2.0.RELEASE.jar:5.2.0.RELEASE]
	at org.springframework.beans.factory.support.AbstractBeanFactory.getBean(AbstractBeanFactory.java:202) [spring-beans-5.2.0.RELEASE.jar:5.2.0.RELEASE]
	at org.springframework.beans.factory.support.DefaultListableBeanFactory.preInstantiateSingletons(DefaultListableBeanFactory.java:879) [spring-beans-5.2.0.RELEASE.jar:5.2.0.RELEASE]
	at org.springframework.context.support.AbstractApplicationContext.finishBeanFactoryInitialization(AbstractApplicationContext.java:878) [spring-context-5.2.0.RELEASE.jar:5.2.0.RELEASE]
	at org.springframework.context.support.AbstractApplicationContext.refresh(AbstractApplicationContext.java:550) [spring-context-5.2.0.RELEASE.jar:5.2.0.RELEASE]
	at org.springframework.test.context.support.AbstractGenericContextLoader.loadContext(AbstractGenericContextLoader.java:128) [spring-test-5.2.0.RELEASE.jar:5.2.0.RELEASE]
	at org.springframework.test.context.support.AbstractGenericContextLoader.loadContext(AbstractGenericContextLoader.java:60) [spring-test-5.2.0.RELEASE.jar:5.2.0.RELEASE]
	at org.springframework.test.context.support.AbstractDelegatingSmartContextLoader.delegateLoading(AbstractDelegatingSmartContextLoader.java:275) [spring-test-5.2.0.RELEASE.jar:5.2.0.RELEASE]
	at org.springframework.test.context.support.AbstractDelegatingSmartContextLoader.loadContext(AbstractDelegatingSmartContextLoader.java:243) [spring-test-5.2.0.RELEASE.jar:5.2.0.RELEASE]
	at org.springframework.test.context.cache.DefaultCacheAwareContextLoaderDelegate.loadContextInternal(DefaultCacheAwareContextLoaderDelegate.java:99) [spring-test-5.2.0.RELEASE.jar:5.2.0.RELEASE]
	at org.springframework.test.context.cache.DefaultCacheAwareContextLoaderDelegate.loadContext(DefaultCacheAwareContextLoaderDelegate.java:124) [spring-test-5.2.0.RELEASE.jar:5.2.0.RELEASE]
	at org.springframework.test.context.support.DefaultTestContext.getApplicationContext(DefaultTestContext.java:123) [spring-test-5.2.0.RELEASE.jar:5.2.0.RELEASE]
	at org.springframework.test.context.support.DependencyInjectionTestExecutionListener.injectDependencies(DependencyInjectionTestExecutionListener.java:118) [spring-test-5.2.0.RELEASE.jar:5.2.0.RELEASE]
	at org.springframework.test.context.support.DependencyInjectionTestExecutionListener.prepareTestInstance(DependencyInjectionTestExecutionListener.java:83) [spring-test-5.2.0.RELEASE.jar:5.2.0.RELEASE]
	at org.springframework.test.context.TestContextManager.prepareTestInstance(TestContextManager.java:244) [spring-test-5.2.0.RELEASE.jar:5.2.0.RELEASE]
	at org.springframework.test.context.junit4.SpringJUnit4ClassRunner.createTest(SpringJUnit4ClassRunner.java:227) [spring-test-5.2.0.RELEASE.jar:5.2.0.RELEASE]
	at org.springframework.test.context.junit4.SpringJUnit4ClassRunner$1.runReflectiveCall(SpringJUnit4ClassRunner.java:289) [spring-test-5.2.0.RELEASE.jar:5.2.0.RELEASE]
	at org.junit.internal.runners.model.ReflectiveCallable.run(ReflectiveCallable.java:12) [junit-4.12.jar:4.12]
	at org.springframework.test.context.junit4.SpringJUnit4ClassRunner.methodBlock(SpringJUnit4ClassRunner.java:291) [spring-test-5.2.0.RELEASE.jar:5.2.0.RELEASE]
	at org.springframework.test.context.junit4.SpringJUnit4ClassRunner.runChild(SpringJUnit4ClassRunner.java:246) [spring-test-5.2.0.RELEASE.jar:5.2.0.RELEASE]
	at org.springframework.test.context.junit4.SpringJUnit4ClassRunner.runChild(SpringJUnit4ClassRunner.java:97) [spring-test-5.2.0.RELEASE.jar:5.2.0.RELEASE]
	at org.junit.runners.ParentRunner$3.run(ParentRunner.java:290) [junit-4.12.jar:4.12]
	at org.junit.runners.ParentRunner$1.schedule(ParentRunner.java:71) [junit-4.12.jar:4.12]
	at org.junit.runners.ParentRunner.runChildren(ParentRunner.java:288) [junit-4.12.jar:4.12]
	at org.junit.runners.ParentRunner.access$000(ParentRunner.java:58) [junit-4.12.jar:4.12]
	at org.junit.runners.ParentRunner$2.evaluate(ParentRunner.java:268) [junit-4.12.jar:4.12]
	at org.springframework.test.context.junit4.statements.RunBeforeTestClassCallbacks.evaluate(RunBeforeTestClassCallbacks.java:61) [spring-test-5.2.0.RELEASE.jar:5.2.0.RELEASE]
	at org.springframework.test.context.junit4.statements.RunAfterTestClassCallbacks.evaluate(RunAfterTestClassCallbacks.java:70) [spring-test-5.2.0.RELEASE.jar:5.2.0.RELEASE]
	at org.junit.runners.ParentRunner.run(ParentRunner.java:363) [junit-4.12.jar:4.12]
	at org.springframework.test.context.junit4.SpringJUnit4ClassRunner.run(SpringJUnit4ClassRunner.java:190) [spring-test-5.2.0.RELEASE.jar:5.2.0.RELEASE]
	at org.apache.maven.surefire.junit4.JUnit4Provider.execute(JUnit4Provider.java:252) [surefire-junit4-2.12.4.jar:2.12.4]
	at org.apache.maven.surefire.junit4.JUnit4Provider.executeTestSet(JUnit4Provider.java:141) [surefire-junit4-2.12.4.jar:2.12.4]
	at org.apache.maven.surefire.junit4.JUnit4Provider.invoke(JUnit4Provider.java:112) [surefire-junit4-2.12.4.jar:2.12.4]
	at sun.reflect.NativeMethodAccessorImpl.invoke0(Native Method) ~[?:1.8.0_192]
	at sun.reflect.NativeMethodAccessorImpl.invoke(NativeMethodAccessorImpl.java:62) ~[?:1.8.0_192]
	at sun.reflect.DelegatingMethodAccessorImpl.invoke(DelegatingMethodAccessorImpl.java:43) ~[?:1.8.0_192]
	at java.lang.reflect.Method.invoke(Method.java:498) ~[?:1.8.0_192]
	at org.apache.maven.surefire.util.ReflectionUtils.invokeMethodWithArray(ReflectionUtils.java:189) [surefire-api-2.12.4.jar:2.12.4]
	at org.apache.maven.surefire.booter.ProviderFactory$ProviderProxy.invoke(ProviderFactory.java:165) [surefire-booter-2.12.4.jar:2.12.4]
	at org.apache.maven.surefire.booter.ProviderFactory.invokeProvider(ProviderFactory.java:85) [surefire-booter-2.12.4.jar:2.12.4]
	at org.apache.maven.surefire.booter.ForkedBooter.runSuitesInProcess(ForkedBooter.java:115) [surefire-booter-2.12.4.jar:2.12.4]
	at org.apache.maven.surefire.booter.ForkedBooter.main(ForkedBooter.java:75) [surefire-booter-2.12.4.jar:2.12.4]
Caused by: java.io.FileNotFoundException: \lud-resource (拒绝访问。)
	at java.io.FileInputStream.open0(Native Method) ~[?:1.8.0_192]
	at java.io.FileInputStream.open(FileInputStream.java:195) ~[?:1.8.0_192]
	at java.io.FileInputStream.<init>(FileInputStream.java:138) ~[?:1.8.0_192]
	at org.dom4j.io.SAXReader.read(SAXReader.java:229) ~[dom4j-2.1.0.jar:?]
	... 65 more
[18:57:56:135] [ERROR] - com.lud.service.core.redis.RedisServiceImp.hmset(RedisServiceImp.java:282) - redis.clients.jedis.exceptions.JedisExhaustedPoolException: Could not get a resource since the pool is exhausted
[18:57:56:135] [ERROR] - com.lud.service.core.redis.RedisServiceImp.hmsset(RedisServiceImp.java:302) - redis.clients.jedis.exceptions.JedisExhaustedPoolException: Could not get a resource since the pool is exhausted
[18:57:56:136] [ERROR] - com.lud.service.core.redis.RedisServiceImp.hget(RedisServiceImp.java:210) - redis.clients.jedis.exceptions.JedisExhaustedPoolException: Could not get a resource since the pool is exhausted
[18:57:56:138] [ERROR] - com.lud.service.core.redis.RedisServiceImp.hget(RedisServiceImp.java:210) - redis.clients.jedis.exceptions.JedisExhaustedPoolException: Could not get a resource since the pool is exhausted
[18:57:56:618] [ERROR] - com.lud.service.core.redis.RedisServiceImp.hset(RedisServiceImp.java:321) - redis.clients.jedis.exceptions.JedisExhaustedPoolException: Could not get a resource since the pool is exhausted
[18:58:04:546] [ERROR] - com.lud.service.core.redis.RedisServiceImp.hmset(RedisServiceImp.java:282) - redis.clients.jedis.exceptions.JedisExhaustedPoolException: Could not get a resource since the pool is exhausted
[18:58:04:547] [ERROR] - com.lud.service.core.redis.RedisServiceImp.hmsset(RedisServiceImp.java:302) - redis.clients.jedis.exceptions.JedisExhaustedPoolException: Could not get a resource since the pool is exhausted
[18:58:04:548] [ERROR] - com.lud.service.core.redis.RedisServiceImp.hget(RedisServiceImp.java:210) - redis.clients.jedis.exceptions.JedisExhaustedPoolException: Could not get a resource since the pool is exhausted
[18:58:04:549] [ERROR] - com.lud.util.comm.io.XML.<init>(XML.java:67) - 构建XML模型出现错误
org.dom4j.DocumentException: \lud-resource (拒绝访问。)
	at org.dom4j.io.SAXReader.read(SAXReader.java:252) ~[dom4j-2.1.0.jar:?]
	at com.lud.util.comm.io.XML.<init>(XML.java:64) [lud-util-comm-1.0-SNAPSHOT.jar:?]
	at com.lud.util.comm.io.XMLUtil.resolveRootConfigByGroup(XMLUtil.java:77) [lud-util-comm-1.0-SNAPSHOT.jar:?]
	at com.lud.service.core.config.ResourceServiceImp.resolveMessage(ResourceServiceImp.java:109) [classes/:?]
	at com.lud.service.core.config.ResourceServiceImp.run(ResourceServiceImp.java:53) [classes/:?]
	at com.lud.test.service.core.config.ResourceServiceTest.test(ResourceServiceTest.java:39) [test-classes/:?]
	at sun.reflect.NativeMethodAccessorImpl.invoke0(Native Method) ~[?:1.8.0_192]
	at sun.reflect.NativeMethodAccessorImpl.invoke(NativeMethodAccessorImpl.java:62) ~[?:1.8.0_192]
	at sun.reflect.DelegatingMethodAccessorImpl.invoke(DelegatingMethodAccessorImpl.java:43) ~[?:1.8.0_192]
	at java.lang.reflect.Method.invoke(Method.java:498) ~[?:1.8.0_192]
	at org.junit.runners.model.FrameworkMethod$1.runReflectiveCall(FrameworkMethod.java:50) [junit-4.12.jar:4.12]
	at org.junit.internal.runners.model.ReflectiveCallable.run(ReflectiveCallable.java:12) [junit-4.12.jar:4.12]
	at org.junit.runners.model.FrameworkMethod.invokeExplosively(FrameworkMethod.java:47) [junit-4.12.jar:4.12]
	at org.junit.internal.runners.statements.InvokeMethod.evaluate(InvokeMethod.java:17) [junit-4.12.jar:4.12]
	at org.springframework.test.context.junit4.statements.RunBeforeTestExecutionCallbacks.evaluate(RunBeforeTestExecutionCallbacks.java:74) [spring-test-5.2.0.RELEASE.jar:5.2.0.RELEASE]
	at org.springframework.test.context.junit4.statements.RunAfterTestExecutionCallbacks.evaluate(RunAfterTestExecutionCallbacks.java:84) [spring-test-5.2.0.RELEASE.jar:5.2.0.RELEASE]
	at org.springframework.test.context.junit4.statements.RunBeforeTestMethodCallbacks.evaluate(RunBeforeTestMethodCallbacks.java:75) [spring-test-5.2.0.RELEASE.jar:5.2.0.RELEASE]
	at org.springframework.test.context.junit4.statements.RunAfterTestMethodCallbacks.evaluate(RunAfterTestMethodCallbacks.java:86) [spring-test-5.2.0.RELEASE.jar:5.2.0.RELEASE]
	at org.springframework.test.context.junit4.statements.SpringRepeat.evaluate(SpringRepeat.java:84) [spring-test-5.2.0.RELEASE.jar:5.2.0.RELEASE]
	at org.junit.runners.ParentRunner.runLeaf(ParentRunner.java:325) [junit-4.12.jar:4.12]
	at org.springframework.test.context.junit4.SpringJUnit4ClassRunner.runChild(SpringJUnit4ClassRunner.java:251) [spring-test-5.2.0.RELEASE.jar:5.2.0.RELEASE]
	at org.springframework.test.context.junit4.SpringJUnit4ClassRunner.runChild(SpringJUnit4ClassRunner.java:97) [spring-test-5.2.0.RELEASE.jar:5.2.0.RELEASE]
	at org.junit.runners.ParentRunner$3.run(ParentRunner.java:290) [junit-4.12.jar:4.12]
	at org.junit.runners.ParentRunner$1.schedule(ParentRunner.java:71) [junit-4.12.jar:4.12]
	at org.junit.runners.ParentRunner.runChildren(ParentRunner.java:288) [junit-4.12.jar:4.12]
	at org.junit.runners.ParentRunner.access$000(ParentRunner.java:58) [junit-4.12.jar:4.12]
	at org.junit.runners.ParentRunner$2.evaluate(ParentRunner.java:268) [junit-4.12.jar:4.12]
	at org.springframework.test.context.junit4.statements.RunBeforeTestClassCallbacks.evaluate(RunBeforeTestClassCallbacks.java:61) [spring-test-5.2.0.RELEASE.jar:5.2.0.RELEASE]
	at org.springframework.test.context.junit4.statements.RunAfterTestClassCallbacks.evaluate(RunAfterTestClassCallbacks.java:70) [spring-test-5.2.0.RELEASE.jar:5.2.0.RELEASE]
	at org.junit.runners.ParentRunner.run(ParentRunner.java:363) [junit-4.12.jar:4.12]
	at org.springframework.test.context.junit4.SpringJUnit4ClassRunner.run(SpringJUnit4ClassRunner.java:190) [spring-test-5.2.0.RELEASE.jar:5.2.0.RELEASE]
	at org.apache.maven.surefire.junit4.JUnit4Provider.execute(JUnit4Provider.java:252) [surefire-junit4-2.12.4.jar:2.12.4]
	at org.apache.maven.surefire.junit4.JUnit4Provider.executeTestSet(JUnit4Provider.java:141) [surefire-junit4-2.12.4.jar:2.12.4]
	at org.apache.maven.surefire.junit4.JUnit4Provider.invoke(JUnit4Provider.java:112) [surefire-junit4-2.12.4.jar:2.12.4]
	at sun.reflect.NativeMethodAccessorImpl.invoke0(Native Method) ~[?:1.8.0_192]
	at sun.reflect.NativeMethodAccessorImpl.invoke(NativeMethodAccessorImpl.java:62) ~[?:1.8.0_192]
	at sun.reflect.DelegatingMethodAccessorImpl.invoke(DelegatingMethodAccessorImpl.java:43) ~[?:1.8.0_192]
	at java.lang.reflect.Method.invoke(Method.java:498) ~[?:1.8.0_192]
	at org.apache.maven.surefire.util.ReflectionUtils.invokeMethodWithArray(ReflectionUtils.java:189) [surefire-api-2.12.4.jar:2.12.4]
	at org.apache.maven.surefire.booter.ProviderFactory$ProviderProxy.invoke(ProviderFactory.java:165) [surefire-booter-2.12.4.jar:2.12.4]
	at org.apache.maven.surefire.booter.ProviderFactory.invokeProvider(ProviderFactory.java:85) [surefire-booter-2.12.4.jar:2.12.4]
	at org.apache.maven.surefire.booter.ForkedBooter.runSuitesInProcess(ForkedBooter.java:115) [surefire-booter-2.12.4.jar:2.12.4]
	at org.apache.maven.surefire.booter.ForkedBooter.main(ForkedBooter.java:75) [surefire-booter-2.12.4.jar:2.12.4]
Caused by: java.io.FileNotFoundException: \lud-resource (拒绝访问。)
	at java.io.FileInputStream.open0(Native Method) ~[?:1.8.0_192]
	at java.io.FileInputStream.open(FileInputStream.java:195) ~[?:1.8.0_192]
	at java.io.FileInputStream.<init>(FileInputStream.java:138) ~[?:1.8.0_192]
	at org.dom4j.io.SAXReader.read(SAXReader.java:229) ~[dom4j-2.1.0.jar:?]
	... 42 more
[18:58:04:554] [ERROR] - com.lud.service.core.redis.RedisServiceImp.hmset(RedisServiceImp.java:282) - redis.clients.jedis.exceptions.JedisExhaustedPoolException: Could not get a resource since the pool is exhausted
[18:58:04:554] [ERROR] - com.lud.service.core.redis.RedisServiceImp.hmsset(RedisServiceImp.java:302) - redis.clients.jedis.exceptions.JedisExhaustedPoolException: Could not get a resource since the pool is exhausted
[18:58:04:554] [ERROR] - com.lud.service.core.redis.RedisServiceImp.hget(RedisServiceImp.java:210) - redis.clients.jedis.exceptions.JedisExhaustedPoolException: Could not get a resource since the pool is exhausted
[18:58:04:555] [ERROR] - com.lud.util.comm.io.XML.<init>(XML.java:67) - 构建XML模型出现错误
org.dom4j.DocumentException: \lud-resource (拒绝访问。)
	at org.dom4j.io.SAXReader.read(SAXReader.java:252) ~[dom4j-2.1.0.jar:?]
	at com.lud.util.comm.io.XML.<init>(XML.java:64) [lud-util-comm-1.0-SNAPSHOT.jar:?]
	at com.lud.util.comm.io.XMLUtil.resolveRootConfigByGroup(XMLUtil.java:77) [lud-util-comm-1.0-SNAPSHOT.jar:?]
	at com.lud.service.core.config.ResourceServiceImp.resolveError(ResourceServiceImp.java:99) [classes/:?]
	at com.lud.service.core.config.ResourceServiceImp.run(ResourceServiceImp.java:54) [classes/:?]
	at com.lud.test.service.core.config.ResourceServiceTest.test(ResourceServiceTest.java:39) [test-classes/:?]
	at sun.reflect.NativeMethodAccessorImpl.invoke0(Native Method) ~[?:1.8.0_192]
	at sun.reflect.NativeMethodAccessorImpl.invoke(NativeMethodAccessorImpl.java:62) ~[?:1.8.0_192]
	at sun.reflect.DelegatingMethodAccessorImpl.invoke(DelegatingMethodAccessorImpl.java:43) ~[?:1.8.0_192]
	at java.lang.reflect.Method.invoke(Method.java:498) ~[?:1.8.0_192]
	at org.junit.runners.model.FrameworkMethod$1.runReflectiveCall(FrameworkMethod.java:50) [junit-4.12.jar:4.12]
	at org.junit.internal.runners.model.ReflectiveCallable.run(ReflectiveCallable.java:12) [junit-4.12.jar:4.12]
	at org.junit.runners.model.FrameworkMethod.invokeExplosively(FrameworkMethod.java:47) [junit-4.12.jar:4.12]
	at org.junit.internal.runners.statements.InvokeMethod.evaluate(InvokeMethod.java:17) [junit-4.12.jar:4.12]
	at org.springframework.test.context.junit4.statements.RunBeforeTestExecutionCallbacks.evaluate(RunBeforeTestExecutionCallbacks.java:74) [spring-test-5.2.0.RELEASE.jar:5.2.0.RELEASE]
	at org.springframework.test.context.junit4.statements.RunAfterTestExecutionCallbacks.evaluate(RunAfterTestExecutionCallbacks.java:84) [spring-test-5.2.0.RELEASE.jar:5.2.0.RELEASE]
	at org.springframework.test.context.junit4.statements.RunBeforeTestMethodCallbacks.evaluate(RunBeforeTestMethodCallbacks.java:75) [spring-test-5.2.0.RELEASE.jar:5.2.0.RELEASE]
	at org.springframework.test.context.junit4.statements.RunAfterTestMethodCallbacks.evaluate(RunAfterTestMethodCallbacks.java:86) [spring-test-5.2.0.RELEASE.jar:5.2.0.RELEASE]
	at org.springframework.test.context.junit4.statements.SpringRepeat.evaluate(SpringRepeat.java:84) [spring-test-5.2.0.RELEASE.jar:5.2.0.RELEASE]
	at org.junit.runners.ParentRunner.runLeaf(ParentRunner.java:325) [junit-4.12.jar:4.12]
	at org.springframework.test.context.junit4.SpringJUnit4ClassRunner.runChild(SpringJUnit4ClassRunner.java:251) [spring-test-5.2.0.RELEASE.jar:5.2.0.RELEASE]
	at org.springframework.test.context.junit4.SpringJUnit4ClassRunner.runChild(SpringJUnit4ClassRunner.java:97) [spring-test-5.2.0.RELEASE.jar:5.2.0.RELEASE]
	at org.junit.runners.ParentRunner$3.run(ParentRunner.java:290) [junit-4.12.jar:4.12]
	at org.junit.runners.ParentRunner$1.schedule(ParentRunner.java:71) [junit-4.12.jar:4.12]
	at org.junit.runners.ParentRunner.runChildren(ParentRunner.java:288) [junit-4.12.jar:4.12]
	at org.junit.runners.ParentRunner.access$000(ParentRunner.java:58) [junit-4.12.jar:4.12]
	at org.junit.runners.ParentRunner$2.evaluate(ParentRunner.java:268) [junit-4.12.jar:4.12]
	at org.springframework.test.context.junit4.statements.RunBeforeTestClassCallbacks.evaluate(RunBeforeTestClassCallbacks.java:61) [spring-test-5.2.0.RELEASE.jar:5.2.0.RELEASE]
	at org.springframework.test.context.junit4.statements.RunAfterTestClassCallbacks.evaluate(RunAfterTestClassCallbacks.java:70) [spring-test-5.2.0.RELEASE.jar:5.2.0.RELEASE]
	at org.junit.runners.ParentRunner.run(ParentRunner.java:363) [junit-4.12.jar:4.12]
	at org.springframework.test.context.junit4.SpringJUnit4ClassRunner.run(SpringJUnit4ClassRunner.java:190) [spring-test-5.2.0.RELEASE.jar:5.2.0.RELEASE]
	at org.apache.maven.surefire.junit4.JUnit4Provider.execute(JUnit4Provider.java:252) [surefire-junit4-2.12.4.jar:2.12.4]
	at org.apache.maven.surefire.junit4.JUnit4Provider.executeTestSet(JUnit4Provider.java:141) [surefire-junit4-2.12.4.jar:2.12.4]
	at org.apache.maven.surefire.junit4.JUnit4Provider.invoke(JUnit4Provider.java:112) [surefire-junit4-2.12.4.jar:2.12.4]
	at sun.reflect.NativeMethodAccessorImpl.invoke0(Native Method) ~[?:1.8.0_192]
	at sun.reflect.NativeMethodAccessorImpl.invoke(NativeMethodAccessorImpl.java:62) ~[?:1.8.0_192]
	at sun.reflect.DelegatingMethodAccessorImpl.invoke(DelegatingMethodAccessorImpl.java:43) ~[?:1.8.0_192]
	at java.lang.reflect.Method.invoke(Method.java:498) ~[?:1.8.0_192]
	at org.apache.maven.surefire.util.ReflectionUtils.invokeMethodWithArray(ReflectionUtils.java:189) [surefire-api-2.12.4.jar:2.12.4]
	at org.apache.maven.surefire.booter.ProviderFactory$ProviderProxy.invoke(ProviderFactory.java:165) [surefire-booter-2.12.4.jar:2.12.4]
	at org.apache.maven.surefire.booter.ProviderFactory.invokeProvider(ProviderFactory.java:85) [surefire-booter-2.12.4.jar:2.12.4]
	at org.apache.maven.surefire.booter.ForkedBooter.runSuitesInProcess(ForkedBooter.java:115) [surefire-booter-2.12.4.jar:2.12.4]
	at org.apache.maven.surefire.booter.ForkedBooter.main(ForkedBooter.java:75) [surefire-booter-2.12.4.jar:2.12.4]
Caused by: java.io.FileNotFoundException: \lud-resource (拒绝访问。)
	at java.io.FileInputStream.open0(Native Method) ~[?:1.8.0_192]
	at java.io.FileInputStream.open(FileInputStream.java:195) ~[?:1.8.0_192]
	at java.io.FileInputStream.<init>(FileInputStream.java:138) ~[?:1.8.0_192]
	at org.dom4j.io.SAXReader.read(SAXReader.java:229) ~[dom4j-2.1.0.jar:?]
	... 42 more
[18:58:04:568] [ERROR] - com.lud.service.core.redis.RedisServiceImp.hmset(RedisServiceImp.java:282) - redis.clients.jedis.exceptions.JedisExhaustedPoolException: Could not get a resource since the pool is exhausted
[18:58:04:568] [ERROR] - com.lud.service.core.redis.RedisServiceImp.hmsset(RedisServiceImp.java:302) - redis.clients.jedis.exceptions.JedisExhaustedPoolException: Could not get a resource since the pool is exhausted
[18:58:04:637] [ERROR] - com.lud.service.core.redis.RedisServiceImp.hget(RedisServiceImp.java:210) - redis.clients.jedis.exceptions.JedisExhaustedPoolException: Could not get a resource since the pool is exhausted
[18:58:04:650] [ERROR] - com.lud.service.core.redis.RedisServiceImp.hget(RedisServiceImp.java:210) - redis.clients.jedis.exceptions.JedisExhaustedPoolException: Could not get a resource since the pool is exhausted
[18:58:04:650] [ERROR] - com.lud.service.core.redis.RedisServiceImp.hget(RedisServiceImp.java:210) - redis.clients.jedis.exceptions.JedisExhaustedPoolException: Could not get a resource since the pool is exhausted
[18:58:04:651] [ERROR] - com.lud.service.core.redis.RedisServiceImp.hget(RedisServiceImp.java:210) - redis.clients.jedis.exceptions.JedisExhaustedPoolException: Could not get a resource since the pool is exhausted
[18:58:04:651] [ERROR] - com.lud.service.core.redis.RedisServiceImp.hget(RedisServiceImp.java:210) - redis.clients.jedis.exceptions.JedisExhaustedPoolException: Could not get a resource since the pool is exhausted
[18:58:04:651] [ERROR] - com.lud.service.core.redis.RedisServiceImp.hget(RedisServiceImp.java:210) - redis.clients.jedis.exceptions.JedisExhaustedPoolException: Could not get a resource since the pool is exhausted
[18:58:04:652] [ERROR] - com.lud.service.core.redis.RedisServiceImp.hget(RedisServiceImp.java:210) - redis.clients.jedis.exceptions.JedisExhaustedPoolException: Could not get a resource since the pool is exhausted
[18:58:04:652] [ERROR] - com.lud.service.core.redis.RedisServiceImp.hget(RedisServiceImp.java:210) - redis.clients.jedis.exceptions.JedisExhaustedPoolException: Could not get a resource since the pool is exhausted
[18:58:04:652] [ERROR] - com.lud.service.core.redis.RedisServiceImp.hget(RedisServiceImp.java:210) - redis.clients.jedis.exceptions.JedisExhaustedPoolException: Could not get a resource since the pool is exhausted
[18:58:04:653] [ERROR] - com.lud.service.core.redis.RedisServiceImp.hget(RedisServiceImp.java:210) - redis.clients.jedis.exceptions.JedisExhaustedPoolException: Could not get a resource since the pool is exhausted
[18:58:04:653] [ERROR] - com.lud.service.core.redis.RedisServiceImp.hget(RedisServiceImp.java:210) - redis.clients.jedis.exceptions.JedisExhaustedPoolException: Could not get a resource since the pool is exhausted
[18:58:04:662] [ERROR] - com.lud.service.core.redis.RedisServiceImp.hget(RedisServiceImp.java:210) - redis.clients.jedis.exceptions.JedisExhaustedPoolException: Could not get a resource since the pool is exhausted
[18:58:04:710] [ERROR] - com.lud.service.core.redis.RedisServiceImp.hget(RedisServiceImp.java:210) - redis.clients.jedis.exceptions.JedisExhaustedPoolException: Could not get a resource since the pool is exhausted
[18:58:04:710] [ERROR] - com.lud.service.core.redis.RedisServiceImp.hget(RedisServiceImp.java:210) - redis.clients.jedis.exceptions.JedisExhaustedPoolException: Could not get a resource since the pool is exhausted
[18:58:04:711] [ERROR] - com.lud.service.core.redis.RedisServiceImp.hget(RedisServiceImp.java:210) - redis.clients.jedis.exceptions.JedisExhaustedPoolException: Could not get a resource since the pool is exhausted
[18:58:04:712] [ERROR] - com.lud.util.comm.io.XML.<init>(XML.java:67) - 构建XML模型出现错误
org.dom4j.DocumentException: \lud-resource (拒绝访问。)
	at org.dom4j.io.SAXReader.read(SAXReader.java:252) ~[dom4j-2.1.0.jar:?]
	at com.lud.util.comm.io.XML.<init>(XML.java:64) [lud-util-comm-1.0-SNAPSHOT.jar:?]
	at com.lud.util.comm.io.XMLUtil.resolveConfig(XMLUtil.java:59) [lud-util-comm-1.0-SNAPSHOT.jar:?]
	at com.lud.util.comm.io.XMLUtil.resolveConfig(XMLUtil.java:46) [lud-util-comm-1.0-SNAPSHOT.jar:?]
	at com.lud.service.core.mongo.MongoServerManager.getMongoConfig(MongoServerManager.java:108) [classes/:?]
	at com.lud.service.core.mongo.MongoServerManager.getMongoClient(MongoServerManager.java:89) [classes/:?]
	at com.lud.service.core.mongo.MongoServiceImp.getDataBaseList(MongoServiceImp.java:163) [classes/:?]
	at com.lud.test.service.core.mongo.MongoServiceTest.test(MongoServiceTest.java:49) [test-classes/:?]
	at sun.reflect.NativeMethodAccessorImpl.invoke0(Native Method) ~[?:1.8.0_192]
	at sun.reflect.NativeMethodAccessorImpl.invoke(NativeMethodAccessorImpl.java:62) ~[?:1.8.0_192]
	at sun.reflect.DelegatingMethodAccessorImpl.invoke(DelegatingMethodAccessorImpl.java:43) ~[?:1.8.0_192]
	at java.lang.reflect.Method.invoke(Method.java:498) ~[?:1.8.0_192]
	at org.junit.runners.model.FrameworkMethod$1.runReflectiveCall(FrameworkMethod.java:50) [junit-4.12.jar:4.12]
	at org.junit.internal.runners.model.ReflectiveCallable.run(ReflectiveCallable.java:12) [junit-4.12.jar:4.12]
	at org.junit.runners.model.FrameworkMethod.invokeExplosively(FrameworkMethod.java:47) [junit-4.12.jar:4.12]
	at org.junit.internal.runners.statements.InvokeMethod.evaluate(InvokeMethod.java:17) [junit-4.12.jar:4.12]
	at org.springframework.test.context.junit4.statements.RunBeforeTestExecutionCallbacks.evaluate(RunBeforeTestExecutionCallbacks.java:74) [spring-test-5.2.0.RELEASE.jar:5.2.0.RELEASE]
	at org.springframework.test.context.junit4.statements.RunAfterTestExecutionCallbacks.evaluate(RunAfterTestExecutionCallbacks.java:84) [spring-test-5.2.0.RELEASE.jar:5.2.0.RELEASE]
	at org.springframework.test.context.junit4.statements.RunBeforeTestMethodCallbacks.evaluate(RunBeforeTestMethodCallbacks.java:75) [spring-test-5.2.0.RELEASE.jar:5.2.0.RELEASE]
	at org.springframework.test.context.junit4.statements.RunAfterTestMethodCallbacks.evaluate(RunAfterTestMethodCallbacks.java:86) [spring-test-5.2.0.RELEASE.jar:5.2.0.RELEASE]
	at org.springframework.test.context.junit4.statements.SpringRepeat.evaluate(SpringRepeat.java:84) [spring-test-5.2.0.RELEASE.jar:5.2.0.RELEASE]
	at org.junit.runners.ParentRunner.runLeaf(ParentRunner.java:325) [junit-4.12.jar:4.12]
	at org.springframework.test.context.junit4.SpringJUnit4ClassRunner.runChild(SpringJUnit4ClassRunner.java:251) [spring-test-5.2.0.RELEASE.jar:5.2.0.RELEASE]
	at org.springframework.test.context.junit4.SpringJUnit4ClassRunner.runChild(SpringJUnit4ClassRunner.java:97) [spring-test-5.2.0.RELEASE.jar:5.2.0.RELEASE]
	at org.junit.runners.ParentRunner$3.run(ParentRunner.java:290) [junit-4.12.jar:4.12]
	at org.junit.runners.ParentRunner$1.schedule(ParentRunner.java:71) [junit-4.12.jar:4.12]
	at org.junit.runners.ParentRunner.runChildren(ParentRunner.java:288) [junit-4.12.jar:4.12]
	at org.junit.runners.ParentRunner.access$000(ParentRunner.java:58) [junit-4.12.jar:4.12]
	at org.junit.runners.ParentRunner$2.evaluate(ParentRunner.java:268) [junit-4.12.jar:4.12]
	at org.springframework.test.context.junit4.statements.RunBeforeTestClassCallbacks.evaluate(RunBeforeTestClassCallbacks.java:61) [spring-test-5.2.0.RELEASE.jar:5.2.0.RELEASE]
	at org.springframework.test.context.junit4.statements.RunAfterTestClassCallbacks.evaluate(RunAfterTestClassCallbacks.java:70) [spring-test-5.2.0.RELEASE.jar:5.2.0.RELEASE]
	at org.junit.runners.ParentRunner.run(ParentRunner.java:363) [junit-4.12.jar:4.12]
	at org.springframework.test.context.junit4.SpringJUnit4ClassRunner.run(SpringJUnit4ClassRunner.java:190) [spring-test-5.2.0.RELEASE.jar:5.2.0.RELEASE]
	at org.apache.maven.surefire.junit4.JUnit4Provider.execute(JUnit4Provider.java:252) [surefire-junit4-2.12.4.jar:2.12.4]
	at org.apache.maven.surefire.junit4.JUnit4Provider.executeTestSet(JUnit4Provider.java:141) [surefire-junit4-2.12.4.jar:2.12.4]
	at org.apache.maven.surefire.junit4.JUnit4Provider.invoke(JUnit4Provider.java:112) [surefire-junit4-2.12.4.jar:2.12.4]
	at sun.reflect.NativeMethodAccessorImpl.invoke0(Native Method) ~[?:1.8.0_192]
	at sun.reflect.NativeMethodAccessorImpl.invoke(NativeMethodAccessorImpl.java:62) ~[?:1.8.0_192]
	at sun.reflect.DelegatingMethodAccessorImpl.invoke(DelegatingMethodAccessorImpl.java:43) ~[?:1.8.0_192]
	at java.lang.reflect.Method.invoke(Method.java:498) ~[?:1.8.0_192]
	at org.apache.maven.surefire.util.ReflectionUtils.invokeMethodWithArray(ReflectionUtils.java:189) [surefire-api-2.12.4.jar:2.12.4]
	at org.apache.maven.surefire.booter.ProviderFactory$ProviderProxy.invoke(ProviderFactory.java:165) [surefire-booter-2.12.4.jar:2.12.4]
	at org.apache.maven.surefire.booter.ProviderFactory.invokeProvider(ProviderFactory.java:85) [surefire-booter-2.12.4.jar:2.12.4]
	at org.apache.maven.surefire.booter.ForkedBooter.runSuitesInProcess(ForkedBooter.java:115) [surefire-booter-2.12.4.jar:2.12.4]
	at org.apache.maven.surefire.booter.ForkedBooter.main(ForkedBooter.java:75) [surefire-booter-2.12.4.jar:2.12.4]
Caused by: java.io.FileNotFoundException: \lud-resource (拒绝访问。)
	at java.io.FileInputStream.open0(Native Method) ~[?:1.8.0_192]
	at java.io.FileInputStream.open(FileInputStream.java:195) ~[?:1.8.0_192]
	at java.io.FileInputStream.<init>(FileInputStream.java:138) ~[?:1.8.0_192]
	at org.dom4j.io.SAXReader.read(SAXReader.java:229) ~[dom4j-2.1.0.jar:?]
	... 44 more
[18:58:07:268] [ERROR] - com.lud.service.core.redis.RedisServiceImp.hget(RedisServiceImp.java:210) - redis.clients.jedis.exceptions.JedisExhaustedPoolException: Could not get a resource since the pool is exhausted
[18:58:07:269] [ERROR] - com.lud.service.core.mongo.MongoServiceImp.getDataBaseList(MongoServiceImp.java:172) - ERROR[1001.0001]java.lang.IllegalArgumentException: state should be: connectionPerHost must be > 0
[18:58:07:270] [ERROR] - com.lud.service.core.redis.RedisServiceImp.hget(RedisServiceImp.java:210) - redis.clients.jedis.exceptions.JedisExhaustedPoolException: Could not get a resource since the pool is exhausted
[18:58:07:270] [ERROR] - com.lud.service.core.mongo.MongoServiceImp.getCollection(MongoServiceImp.java:120) - ERROR[1001.0006]java.lang.IllegalArgumentException: state should be: connectionPerHost must be > 0
[18:58:07:270] [ERROR] - com.lud.service.core.redis.RedisServiceImp.hget(RedisServiceImp.java:210) - redis.clients.jedis.exceptions.JedisExhaustedPoolException: Could not get a resource since the pool is exhausted
[18:58:07:271] [ERROR] - com.lud.service.core.mongo.MongoServiceImp.getCollections(MongoServiceImp.java:148) - ERROR[1001.0005]java.lang.IllegalArgumentException: state should be: connectionPerHost must be > 0
[18:58:07:271] [ERROR] - com.lud.service.core.redis.RedisServiceImp.hget(RedisServiceImp.java:210) - redis.clients.jedis.exceptions.JedisExhaustedPoolException: Could not get a resource since the pool is exhausted
[18:58:07:272] [ERROR] - com.lud.service.core.mongo.MongoServiceImp.getDBInfo(MongoServiceImp.java:211) - ERROR[1001.0001]java.lang.IllegalArgumentException: state should be: connectionPerHost must be > 0
[18:58:07:290] [ERROR] - com.lud.service.core.redis.RedisServiceImp.set(RedisServiceImp.java:339) - redis.clients.jedis.exceptions.JedisExhaustedPoolException: Could not get a resource since the pool is exhausted
[18:58:07:292] [ERROR] - com.lud.service.core.redis.RedisServiceImp.expire(RedisServiceImp.java:94) - redis.clients.jedis.exceptions.JedisExhaustedPoolException: Could not get a resource since the pool is exhausted
[18:58:07:294] [ERROR] - com.lud.service.core.redis.RedisServiceImp.get(RedisServiceImp.java:111) - redis.clients.jedis.exceptions.JedisExhaustedPoolException: Could not get a resource since the pool is exhausted
[18:58:07:294] [ERROR] - com.lud.service.core.redis.RedisServiceImp.exists(RedisServiceImp.java:76) - redis.clients.jedis.exceptions.JedisExhaustedPoolException: Could not get a resource since the pool is exhausted
[18:58:07:295] [ERROR] - com.lud.service.core.redis.RedisServiceImp.ttl(RedisServiceImp.java:393) - redis.clients.jedis.exceptions.JedisExhaustedPoolException: Could not get a resource since the pool is exhausted
[18:58:07:296] [ERROR] - com.lud.service.core.redis.RedisServiceImp.del(RedisServiceImp.java:59) - redis.clients.jedis.exceptions.JedisExhaustedPoolException: Could not get a resource since the pool is exhausted
[18:58:07:296] [ERROR] - com.lud.service.core.redis.RedisServiceImp.setbit(RedisServiceImp.java:357) - redis.clients.jedis.exceptions.JedisExhaustedPoolException: Could not get a resource since the pool is exhausted
[18:58:07:297] [ERROR] - com.lud.service.core.redis.RedisServiceImp.getbit(RedisServiceImp.java:145) - redis.clients.jedis.exceptions.JedisExhaustedPoolException: Could not get a resource since the pool is exhausted
[18:58:07:297] [ERROR] - com.lud.service.core.redis.RedisServiceImp.del(RedisServiceImp.java:59) - redis.clients.jedis.exceptions.JedisExhaustedPoolException: Could not get a resource since the pool is exhausted
[18:58:07:297] [ERROR] - com.lud.service.core.redis.RedisServiceImp.setrange(RedisServiceImp.java:376) - redis.clients.jedis.exceptions.JedisExhaustedPoolException: Could not get a resource since the pool is exhausted
[18:58:07:298] [ERROR] - com.lud.service.core.redis.RedisServiceImp.getrange(RedisServiceImp.java:164) - redis.clients.jedis.exceptions.JedisExhaustedPoolException: Could not get a resource since the pool is exhausted
[18:58:07:298] [ERROR] - com.lud.service.core.redis.RedisServiceImp.type(RedisServiceImp.java:410) - redis.clients.jedis.exceptions.JedisExhaustedPoolException: Could not get a resource since the pool is exhausted
[18:58:07:298] [ERROR] - com.lud.service.core.redis.RedisServiceImp.del(RedisServiceImp.java:59) - redis.clients.jedis.exceptions.JedisExhaustedPoolException: Could not get a resource since the pool is exhausted
[18:58:07:299] [ERROR] - com.lud.service.core.redis.RedisServiceImp.hmset(RedisServiceImp.java:282) - redis.clients.jedis.exceptions.JedisExhaustedPoolException: Could not get a resource since the pool is exhausted
[18:58:07:299] [ERROR] - com.lud.service.core.redis.RedisServiceImp.hmsset(RedisServiceImp.java:302) - redis.clients.jedis.exceptions.JedisExhaustedPoolException: Could not get a resource since the pool is exhausted
[18:58:07:300] [ERROR] - com.lud.service.core.redis.RedisServiceImp.hset(RedisServiceImp.java:321) - redis.clients.jedis.exceptions.JedisExhaustedPoolException: Could not get a resource since the pool is exhausted
[18:58:07:300] [ERROR] - com.lud.service.core.redis.RedisServiceImp.hset(RedisServiceImp.java:321) - redis.clients.jedis.exceptions.JedisExhaustedPoolException: Could not get a resource since the pool is exhausted
[18:58:07:301] [ERROR] - com.lud.service.core.redis.RedisServiceImp.hget(RedisServiceImp.java:210) - redis.clients.jedis.exceptions.JedisExhaustedPoolException: Could not get a resource since the pool is exhausted
[18:58:07:301] [ERROR] - com.lud.service.core.redis.RedisServiceImp.hincrby(RedisServiceImp.java:229) - redis.clients.jedis.exceptions.JedisExhaustedPoolException: Could not get a resource since the pool is exhausted
[18:58:07:301] [ERROR] - com.lud.service.core.redis.RedisServiceImp.hget(RedisServiceImp.java:210) - redis.clients.jedis.exceptions.JedisExhaustedPoolException: Could not get a resource since the pool is exhausted
[18:58:07:302] [ERROR] - com.lud.service.core.redis.RedisServiceImp.hmget(RedisServiceImp.java:247) - redis.clients.jedis.exceptions.JedisExhaustedPoolException: Could not get a resource since the pool is exhausted
[18:58:07:303] [ERROR] - com.lud.service.core.redis.RedisServiceImp.hmgetAll(RedisServiceImp.java:264) - redis.clients.jedis.exceptions.JedisExhaustedPoolException: Could not get a resource since the pool is exhausted
[18:58:07:310] [ERROR] - com.lud.service.core.redis.RedisServiceImp.hdel(RedisServiceImp.java:182) - redis.clients.jedis.exceptions.JedisExhaustedPoolException: Could not get a resource since the pool is exhausted
[18:58:07:310] [ERROR] - com.lud.service.core.redis.RedisServiceImp.del(RedisServiceImp.java:59) - redis.clients.jedis.exceptions.JedisExhaustedPoolException: Could not get a resource since the pool is exhausted
[18:58:07:311] [ERROR] - com.lud.service.core.redis.RedisServiceImp.getAllKeys(RedisServiceImp.java:128) - redis.clients.jedis.exceptions.JedisExhaustedPoolException: Could not get a resource since the pool is exhausted
[18:58:07:312] [ERROR] - com.lud.service.core.redis.RedisServiceImp.set(RedisServiceImp.java:339) - redis.clients.jedis.exceptions.JedisExhaustedPoolException: Could not get a resource since the pool is exhausted
[18:58:07:314] [ERROR] - com.lud.service.core.redis.RedisServiceImp.expire(RedisServiceImp.java:94) - redis.clients.jedis.exceptions.JedisExhaustedPoolException: Could not get a resource since the pool is exhausted
[18:58:07:315] [ERROR] - com.lud.service.core.redis.RedisServiceImp.del(RedisServiceImp.java:59) - redis.clients.jedis.exceptions.JedisExhaustedPoolException: Could not get a resource since the pool is exhausted
[18:58:07:315] [ERROR] - com.lud.service.core.redis.RedisServiceImp.del(RedisServiceImp.java:59) - redis.clients.jedis.exceptions.JedisExhaustedPoolException: Could not get a resource since the pool is exhausted
[18:58:07:317] [ERROR] - com.lud.service.core.redis.RedisServiceImp.set(RedisServiceImp.java:339) - redis.clients.jedis.exceptions.JedisConnectionException: Could not get a resource from the pool
[18:58:07:317] [ERROR] - com.lud.service.core.redis.RedisServiceImp.expire(RedisServiceImp.java:94) - redis.clients.jedis.exceptions.JedisConnectionException: Could not get a resource from the pool
[18:58:07:318] [ERROR] - com.lud.service.core.redis.RedisServiceImp.get(RedisServiceImp.java:111) - redis.clients.jedis.exceptions.JedisConnectionException: Could not get a resource from the pool
[18:58:07:318] [ERROR] - com.lud.service.core.redis.RedisServiceImp.exists(RedisServiceImp.java:76) - redis.clients.jedis.exceptions.JedisConnectionException: Could not get a resource from the pool
[18:58:07:319] [ERROR] - com.lud.service.core.redis.RedisServiceImp.ttl(RedisServiceImp.java:393) - redis.clients.jedis.exceptions.JedisConnectionException: Could not get a resource from the pool
[18:58:07:320] [ERROR] - com.lud.service.core.redis.RedisServiceImp.del(RedisServiceImp.java:59) - redis.clients.jedis.exceptions.JedisConnectionException: Could not get a resource from the pool
[18:58:07:320] [ERROR] - com.lud.service.core.redis.RedisServiceImp.setbit(RedisServiceImp.java:357) - redis.clients.jedis.exceptions.JedisConnectionException: Could not get a resource from the pool
[18:58:07:325] [ERROR] - com.lud.service.core.redis.RedisServiceImp.getbit(RedisServiceImp.java:145) - redis.clients.jedis.exceptions.JedisConnectionException: Could not get a resource from the pool
[18:58:07:328] [ERROR] - com.lud.service.core.redis.RedisServiceImp.setrange(RedisServiceImp.java:376) - redis.clients.jedis.exceptions.JedisConnectionException: Could not get a resource from the pool
[18:58:07:330] [ERROR] - com.lud.service.core.redis.RedisServiceImp.getrange(RedisServiceImp.java:164) - redis.clients.jedis.exceptions.JedisConnectionException: Could not get a resource from the pool
[18:58:07:331] [ERROR] - com.lud.service.core.redis.RedisServiceImp.type(RedisServiceImp.java:410) - redis.clients.jedis.exceptions.JedisConnectionException: Could not get a resource from the pool
[18:58:07:333] [ERROR] - com.lud.service.core.redis.RedisServiceImp.hmset(RedisServiceImp.java:282) - redis.clients.jedis.exceptions.JedisConnectionException: Could not get a resource from the pool
[18:58:07:333] [ERROR] - com.lud.service.core.redis.RedisServiceImp.hmsset(RedisServiceImp.java:302) - redis.clients.jedis.exceptions.JedisConnectionException: Could not get a resource from the pool
[18:58:07:333] [ERROR] - com.lud.service.core.redis.RedisServiceImp.hset(RedisServiceImp.java:321) - redis.clients.jedis.exceptions.JedisConnectionException: Could not get a resource from the pool
[18:58:07:335] [ERROR] - com.lud.service.core.redis.RedisServiceImp.hset(RedisServiceImp.java:321) - redis.clients.jedis.exceptions.JedisConnectionException: Could not get a resource from the pool
[18:58:07:336] [ERROR] - com.lud.service.core.redis.RedisServiceImp.hget(RedisServiceImp.java:210) - redis.clients.jedis.exceptions.JedisConnectionException: Could not get a resource from the pool
[18:58:07:337] [ERROR] - com.lud.service.core.redis.RedisServiceImp.hincrby(RedisServiceImp.java:229) - redis.clients.jedis.exceptions.JedisConnectionException: Could not get a resource from the pool
[18:58:07:337] [ERROR] - com.lud.service.core.redis.RedisServiceImp.hget(RedisServiceImp.java:210) - redis.clients.jedis.exceptions.JedisConnectionException: Could not get a resource from the pool
[18:58:07:338] [ERROR] - com.lud.service.core.redis.RedisServiceImp.hmget(RedisServiceImp.java:247) - redis.clients.jedis.exceptions.JedisConnectionException: Could not get a resource from the pool
[18:58:07:339] [ERROR] - com.lud.service.core.redis.RedisServiceImp.hmgetAll(RedisServiceImp.java:264) - redis.clients.jedis.exceptions.JedisConnectionException: Could not get a resource from the pool
[18:58:07:341] [ERROR] - com.lud.service.core.redis.RedisServiceImp.hdel(RedisServiceImp.java:182) - redis.clients.jedis.exceptions.JedisConnectionException: Could not get a resource from the pool
[18:58:07:342] [ERROR] - com.lud.service.core.redis.RedisServiceImp.getAllKeys(RedisServiceImp.java:128) - redis.clients.jedis.exceptions.JedisConnectionException: Could not get a resource from the pool
